# JRE version: OpenJDK Runtime Environment Temurin-21.0.10+7 (21.0.10+7) (build 21.0.10+7-LTS)
# Java VM: OpenJDK 64-Bit Server VM Temurin-21.0.10+7 (21.0.10+7-LTS, mixed mode, sharing, tiered, compressed oops, compressed class ptrs, g1 gc, windows-amd64)
GC Precious Log:
 CardTable entry size: 512
 Card Set container configuration: InlinePtr #cards 5 size 8 Array Of Cards #cards 12 size 40 Howl #buckets 4 coarsen threshold 1843 Howl Bitmap #cards 512 size 80 coarsen threshold 460 Card regions per heap region 1 cards per card region 2048
 CPUs: 4 total, 4 available
 Memory: 3862M
 Large Page Support: Disabled
 NUMA Support: Disabled
 Compressed Oops: Enabled (32-bit)
 Heap Region Size: 1M
 Heap Min Capacity: 8M
 Heap Initial Capacity: 62M
 Heap Max Capacity: 1G
 Pre-touch: Disabled
 Parallel Workers: 4
 Concurrent Workers: 1
 Concurrent Refinement Workers: 4
 Periodic GC: Disabled
Heap:
 garbage-first heap   total 111616K, used 93958K [0x00000000c0000000, 0x0000000100000000)
  region size 1024K, 29 young (29696K), 4 survivors (4096K)
 Metaspace       used 67376K, committed 69440K, reserved 491520K
  class space    used 9631K, committed 10624K, reserved 425984K
GC Heap History (20 events):
Event: 39.923 GC heap before
{Heap before GC invocations=27 (full 0):
 garbage-first heap   total 75776K, used 68511K [0x00000000c0000000, 0x0000000100000000)
  region size 1024K, 24 young (24576K), 2 survivors (2048K)
 Metaspace       used 54291K, committed 56128K, reserved 491520K
  class space    used 7913K, committed 8832K, reserved 425984K
}
Event: 39.927 GC heap after
{Heap after GC invocations=28 (full 0):
 garbage-first heap   total 75776K, used 46957K [0x00000000c0000000, 0x0000000100000000)
  region size 1024K, 3 young (3072K), 3 survivors (3072K)
 Metaspace       used 54291K, committed 56128K, reserved 491520K
  class space    used 7913K, committed 8832K, reserved 425984K
}
Event: 43.920 GC heap before
{Heap before GC invocations=28 (full 0):
 garbage-first heap   total 75776K, used 67437K [0x00000000c0000000, 0x0000000100000000)
  region size 1024K, 24 young (24576K), 3 survivors (3072K)
 Metaspace       used 54411K, committed 56320K, reserved 491520K
  class space    used 7913K, committed 8832K, reserved 425984K
}
Event: 43.926 GC heap after
{Heap after GC invocations=29 (full 0):
 garbage-first heap   total 75776K, used 48221K [0x00000000c0000000, 0x0000000100000000)
  region size 1024K, 3 young (3072K), 3 survivors (3072K)
 Metaspace       used 54411K, committed 56320K, reserved 491520K
  class space    used 7913K, committed 8832K, reserved 425984K
}
Event: 47.899 GC heap before
{Heap before GC invocations=30 (full 0):
 garbage-first heap   total 81920K, used 69725K [0x00000000c0000000, 0x0000000100000000)
  region size 1024K, 24 young (24576K), 3 survivors (3072K)
 Metaspace       used 54447K, committed 56320K, reserved 491520K
  class space    used 7913K, committed 8832K, reserved 425984K
}
Event: 47.905 GC heap after
{Heap after GC invocations=31 (full 0):
 garbage-first heap   total 81920K, used 49311K [0x00000000c0000000, 0x0000000100000000)
  region size 1024K, 3 young (3072K), 3 survivors (3072K)
 Metaspace       used 54447K, committed 56320K, reserved 491520K
  class space    used 7913K, committed 8832K, reserved 425984K
}
Event: 52.305 GC heap before
{Heap before GC invocations=31 (full 0):
 garbage-first heap   total 81920K, used 76959K [0x00000000c0000000, 0x0000000100000000)
  region size 1024K, 28 young (28672K), 3 survivors (3072K)
 Metaspace       used 54986K, committed 56832K, reserved 491520K
  class space    used 8004K, committed 8896K, reserved 425984K
}
Event: 52.315 GC heap after
{Heap after GC invocations=32 (full 0):
 garbage-first heap   total 84992K, used 53328K [0x00000000c0000000, 0x0000000100000000)
  region size 1024K, 4 young (4096K), 4 survivors (4096K)
 Metaspace       used 54986K, committed 56832K, reserved 491520K
  class space    used 8004K, committed 8896K, reserved 425984K
}
Event: 52.356 GC heap before
{Heap before GC invocations=32 (full 0):
 garbage-first heap   total 84992K, used 53328K [0x00000000c0000000, 0x0000000100000000)
  region size 1024K, 5 young (5120K), 4 survivors (4096K)
 Metaspace       used 54996K, committed 56896K, reserved 491520K
  class space    used 8005K, committed 8960K, reserved 425984K
}
Event: 52.361 GC heap after
{Heap after GC invocations=33 (full 0):
 garbage-first heap   total 84992K, used 53911K [0x00000000c0000000, 0x0000000100000000)
  region size 1024K, 1 young (1024K), 1 survivors (1024K)
 Metaspace       used 54996K, committed 56896K, reserved 491520K
  class space    used 8005K, committed 8960K, reserved 425984K
}
Event: 53.845 GC heap before
{Heap before GC invocations=34 (full 0):
 garbage-first heap   total 96256K, used 83607K [0x00000000c0000000, 0x0000000100000000)
  region size 1024K, 24 young (24576K), 1 survivors (1024K)
 Metaspace       used 56102K, committed 57984K, reserved 491520K
  class space    used 8127K, committed 9088K, reserved 425984K
}
Event: 53.854 GC heap after
{Heap after GC invocations=35 (full 0):
 garbage-first heap   total 96256K, used 64512K [0x00000000c0000000, 0x0000000100000000)
  region size 1024K, 3 young (3072K), 3 survivors (3072K)
 Metaspace       used 56102K, committed 57984K, reserved 491520K
  class space    used 8127K, committed 9088K, reserved 425984K
}
Event: 55.389 GC heap before
{Heap before GC invocations=35 (full 0):
 garbage-first heap   total 96256K, used 86016K [0x00000000c0000000, 0x0000000100000000)
  region size 1024K, 25 young (25600K), 3 survivors (3072K)
 Metaspace       used 58006K, committed 59968K, reserved 491520K
  class space    used 8331K, committed 9280K, reserved 425984K
}
Event: 55.395 GC heap after
{Heap after GC invocations=36 (full 0):
 garbage-first heap   total 96256K, used 64990K [0x00000000c0000000, 0x0000000100000000)
  region size 1024K, 1 young (1024K), 1 survivors (1024K)
 Metaspace       used 58006K, committed 59968K, reserved 491520K
  class space    used 8331K, committed 9280K, reserved 425984K
}
Event: 56.671 GC heap before
{Heap before GC invocations=36 (full 0):
 garbage-first heap   total 96256K, used 86494K [0x00000000c0000000, 0x0000000100000000)
  region size 1024K, 23 young (23552K), 1 survivors (1024K)
 Metaspace       used 60079K, committed 62016K, reserved 491520K
  class space    used 8574K, committed 9536K, reserved 425984K
}
Event: 56.676 GC heap after
{Heap after GC invocations=37 (full 0):
 garbage-first heap   total 96256K, used 65503K [0x00000000c0000000, 0x0000000100000000)
  region size 1024K, 2 young (2048K), 2 survivors (2048K)
 Metaspace       used 60079K, committed 62016K, reserved 491520K
  class space    used 8574K, committed 9536K, reserved 425984K
}
Event: 57.984 GC heap before
{Heap before GC invocations=38 (full 0):
 garbage-first heap   total 111616K, used 90079K [0x00000000c0000000, 0x0000000100000000)
  region size 1024K, 24 young (24576K), 2 survivors (2048K)
 Metaspace       used 62096K, committed 64128K, reserved 491520K
  class space    used 8926K, committed 9920K, reserved 425984K
}
Event: 57.991 GC heap after
{Heap after GC invocations=39 (full 0):
 garbage-first heap   total 111616K, used 68596K [0x00000000c0000000, 0x0000000100000000)
  region size 1024K, 3 young (3072K), 3 survivors (3072K)
 Metaspace       used 62096K, committed 64128K, reserved 491520K
  class space    used 8926K, committed 9920K, reserved 425984K
}
Event: 59.743 GC heap before
{Heap before GC invocations=39 (full 0):
 garbage-first heap   total 111616K, used 99316K [0x00000000c0000000, 0x0000000100000000)
  region size 1024K, 34 young (34816K), 3 survivors (3072K)
 Metaspace       used 65526K, committed 67584K, reserved 491520K
  class space    used 9373K, committed 10368K, reserved 425984K
}
Event: 59.768 GC heap after
{Heap after GC invocations=40 (full 0):
 garbage-first heap   total 111616K, used 69382K [0x00000000c0000000, 0x0000000100000000)
  region size 1024K, 4 young (4096K), 4 survivors (4096K)
 Metaspace       used 65526K, committed 67584K, reserved 491520K
  class space    used 9373K, committed 10368K, reserved 425984K
}

