# JRE version: OpenJDK Runtime Environment OpenLogic-OpenJDK (22.0.2+9) (build 22.0.2+9-adhoc.Administrator.jdk22u)
# Java VM: OpenJDK 64-Bit Server VM OpenLogic-OpenJDK (22.0.2+9-adhoc.Administrator.jdk22u, mixed mode, sharing, tiered, compressed oops, compressed class ptrs, g1 gc, windows-amd64)
GC Precious Log:
 CardTable entry size: 512
 Card Set container configuration: InlinePtr #cards 5 size 8 Array Of Cards #cards 12 size 40 Howl #buckets 4 coarsen threshold 1843 Howl Bitmap #cards 512 size 80 coarsen threshold 460 Card regions per heap region 1 cards per card region 2048
 CPUs: 4 total, 4 available
 Memory: 3862M
 Large Page Support: Disabled
 NUMA Support: Disabled
 Compressed Oops: Enabled (32-bit)
 Heap Region Size: 1M
 Heap Min Capacity: 8M
 Heap Initial Capacity: 62M
 Heap Max Capacity: 512M
 Pre-touch: Disabled
 Parallel Workers: 4
 Concurrent Workers: 1
 Concurrent Refinement Workers: 4
 Periodic GC: Disabled
Heap:
 garbage-first heap   total reserved 524288K, committed 65536K, used 38704K [0x00000000e0000000, 0x0000000100000000)
  region size 1024K, 3 young (3072K), 2 survivors (2048K)
 Metaspace       used 43205K, committed 45056K, reserved 278528K
  class space    used 6368K, committed 7232K, reserved 212992K
GC Heap History (20 events):
Event: 48.643 GC heap before
{Heap before GC invocations=5 (full 0):
 garbage-first heap   total reserved 524288K, committed 63488K, used 51193K [0x00000000e0000000, 0x0000000100000000)
  region size 1024K, 34 young (34816K), 5 survivors (5120K)
 Metaspace       used 17476K, committed 18048K, reserved 278528K
  class space    used 2412K, committed 2688K, reserved 212992K
}
Event: 48.657 GC heap after
{Heap after GC invocations=6 (full 0):
 garbage-first heap   total reserved 524288K, committed 63488K, used 24349K [0x00000000e0000000, 0x0000000100000000)
  region size 1024K, 2 young (2048K), 2 survivors (2048K)
 Metaspace       used 17476K, committed 18048K, reserved 278528K
  class space    used 2412K, committed 2688K, reserved 212992K
}
Event: 51.975 GC heap before
{Heap before GC invocations=6 (full 0):
 garbage-first heap   total reserved 524288K, committed 63488K, used 46877K [0x00000000e0000000, 0x0000000100000000)
  region size 1024K, 24 young (24576K), 2 survivors (2048K)
 Metaspace       used 20882K, committed 21504K, reserved 278528K
  class space    used 2867K, committed 3136K, reserved 212992K
}
Event: 51.983 GC heap after
{Heap after GC invocations=7 (full 0):
 garbage-first heap   total reserved 524288K, committed 63488K, used 25373K [0x00000000e0000000, 0x0000000100000000)
  region size 1024K, 3 young (3072K), 3 survivors (3072K)
 Metaspace       used 20882K, committed 21504K, reserved 278528K
  class space    used 2867K, committed 3136K, reserved 212992K
}
Event: 55.618 GC heap before
{Heap before GC invocations=8 (full 0):
 garbage-first heap   total reserved 524288K, committed 63488K, used 55069K [0x00000000e0000000, 0x0000000100000000)
  region size 1024K, 32 young (32768K), 3 survivors (3072K)
 Metaspace       used 24527K, committed 25344K, reserved 278528K
  class space    used 3469K, committed 3840K, reserved 212992K
}
Event: 55.629 GC heap after
{Heap after GC invocations=9 (full 0):
 garbage-first heap   total reserved 524288K, committed 63488K, used 27468K [0x00000000e0000000, 0x0000000100000000)
  region size 1024K, 4 young (4096K), 4 survivors (4096K)
 Metaspace       used 24527K, committed 25344K, reserved 278528K
  class space    used 3469K, committed 3840K, reserved 212992K
}
Event: 57.680 GC heap before
{Heap before GC invocations=9 (full 0):
 garbage-first heap   total reserved 524288K, committed 63488K, used 53068K [0x00000000e0000000, 0x0000000100000000)
  region size 1024K, 30 young (30720K), 4 survivors (4096K)
 Metaspace       used 28260K, committed 29248K, reserved 278528K
  class space    used 4046K, committed 4480K, reserved 212992K
}
Event: 57.695 GC heap after
{Heap after GC invocations=10 (full 0):
 garbage-first heap   total reserved 524288K, committed 63488K, used 29571K [0x00000000e0000000, 0x0000000100000000)
  region size 1024K, 4 young (4096K), 4 survivors (4096K)
 Metaspace       used 28260K, committed 29248K, reserved 278528K
  class space    used 4046K, committed 4480K, reserved 212992K
}
Event: 60.213 GC heap before
{Heap before GC invocations=10 (full 0):
 garbage-first heap   total reserved 524288K, committed 63488K, used 54147K [0x00000000e0000000, 0x0000000100000000)
  region size 1024K, 29 young (29696K), 4 survivors (4096K)
 Metaspace       used 31406K, committed 32576K, reserved 278528K
  class space    used 4552K, committed 5120K, reserved 212992K
}
Event: 60.229 GC heap after
{Heap after GC invocations=11 (full 0):
 garbage-first heap   total reserved 524288K, committed 63488K, used 31350K [0x00000000e0000000, 0x0000000100000000)
  region size 1024K, 2 young (2048K), 2 survivors (2048K)
 Metaspace       used 31406K, committed 32576K, reserved 278528K
  class space    used 4552K, committed 5120K, reserved 212992K
}
Event: 62.932 GC heap before
{Heap before GC invocations=11 (full 0):
 garbage-first heap   total reserved 524288K, committed 63488K, used 55926K [0x00000000e0000000, 0x0000000100000000)
  region size 1024K, 26 young (26624K), 2 survivors (2048K)
 Metaspace       used 34011K, committed 35392K, reserved 278528K
  class space    used 5011K, committed 5632K, reserved 212992K
}
Event: 62.939 GC heap after
{Heap after GC invocations=12 (full 0):
 garbage-first heap   total reserved 524288K, committed 63488K, used 32301K [0x00000000e0000000, 0x0000000100000000)
  region size 1024K, 3 young (3072K), 3 survivors (3072K)
 Metaspace       used 34011K, committed 35392K, reserved 278528K
  class space    used 5011K, committed 5632K, reserved 212992K
}
Event: 65.532 GC heap before
{Heap before GC invocations=13 (full 0):
 garbage-first heap   total reserved 524288K, committed 63488K, used 53805K [0x00000000e0000000, 0x0000000100000000)
  region size 1024K, 25 young (25600K), 3 survivors (3072K)
 Metaspace       used 37661K, committed 39104K, reserved 278528K
  class space    used 5458K, committed 6144K, reserved 212992K
}
Event: 65.542 GC heap after
{Heap after GC invocations=14 (full 0):
 garbage-first heap   total reserved 524288K, committed 63488K, used 35048K [0x00000000e0000000, 0x0000000100000000)
  region size 1024K, 4 young (4096K), 4 survivors (4096K)
 Metaspace       used 37661K, committed 39104K, reserved 278528K
  class space    used 5458K, committed 6144K, reserved 212992K
}
Event: 67.350 GC heap before
{Heap before GC invocations=14 (full 0):
 garbage-first heap   total reserved 524288K, committed 63488K, used 54504K [0x00000000e0000000, 0x0000000100000000)
  region size 1024K, 23 young (23552K), 4 survivors (4096K)
 Metaspace       used 39650K, committed 41216K, reserved 278528K
  class space    used 5749K, committed 6528K, reserved 212992K
}
Event: 67.363 GC heap after
{Heap after GC invocations=15 (full 0):
 garbage-first heap   total reserved 524288K, committed 63488K, used 37180K [0x00000000e0000000, 0x0000000100000000)
  region size 1024K, 3 young (3072K), 3 survivors (3072K)
 Metaspace       used 39650K, committed 41216K, reserved 278528K
  class space    used 5749K, committed 6528K, reserved 212992K
}
Event: 68.558 GC heap before
{Heap before GC invocations=15 (full 0):
 garbage-first heap   total reserved 524288K, committed 63488K, used 55612K [0x00000000e0000000, 0x0000000100000000)
  region size 1024K, 21 young (21504K), 3 survivors (3072K)
 Metaspace       used 40540K, committed 42176K, reserved 278528K
  class space    used 5894K, committed 6656K, reserved 212992K
}
Event: 68.565 GC heap after
{Heap after GC invocations=16 (full 0):
 garbage-first heap   total reserved 524288K, committed 63488K, used 37848K [0x00000000e0000000, 0x0000000100000000)
  region size 1024K, 1 young (1024K), 1 survivors (1024K)
 Metaspace       used 40540K, committed 42176K, reserved 278528K
  class space    used 5894K, committed 6656K, reserved 212992K
}
Event: 69.233 GC heap before
{Heap before GC invocations=17 (full 0):
 garbage-first heap   total reserved 524288K, committed 65536K, used 57304K [0x00000000e0000000, 0x0000000100000000)
  region size 1024K, 20 young (20480K), 1 survivors (1024K)
 Metaspace       used 40789K, committed 42432K, reserved 278528K
  class space    used 5942K, committed 6720K, reserved 212992K
}
Event: 69.237 GC heap after
{Heap after GC invocations=18 (full 0):
 garbage-first heap   total reserved 524288K, committed 65536K, used 38189K [0x00000000e0000000, 0x0000000100000000)
  region size 1024K, 1 young (1024K), 1 survivors (1024K)
 Metaspace       used 40789K, committed 42432K, reserved 278528K
  class space    used 5942K, committed 6720K, reserved 212992K
}

