# JRE version: OpenJDK Runtime Environment OpenLogic-OpenJDK (22.0.2+9) (build 22.0.2+9-adhoc.Administrator.jdk22u)
# Java VM: OpenJDK 64-Bit Server VM OpenLogic-OpenJDK (22.0.2+9-adhoc.Administrator.jdk22u, mixed mode, sharing, tiered, compressed oops, compressed class ptrs, g1 gc, windows-amd64)
GC Precious Log:
 CardTable entry size: 512
 Card Set container configuration: InlinePtr #cards 5 size 8 Array Of Cards #cards 12 size 40 Howl #buckets 4 coarsen threshold 1843 Howl Bitmap #cards 512 size 80 coarsen threshold 460 Card regions per heap region 1 cards per card region 2048
 CPUs: 4 total, 4 available
 Memory: 3862M
 Large Page Support: Disabled
 NUMA Support: Disabled
 Compressed Oops: Enabled (32-bit)
 Heap Region Size: 1M
 Heap Min Capacity: 8M
 Heap Initial Capacity: 62M
 Heap Max Capacity: 512M
 Pre-touch: Disabled
 Parallel Workers: 4
 Concurrent Workers: 1
 Concurrent Refinement Workers: 4
 Periodic GC: Disabled
Heap:
 garbage-first heap   total reserved 524288K, committed 160768K, used 130704K [0x00000000e0000000, 0x0000000100000000)
  region size 1024K, 37 young (37888K), 6 survivors (6144K)
 Metaspace       used 96186K, committed 98688K, reserved 344064K
  class space    used 13736K, committed 14912K, reserved 212992K
GC Heap History (20 events):
Event: 68.770 GC heap before
{Heap before GC invocations=45 (full 0):
 garbage-first heap   total reserved 524288K, committed 128000K, used 111699K [0x00000000e0000000, 0x0000000100000000)
  region size 1024K, 35 young (35840K), 4 survivors (4096K)
 Metaspace       used 71157K, committed 73344K, reserved 278528K
  class space    used 10218K, committed 11264K, reserved 212992K
}
Event: 68.795 GC heap after
{Heap after GC invocations=46 (full 0):
 garbage-first heap   total reserved 524288K, committed 128000K, used 81024K [0x00000000e0000000, 0x0000000100000000)
  region size 1024K, 5 young (5120K), 5 survivors (5120K)
 Metaspace       used 71157K, committed 73344K, reserved 278528K
  class space    used 10218K, committed 11264K, reserved 212992K
}
Event: 73.796 GC heap before
{Heap before GC invocations=46 (full 0):
 garbage-first heap   total reserved 524288K, committed 128000K, used 114816K [0x00000000e0000000, 0x0000000100000000)
  region size 1024K, 38 young (38912K), 5 survivors (5120K)
 Metaspace       used 73394K, committed 75712K, reserved 278528K
  class space    used 10503K, committed 11648K, reserved 212992K
}
Event: 73.819 GC heap after
{Heap after GC invocations=47 (full 0):
 garbage-first heap   total reserved 524288K, committed 128000K, used 82729K [0x00000000e0000000, 0x0000000100000000)
  region size 1024K, 2 young (2048K), 2 survivors (2048K)
 Metaspace       used 73394K, committed 75712K, reserved 278528K
  class space    used 10503K, committed 11648K, reserved 212992K
}
Event: 77.580 GC heap before
{Heap before GC invocations=47 (full 0):
 garbage-first heap   total reserved 524288K, committed 128000K, used 116521K [0x00000000e0000000, 0x0000000100000000)
  region size 1024K, 36 young (36864K), 2 survivors (2048K)
 Metaspace       used 75020K, committed 77376K, reserved 344064K
  class space    used 10705K, committed 11840K, reserved 212992K
}
Event: 77.601 GC heap after
{Heap after GC invocations=48 (full 0):
 garbage-first heap   total reserved 524288K, committed 128000K, used 85801K [0x00000000e0000000, 0x0000000100000000)
  region size 1024K, 5 young (5120K), 5 survivors (5120K)
 Metaspace       used 75020K, committed 77376K, reserved 344064K
  class space    used 10705K, committed 11840K, reserved 212992K
}
Event: 80.171 GC heap before
{Heap before GC invocations=49 (full 0):
 garbage-first heap   total reserved 524288K, committed 143360K, used 115497K [0x00000000e0000000, 0x0000000100000000)
  region size 1024K, 34 young (34816K), 5 survivors (5120K)
 Metaspace       used 77039K, committed 79360K, reserved 344064K
  class space    used 10978K, committed 12096K, reserved 212992K
}
Event: 80.185 GC heap after
{Heap after GC invocations=50 (full 0):
 garbage-first heap   total reserved 524288K, committed 143360K, used 85439K [0x00000000e0000000, 0x0000000100000000)
  region size 1024K, 2 young (2048K), 2 survivors (2048K)
 Metaspace       used 77039K, committed 79360K, reserved 344064K
  class space    used 10978K, committed 12096K, reserved 212992K
}
Event: 83.800 GC heap before
{Heap before GC invocations=50 (full 0):
 garbage-first heap   total reserved 524288K, committed 143360K, used 130495K [0x00000000e0000000, 0x0000000100000000)
  region size 1024K, 46 young (47104K), 2 survivors (2048K)
 Metaspace       used 80471K, committed 82816K, reserved 344064K
  class space    used 11530K, committed 12672K, reserved 212992K
}
Event: 83.834 GC heap after
{Heap after GC invocations=51 (full 0):
 garbage-first heap   total reserved 524288K, committed 143360K, used 85996K [0x00000000e0000000, 0x0000000100000000)
  region size 1024K, 3 young (3072K), 3 survivors (3072K)
 Metaspace       used 80471K, committed 82816K, reserved 344064K
  class space    used 11530K, committed 12672K, reserved 212992K
}
Event: 88.300 GC heap before
{Heap before GC invocations=51 (full 0):
 garbage-first heap   total reserved 524288K, committed 143360K, used 132076K [0x00000000e0000000, 0x0000000100000000)
  region size 1024K, 48 young (49152K), 3 survivors (3072K)
 Metaspace       used 83487K, committed 85824K, reserved 344064K
  class space    used 12063K, committed 13184K, reserved 212992K
}
Event: 88.340 GC heap after
{Heap after GC invocations=52 (full 0):
 garbage-first heap   total reserved 524288K, committed 143360K, used 87448K [0x00000000e0000000, 0x0000000100000000)
  region size 1024K, 4 young (4096K), 4 survivors (4096K)
 Metaspace       used 83487K, committed 85824K, reserved 344064K
  class space    used 12063K, committed 13184K, reserved 212992K
}
Event: 94.616 GC heap before
{Heap before GC invocations=53 (full 0):
 garbage-first heap   total reserved 524288K, committed 147456K, used 129432K [0x00000000e0000000, 0x0000000100000000)
  region size 1024K, 46 young (47104K), 4 survivors (4096K)
 Metaspace       used 85770K, committed 88192K, reserved 344064K
  class space    used 12406K, committed 13568K, reserved 212992K
}
Event: 94.676 GC heap after
{Heap after GC invocations=54 (full 0):
 garbage-first heap   total reserved 524288K, committed 147456K, used 90388K [0x00000000e0000000, 0x0000000100000000)
  region size 1024K, 5 young (5120K), 5 survivors (5120K)
 Metaspace       used 85770K, committed 88192K, reserved 344064K
  class space    used 12406K, committed 13568K, reserved 212992K
}
Event: 101.420 GC heap before
{Heap before GC invocations=54 (full 0):
 garbage-first heap   total reserved 524288K, committed 147456K, used 137492K [0x00000000e0000000, 0x0000000100000000)
  region size 1024K, 47 young (48128K), 5 survivors (5120K)
 Metaspace       used 90774K, committed 93184K, reserved 344064K
  class space    used 12919K, committed 14080K, reserved 212992K
}
Event: 101.499 GC heap after
{Heap after GC invocations=55 (full 0):
 garbage-first heap   total reserved 524288K, committed 149504K, used 92952K [0x00000000e0000000, 0x0000000100000000)
  region size 1024K, 6 young (6144K), 6 survivors (6144K)
 Metaspace       used 90774K, committed 93184K, reserved 344064K
  class space    used 12919K, committed 14080K, reserved 212992K
}
Event: 108.274 GC heap before
{Heap before GC invocations=55 (full 0):
 garbage-first heap   total reserved 524288K, committed 149504K, used 134936K [0x00000000e0000000, 0x0000000100000000)
  region size 1024K, 47 young (48128K), 6 survivors (6144K)
 Metaspace       used 93047K, committed 95488K, reserved 344064K
  class space    used 13260K, committed 14464K, reserved 212992K
}
Event: 108.350 GC heap after
{Heap after GC invocations=56 (full 0):
 garbage-first heap   total reserved 524288K, committed 149504K, used 96256K [0x00000000e0000000, 0x0000000100000000)
  region size 1024K, 3 young (3072K), 3 survivors (3072K)
 Metaspace       used 93047K, committed 95488K, reserved 344064K
  class space    used 13260K, committed 14464K, reserved 212992K
}
Event: 115.525 GC heap before
{Heap before GC invocations=57 (full 0):
 garbage-first heap   total reserved 524288K, committed 160768K, used 137216K [0x00000000e0000000, 0x0000000100000000)
  region size 1024K, 43 young (44032K), 3 survivors (3072K)
 Metaspace       used 94778K, committed 97280K, reserved 344064K
  class space    used 13515K, committed 14720K, reserved 212992K
}
Event: 115.594 GC heap after
{Heap after GC invocations=58 (full 0):
 garbage-first heap   total reserved 524288K, committed 160768K, used 98960K [0x00000000e0000000, 0x0000000100000000)
  region size 1024K, 6 young (6144K), 6 survivors (6144K)
 Metaspace       used 94778K, committed 97280K, reserved 344064K
  class space    used 13515K, committed 14720K, reserved 212992K
}

