# JRE version: OpenJDK Runtime Environment Temurin-17.0.4.1+1 (17.0.4.1+1) (build 17.0.4.1+1)
# Java VM: OpenJDK 64-Bit Server VM Temurin-17.0.4.1+1 (17.0.4.1+1, mixed mode, tiered, compressed oops, compressed class ptrs, parallel gc, windows-amd64)
GC Precious Log:
 CPUs: 4 total, 4 available
 Memory: 3862M
 Large Page Support: Disabled
 NUMA Support: Disabled
 Compressed Oops: Enabled (32-bit)
 Alignments: Space 512K, Generation 512K, Heap 2M
 Heap Min Capacity: 100M
 Heap Initial Capacity: 100M
 Heap Max Capacity: 1G
 Pre-touch: Disabled
 Parallel Workers: 4
Heap:
 PSYoungGen      total 14848K, used 5723K [0x00000000eab00000, 0x00000000ebe80000, 0x0000000100000000)
  eden space 14336K, 36% used [0x00000000eab00000,0x00000000eb016dd0,0x00000000eb900000)
  from space 512K, 100% used [0x00000000ebd80000,0x00000000ebe00000,0x00000000ebe00000)
  to   space 512K, 0% used [0x00000000ebe00000,0x00000000ebe00000,0x00000000ebe80000)
 ParOldGen       total 68608K, used 34769K [0x00000000c0000000, 0x00000000c4300000, 0x00000000eab00000)
  object space 68608K, 50% used [0x00000000c0000000,0x00000000c21f4538,0x00000000c4300000)
 Metaspace       used 62117K, committed 63104K, reserved 1105920K
  class space    used 7635K, committed 8064K, reserved 1048576K
GC Heap History (20 events):
Event: 20.126 GC heap before
{Heap before GC invocations=31 (full 2):
 PSYoungGen      total 14848K, used 14605K [0x00000000eab00000, 0x00000000ebe80000, 0x0000000100000000)
  eden space 14336K, 100% used [0x00000000eab00000,0x00000000eb900000,0x00000000eb900000)
  from space 512K, 52% used [0x00000000ebe00000,0x00000000ebe437e0,0x00000000ebe80000)
  to   space 512K, 0% used [0x00000000ebd80000,0x00000000ebd80000,0x00000000ebe00000)
 ParOldGen       total 68608K, used 34674K [0x00000000c0000000, 0x00000000c4300000, 0x00000000eab00000)
  object space 68608K, 50% used [0x00000000c0000000,0x00000000c21dcad8,0x00000000c4300000)
 Metaspace       used 57403K, committed 58304K, reserved 1105920K
  class space    used 7021K, committed 7360K, reserved 1048576K
}
Event: 20.127 GC heap after
{Heap after GC invocations=31 (full 2):
 PSYoungGen      total 14848K, used 416K [0x00000000eab00000, 0x00000000ebe80000, 0x0000000100000000)
  eden space 14336K, 0% used [0x00000000eab00000,0x00000000eab00000,0x00000000eb900000)
  from space 512K, 81% used [0x00000000ebd80000,0x00000000ebde8000,0x00000000ebe00000)
  to   space 512K, 0% used [0x00000000ebe00000,0x00000000ebe00000,0x00000000ebe80000)
 ParOldGen       total 68608K, used 34801K [0x00000000c0000000, 0x00000000c4300000, 0x00000000eab00000)
  object space 68608K, 50% used [0x00000000c0000000,0x00000000c21fc7e8,0x00000000c4300000)
 Metaspace       used 57403K, committed 58304K, reserved 1105920K
  class space    used 7021K, committed 7360K, reserved 1048576K
}
Event: 20.863 GC heap before
{Heap before GC invocations=32 (full 2):
 PSYoungGen      total 14848K, used 13577K [0x00000000eab00000, 0x00000000ebe80000, 0x0000000100000000)
  eden space 14336K, 91% used [0x00000000eab00000,0x00000000eb7da6b8,0x00000000eb900000)
  from space 512K, 81% used [0x00000000ebd80000,0x00000000ebde8000,0x00000000ebe00000)
  to   space 512K, 0% used [0x00000000ebe00000,0x00000000ebe00000,0x00000000ebe80000)
 ParOldGen       total 68608K, used 34801K [0x00000000c0000000, 0x00000000c4300000, 0x00000000eab00000)
  object space 68608K, 50% used [0x00000000c0000000,0x00000000c21fc7e8,0x00000000c4300000)
 Metaspace       used 58935K, committed 59776K, reserved 1105920K
  class space    used 7249K, committed 7616K, reserved 1048576K
}
Event: 20.864 GC heap after
{Heap after GC invocations=32 (full 2):
 PSYoungGen      total 14848K, used 352K [0x00000000eab00000, 0x00000000ebe80000, 0x0000000100000000)
  eden space 14336K, 0% used [0x00000000eab00000,0x00000000eab00000,0x00000000eb900000)
  from space 512K, 68% used [0x00000000ebe00000,0x00000000ebe58000,0x00000000ebe80000)
  to   space 512K, 0% used [0x00000000ebd80000,0x00000000ebd80000,0x00000000ebe00000)
 ParOldGen       total 68608K, used 35162K [0x00000000c0000000, 0x00000000c4300000, 0x00000000eab00000)
  object space 68608K, 51% used [0x00000000c0000000,0x00000000c2256808,0x00000000c4300000)
 Metaspace       used 58935K, committed 59776K, reserved 1105920K
  class space    used 7249K, committed 7616K, reserved 1048576K
}
Event: 20.864 GC heap before
{Heap before GC invocations=33 (full 3):
 PSYoungGen      total 14848K, used 352K [0x00000000eab00000, 0x00000000ebe80000, 0x0000000100000000)
  eden space 14336K, 0% used [0x00000000eab00000,0x00000000eab00000,0x00000000eb900000)
  from space 512K, 68% used [0x00000000ebe00000,0x00000000ebe58000,0x00000000ebe80000)
  to   space 512K, 0% used [0x00000000ebd80000,0x00000000ebd80000,0x00000000ebe00000)
 ParOldGen       total 68608K, used 35162K [0x00000000c0000000, 0x00000000c4300000, 0x00000000eab00000)
  object space 68608K, 51% used [0x00000000c0000000,0x00000000c2256808,0x00000000c4300000)
 Metaspace       used 58935K, committed 59776K, reserved 1105920K
  class space    used 7249K, committed 7616K, reserved 1048576K
}
Event: 20.943 GC heap after
{Heap after GC invocations=33 (full 3):
 PSYoungGen      total 14848K, used 0K [0x00000000eab00000, 0x00000000ebe80000, 0x0000000100000000)
  eden space 14336K, 0% used [0x00000000eab00000,0x00000000eab00000,0x00000000eb900000)
  from space 512K, 0% used [0x00000000ebe00000,0x00000000ebe00000,0x00000000ebe80000)
  to   space 512K, 0% used [0x00000000ebd80000,0x00000000ebd80000,0x00000000ebe00000)
 ParOldGen       total 68608K, used 33217K [0x00000000c0000000, 0x00000000c4300000, 0x00000000eab00000)
  object space 68608K, 48% used [0x00000000c0000000,0x00000000c20704e8,0x00000000c4300000)
 Metaspace       used 58935K, committed 59776K, reserved 1105920K
  class space    used 7249K, committed 7616K, reserved 1048576K
}
Event: 34.490 GC heap before
{Heap before GC invocations=34 (full 3):
 PSYoungGen      total 14848K, used 14336K [0x00000000eab00000, 0x00000000ebe80000, 0x0000000100000000)
  eden space 14336K, 100% used [0x00000000eab00000,0x00000000eb900000,0x00000000eb900000)
  from space 512K, 0% used [0x00000000ebe00000,0x00000000ebe00000,0x00000000ebe80000)
  to   space 512K, 0% used [0x00000000ebd80000,0x00000000ebd80000,0x00000000ebe00000)
 ParOldGen       total 68608K, used 33217K [0x00000000c0000000, 0x00000000c4300000, 0x00000000eab00000)
  object space 68608K, 48% used [0x00000000c0000000,0x00000000c20704e8,0x00000000c4300000)
 Metaspace       used 60309K, committed 61248K, reserved 1105920K
  class space    used 7440K, committed 7872K, reserved 1048576K
}
Event: 34.516 GC heap after
{Heap after GC invocations=34 (full 3):
 PSYoungGen      total 14848K, used 480K [0x00000000eab00000, 0x00000000ebe80000, 0x0000000100000000)
  eden space 14336K, 0% used [0x00000000eab00000,0x00000000eab00000,0x00000000eb900000)
  from space 512K, 93% used [0x00000000ebd80000,0x00000000ebdf8010,0x00000000ebe00000)
  to   space 512K, 0% used [0x00000000ebe00000,0x00000000ebe00000,0x00000000ebe80000)
 ParOldGen       total 68608K, used 33393K [0x00000000c0000000, 0x00000000c4300000, 0x00000000eab00000)
  object space 68608K, 48% used [0x00000000c0000000,0x00000000c209c4e8,0x00000000c4300000)
 Metaspace       used 60309K, committed 61248K, reserved 1105920K
  class space    used 7440K, committed 7872K, reserved 1048576K
}
Event: 61.049 GC heap before
{Heap before GC invocations=35 (full 3):
 PSYoungGen      total 14848K, used 14816K [0x00000000eab00000, 0x00000000ebe80000, 0x0000000100000000)
  eden space 14336K, 100% used [0x00000000eab00000,0x00000000eb900000,0x00000000eb900000)
  from space 512K, 93% used [0x00000000ebd80000,0x00000000ebdf8010,0x00000000ebe00000)
  to   space 512K, 0% used [0x00000000ebe00000,0x00000000ebe00000,0x00000000ebe80000)
 ParOldGen       total 68608K, used 33393K [0x00000000c0000000, 0x00000000c4300000, 0x00000000eab00000)
  object space 68608K, 48% used [0x00000000c0000000,0x00000000c209c4e8,0x00000000c4300000)
 Metaspace       used 60780K, committed 61696K, reserved 1105920K
  class space    used 7453K, committed 7872K, reserved 1048576K
}
Event: 61.091 GC heap after
{Heap after GC invocations=35 (full 3):
 PSYoungGen      total 14848K, used 160K [0x00000000eab00000, 0x00000000ebe80000, 0x0000000100000000)
  eden space 14336K, 0% used [0x00000000eab00000,0x00000000eab00000,0x00000000eb900000)
  from space 512K, 31% used [0x00000000ebe00000,0x00000000ebe28000,0x00000000ebe80000)
  to   space 512K, 0% used [0x00000000ebd80000,0x00000000ebd80000,0x00000000ebe00000)
 ParOldGen       total 68608K, used 33865K [0x00000000c0000000, 0x00000000c4300000, 0x00000000eab00000)
  object space 68608K, 49% used [0x00000000c0000000,0x00000000c2112538,0x00000000c4300000)
 Metaspace       used 60780K, committed 61696K, reserved 1105920K
  class space    used 7453K, committed 7872K, reserved 1048576K
}
Event: 66.341 GC heap before
{Heap before GC invocations=36 (full 3):
 PSYoungGen      total 14848K, used 14496K [0x00000000eab00000, 0x00000000ebe80000, 0x0000000100000000)
  eden space 14336K, 100% used [0x00000000eab00000,0x00000000eb900000,0x00000000eb900000)
  from space 512K, 31% used [0x00000000ebe00000,0x00000000ebe28000,0x00000000ebe80000)
  to   space 512K, 0% used [0x00000000ebd80000,0x00000000ebd80000,0x00000000ebe00000)
 ParOldGen       total 68608K, used 33865K [0x00000000c0000000, 0x00000000c4300000, 0x00000000eab00000)
  object space 68608K, 49% used [0x00000000c0000000,0x00000000c2112538,0x00000000c4300000)
 Metaspace       used 60780K, committed 61696K, reserved 1105920K
  class space    used 7453K, committed 7872K, reserved 1048576K
}
Event: 66.346 GC heap after
{Heap after GC invocations=36 (full 3):
 PSYoungGen      total 14848K, used 96K [0x00000000eab00000, 0x00000000ebe80000, 0x0000000100000000)
  eden space 14336K, 0% used [0x00000000eab00000,0x00000000eab00000,0x00000000eb900000)
  from space 512K, 18% used [0x00000000ebd80000,0x00000000ebd98000,0x00000000ebe00000)
  to   space 512K, 0% used [0x00000000ebe00000,0x00000000ebe00000,0x00000000ebe80000)
 ParOldGen       total 68608K, used 33977K [0x00000000c0000000, 0x00000000c4300000, 0x00000000eab00000)
  object space 68608K, 49% used [0x00000000c0000000,0x00000000c212e538,0x00000000c4300000)
 Metaspace       used 60780K, committed 61696K, reserved 1105920K
  class space    used 7453K, committed 7872K, reserved 1048576K
}
Event: 87.560 GC heap before
{Heap before GC invocations=37 (full 3):
 PSYoungGen      total 14848K, used 14432K [0x00000000eab00000, 0x00000000ebe80000, 0x0000000100000000)
  eden space 14336K, 100% used [0x00000000eab00000,0x00000000eb900000,0x00000000eb900000)
  from space 512K, 18% used [0x00000000ebd80000,0x00000000ebd98000,0x00000000ebe00000)
  to   space 512K, 0% used [0x00000000ebe00000,0x00000000ebe00000,0x00000000ebe80000)
 ParOldGen       total 68608K, used 33977K [0x00000000c0000000, 0x00000000c4300000, 0x00000000eab00000)
  object space 68608K, 49% used [0x00000000c0000000,0x00000000c212e538,0x00000000c4300000)
 Metaspace       used 60823K, committed 61760K, reserved 1105920K
  class space    used 7459K, committed 7872K, reserved 1048576K
}
Event: 87.585 GC heap after
{Heap after GC invocations=37 (full 3):
 PSYoungGen      total 14848K, used 128K [0x00000000eab00000, 0x00000000ebe80000, 0x0000000100000000)
  eden space 14336K, 0% used [0x00000000eab00000,0x00000000eab00000,0x00000000eb900000)
  from space 512K, 25% used [0x00000000ebe00000,0x00000000ebe20000,0x00000000ebe80000)
  to   space 512K, 0% used [0x00000000ebd80000,0x00000000ebd80000,0x00000000ebe00000)
 ParOldGen       total 68608K, used 33993K [0x00000000c0000000, 0x00000000c4300000, 0x00000000eab00000)
  object space 68608K, 49% used [0x00000000c0000000,0x00000000c2132538,0x00000000c4300000)
 Metaspace       used 60823K, committed 61760K, reserved 1105920K
  class space    used 7459K, committed 7872K, reserved 1048576K
}
Event: 100.824 GC heap before
{Heap before GC invocations=38 (full 3):
 PSYoungGen      total 14848K, used 14464K [0x00000000eab00000, 0x00000000ebe80000, 0x0000000100000000)
  eden space 14336K, 100% used [0x00000000eab00000,0x00000000eb900000,0x00000000eb900000)
  from space 512K, 25% used [0x00000000ebe00000,0x00000000ebe20000,0x00000000ebe80000)
  to   space 512K, 0% used [0x00000000ebd80000,0x00000000ebd80000,0x00000000ebe00000)
 ParOldGen       total 68608K, used 33993K [0x00000000c0000000, 0x00000000c4300000, 0x00000000eab00000)
  object space 68608K, 49% used [0x00000000c0000000,0x00000000c2132538,0x00000000c4300000)
 Metaspace       used 60903K, committed 61824K, reserved 1105920K
  class space    used 7474K, committed 7872K, reserved 1048576K
}
Event: 100.861 GC heap after
{Heap after GC invocations=38 (full 3):
 PSYoungGen      total 14848K, used 160K [0x00000000eab00000, 0x00000000ebe80000, 0x0000000100000000)
  eden space 14336K, 0% used [0x00000000eab00000,0x00000000eab00000,0x00000000eb900000)
  from space 512K, 31% used [0x00000000ebd80000,0x00000000ebda8000,0x00000000ebe00000)
  to   space 512K, 0% used [0x00000000ebe00000,0x00000000ebe00000,0x00000000ebe80000)
 ParOldGen       total 68608K, used 34049K [0x00000000c0000000, 0x00000000c4300000, 0x00000000eab00000)
  object space 68608K, 49% used [0x00000000c0000000,0x00000000c2140538,0x00000000c4300000)
 Metaspace       used 60903K, committed 61824K, reserved 1105920K
  class space    used 7474K, committed 7872K, reserved 1048576K
}
Event: 114.134 GC heap before
{Heap before GC invocations=39 (full 3):
 PSYoungGen      total 14848K, used 14496K [0x00000000eab00000, 0x00000000ebe80000, 0x0000000100000000)
  eden space 14336K, 100% used [0x00000000eab00000,0x00000000eb900000,0x00000000eb900000)
  from space 512K, 31% used [0x00000000ebd80000,0x00000000ebda8000,0x00000000ebe00000)
  to   space 512K, 0% used [0x00000000ebe00000,0x00000000ebe00000,0x00000000ebe80000)
 ParOldGen       total 68608K, used 34049K [0x00000000c0000000, 0x00000000c4300000, 0x00000000eab00000)
  object space 68608K, 49% used [0x00000000c0000000,0x00000000c2140538,0x00000000c4300000)
 Metaspace       used 61034K, committed 62016K, reserved 1105920K
  class space    used 7495K, committed 7936K, reserved 1048576K
}
Event: 114.157 GC heap after
{Heap after GC invocations=39 (full 3):
 PSYoungGen      total 14848K, used 347K [0x00000000eab00000, 0x00000000ebe80000, 0x0000000100000000)
  eden space 14336K, 0% used [0x00000000eab00000,0x00000000eab00000,0x00000000eb900000)
  from space 512K, 67% used [0x00000000ebe00000,0x00000000ebe56d58,0x00000000ebe80000)
  to   space 512K, 0% used [0x00000000ebd80000,0x00000000ebd80000,0x00000000ebe00000)
 ParOldGen       total 68608K, used 34121K [0x00000000c0000000, 0x00000000c4300000, 0x00000000eab00000)
  object space 68608K, 49% used [0x00000000c0000000,0x00000000c2152538,0x00000000c4300000)
 Metaspace       used 61034K, committed 62016K, reserved 1105920K
  class space    used 7495K, committed 7936K, reserved 1048576K
}
Event: 124.089 GC heap before
{Heap before GC invocations=40 (full 3):
 PSYoungGen      total 14848K, used 14683K [0x00000000eab00000, 0x00000000ebe80000, 0x0000000100000000)
  eden space 14336K, 99% used [0x00000000eab00000,0x00000000eb8fffd8,0x00000000eb900000)
  from space 512K, 67% used [0x00000000ebe00000,0x00000000ebe56d58,0x00000000ebe80000)
  to   space 512K, 0% used [0x00000000ebd80000,0x00000000ebd80000,0x00000000ebe00000)
 ParOldGen       total 68608K, used 34121K [0x00000000c0000000, 0x00000000c4300000, 0x00000000eab00000)
  object space 68608K, 49% used [0x00000000c0000000,0x00000000c2152538,0x00000000c4300000)
 Metaspace       used 61745K, committed 62720K, reserved 1105920K
  class space    used 7582K, committed 8000K, reserved 1048576K
}
Event: 124.146 GC heap after
{Heap after GC invocations=40 (full 3):
 PSYoungGen      total 14848K, used 512K [0x00000000eab00000, 0x00000000ebe80000, 0x0000000100000000)
  eden space 14336K, 0% used [0x00000000eab00000,0x00000000eab00000,0x00000000eb900000)
  from space 512K, 100% used [0x00000000ebd80000,0x00000000ebe00000,0x00000000ebe00000)
  to   space 512K, 0% used [0x00000000ebe00000,0x00000000ebe00000,0x00000000ebe80000)
 ParOldGen       total 68608K, used 34769K [0x00000000c0000000, 0x00000000c4300000, 0x00000000eab00000)
  object space 68608K, 50% used [0x00000000c0000000,0x00000000c21f4538,0x00000000c4300000)
 Metaspace       used 61745K, committed 62720K, reserved 1105920K
  class space    used 7582K, committed 8000K, reserved 1048576K
}

