# JRE version: OpenJDK Runtime Environment Temurin-17.0.4.1+1 (17.0.4.1+1) (build 17.0.4.1+1)
# Java VM: OpenJDK 64-Bit Server VM Temurin-17.0.4.1+1 (17.0.4.1+1, mixed mode, tiered, compressed oops, compressed class ptrs, parallel gc, windows-amd64)
GC Precious Log:
 CPUs: 4 total, 4 available
 Memory: 3862M
 Large Page Support: Disabled
 NUMA Support: Disabled
 Compressed Oops: Enabled (32-bit)
 Alignments: Space 512K, Generation 512K, Heap 2M
 Heap Min Capacity: 100M
 Heap Initial Capacity: 100M
 Heap Max Capacity: 1G
 Pre-touch: Disabled
 Parallel Workers: 4
Heap:
 PSYoungGen      total 14848K, used 2308K [0x00000000eab00000, 0x00000000ebb00000, 0x0000000100000000)
  eden space 14336K, 14% used [0x00000000eab00000,0x00000000ead0d118,0x00000000eb900000)
  from space 512K, 40% used [0x00000000eba80000,0x00000000ebab4010,0x00000000ebb00000)
  to   space 512K, 0% used [0x00000000eba00000,0x00000000eba00000,0x00000000eba80000)
 ParOldGen       total 68608K, used 62597K [0x00000000c0000000, 0x00000000c4300000, 0x00000000eab00000)
  object space 68608K, 91% used [0x00000000c0000000,0x00000000c3d21588,0x00000000c4300000)
 Metaspace       used 74247K, committed 75264K, reserved 1122304K
  class space    used 8923K, committed 9408K, reserved 1048576K
GC Heap History (20 events):
Event: 1024.892 GC heap before
{Heap before GC invocations=62 (full 3):
 PSYoungGen      total 14848K, used 14832K [0x00000000eab00000, 0x00000000ebe00000, 0x0000000100000000)
  eden space 14336K, 100% used [0x00000000eab00000,0x00000000eb900000,0x00000000eb900000)
  from space 512K, 96% used [0x00000000ebc80000,0x00000000ebcfc050,0x00000000ebd00000)
  to   space 2560K, 0% used [0x00000000eb900000,0x00000000eb900000,0x00000000ebb80000)
 ParOldGen       total 68608K, used 59521K [0x00000000c0000000, 0x00000000c4300000, 0x00000000eab00000)
  object space 68608K, 86% used [0x00000000c0000000,0x00000000c3a205f8,0x00000000c4300000)
 Metaspace       used 73560K, committed 74624K, reserved 1114112K
  class space    used 8914K, committed 9408K, reserved 1048576K
}
Event: 1024.896 GC heap after
{Heap after GC invocations=62 (full 3):
 PSYoungGen      total 16896K, used 1104K [0x00000000eab00000, 0x00000000ebd00000, 0x0000000100000000)
  eden space 14336K, 0% used [0x00000000eab00000,0x00000000eab00000,0x00000000eb900000)
  from space 2560K, 43% used [0x00000000eb900000,0x00000000eba140d0,0x00000000ebb80000)
  to   space 1536K, 0% used [0x00000000ebb80000,0x00000000ebb80000,0x00000000ebd00000)
 ParOldGen       total 68608K, used 59974K [0x00000000c0000000, 0x00000000c4300000, 0x00000000eab00000)
  object space 68608K, 87% used [0x00000000c0000000,0x00000000c3a91858,0x00000000c4300000)
 Metaspace       used 73560K, committed 74624K, reserved 1114112K
  class space    used 8914K, committed 9408K, reserved 1048576K
}
Event: 1025.390 GC heap before
{Heap before GC invocations=63 (full 3):
 PSYoungGen      total 16896K, used 15440K [0x00000000eab00000, 0x00000000ebd00000, 0x0000000100000000)
  eden space 14336K, 100% used [0x00000000eab00000,0x00000000eb900000,0x00000000eb900000)
  from space 2560K, 43% used [0x00000000eb900000,0x00000000eba140d0,0x00000000ebb80000)
  to   space 1536K, 0% used [0x00000000ebb80000,0x00000000ebb80000,0x00000000ebd00000)
 ParOldGen       total 68608K, used 59974K [0x00000000c0000000, 0x00000000c4300000, 0x00000000eab00000)
  object space 68608K, 87% used [0x00000000c0000000,0x00000000c3a91858,0x00000000c4300000)
 Metaspace       used 73691K, committed 74752K, reserved 1114112K
  class space    used 8914K, committed 9408K, reserved 1048576K
}
Event: 1025.391 GC heap after
{Heap after GC invocations=63 (full 3):
 PSYoungGen      total 15872K, used 1088K [0x00000000eab00000, 0x00000000ebd00000, 0x0000000100000000)
  eden space 14336K, 0% used [0x00000000eab00000,0x00000000eab00000,0x00000000eb900000)
  from space 1536K, 70% used [0x00000000ebb80000,0x00000000ebc90100,0x00000000ebd00000)
  to   space 1536K, 0% used [0x00000000eba00000,0x00000000eba00000,0x00000000ebb80000)
 ParOldGen       total 68608K, used 60262K [0x00000000c0000000, 0x00000000c4300000, 0x00000000eab00000)
  object space 68608K, 87% used [0x00000000c0000000,0x00000000c3ad99a8,0x00000000c4300000)
 Metaspace       used 73691K, committed 74752K, reserved 1114112K
  class space    used 8914K, committed 9408K, reserved 1048576K
}
Event: 1025.916 GC heap before
{Heap before GC invocations=64 (full 3):
 PSYoungGen      total 15872K, used 15424K [0x00000000eab00000, 0x00000000ebd00000, 0x0000000100000000)
  eden space 14336K, 100% used [0x00000000eab00000,0x00000000eb900000,0x00000000eb900000)
  from space 1536K, 70% used [0x00000000ebb80000,0x00000000ebc90100,0x00000000ebd00000)
  to   space 1536K, 0% used [0x00000000eba00000,0x00000000eba00000,0x00000000ebb80000)
 ParOldGen       total 68608K, used 60262K [0x00000000c0000000, 0x00000000c4300000, 0x00000000eab00000)
  object space 68608K, 87% used [0x00000000c0000000,0x00000000c3ad99a8,0x00000000c4300000)
 Metaspace       used 73758K, committed 74816K, reserved 1114112K
  class space    used 8914K, committed 9408K, reserved 1048576K
}
Event: 1025.917 GC heap after
{Heap after GC invocations=64 (full 3):
 PSYoungGen      total 15872K, used 1136K [0x00000000eab00000, 0x00000000ebc00000, 0x0000000100000000)
  eden space 14336K, 0% used [0x00000000eab00000,0x00000000eab00000,0x00000000eb900000)
  from space 1536K, 73% used [0x00000000eba00000,0x00000000ebb1c110,0x00000000ebb80000)
  to   space 512K, 0% used [0x00000000ebb80000,0x00000000ebb80000,0x00000000ebc00000)
 ParOldGen       total 68608K, used 60530K [0x00000000c0000000, 0x00000000c4300000, 0x00000000eab00000)
  object space 68608K, 88% used [0x00000000c0000000,0x00000000c3b1cb18,0x00000000c4300000)
 Metaspace       used 73758K, committed 74816K, reserved 1114112K
  class space    used 8914K, committed 9408K, reserved 1048576K
}
Event: 1026.441 GC heap before
{Heap before GC invocations=65 (full 3):
 PSYoungGen      total 15872K, used 15472K [0x00000000eab00000, 0x00000000ebc00000, 0x0000000100000000)
  eden space 14336K, 100% used [0x00000000eab00000,0x00000000eb900000,0x00000000eb900000)
  from space 1536K, 73% used [0x00000000eba00000,0x00000000ebb1c110,0x00000000ebb80000)
  to   space 512K, 0% used [0x00000000ebb80000,0x00000000ebb80000,0x00000000ebc00000)
 ParOldGen       total 68608K, used 60530K [0x00000000c0000000, 0x00000000c4300000, 0x00000000eab00000)
  object space 68608K, 88% used [0x00000000c0000000,0x00000000c3b1cb18,0x00000000c4300000)
 Metaspace       used 73839K, committed 74880K, reserved 1114112K
  class space    used 8914K, committed 9408K, reserved 1048576K
}
Event: 1026.442 GC heap after
{Heap after GC invocations=65 (full 3):
 PSYoungGen      total 14848K, used 496K [0x00000000eab00000, 0x00000000ebc00000, 0x0000000100000000)
  eden space 14336K, 0% used [0x00000000eab00000,0x00000000eab00000,0x00000000eb900000)
  from space 512K, 96% used [0x00000000ebb80000,0x00000000ebbfc070,0x00000000ebc00000)
  to   space 1536K, 0% used [0x00000000eb900000,0x00000000eb900000,0x00000000eba80000)
 ParOldGen       total 68608K, used 61227K [0x00000000c0000000, 0x00000000c4300000, 0x00000000eab00000)
  object space 68608K, 89% used [0x00000000c0000000,0x00000000c3bcaee8,0x00000000c4300000)
 Metaspace       used 73839K, committed 74880K, reserved 1114112K
  class space    used 8914K, committed 9408K, reserved 1048576K
}
Event: 1026.955 GC heap before
{Heap before GC invocations=66 (full 3):
 PSYoungGen      total 14848K, used 14832K [0x00000000eab00000, 0x00000000ebc00000, 0x0000000100000000)
  eden space 14336K, 100% used [0x00000000eab00000,0x00000000eb900000,0x00000000eb900000)
  from space 512K, 96% used [0x00000000ebb80000,0x00000000ebbfc070,0x00000000ebc00000)
  to   space 1536K, 0% used [0x00000000eb900000,0x00000000eb900000,0x00000000eba80000)
 ParOldGen       total 68608K, used 61227K [0x00000000c0000000, 0x00000000c4300000, 0x00000000eab00000)
  object space 68608K, 89% used [0x00000000c0000000,0x00000000c3bcaee8,0x00000000c4300000)
 Metaspace       used 73905K, committed 74944K, reserved 1114112K
  class space    used 8914K, committed 9408K, reserved 1048576K
}
Event: 1026.956 GC heap after
{Heap after GC invocations=66 (full 3):
 PSYoungGen      total 15872K, used 1104K [0x00000000eab00000, 0x00000000ebc00000, 0x0000000100000000)
  eden space 14336K, 0% used [0x00000000eab00000,0x00000000eab00000,0x00000000eb900000)
  from space 1536K, 71% used [0x00000000eb900000,0x00000000eba140f0,0x00000000eba80000)
  to   space 1536K, 0% used [0x00000000eba80000,0x00000000eba80000,0x00000000ebc00000)
 ParOldGen       total 68608K, used 61480K [0x00000000c0000000, 0x00000000c4300000, 0x00000000eab00000)
  object space 68608K, 89% used [0x00000000c0000000,0x00000000c3c0a018,0x00000000c4300000)
 Metaspace       used 73905K, committed 74944K, reserved 1114112K
  class space    used 8914K, committed 9408K, reserved 1048576K
}
Event: 1027.547 GC heap before
{Heap before GC invocations=67 (full 3):
 PSYoungGen      total 15872K, used 15440K [0x00000000eab00000, 0x00000000ebc00000, 0x0000000100000000)
  eden space 14336K, 100% used [0x00000000eab00000,0x00000000eb900000,0x00000000eb900000)
  from space 1536K, 71% used [0x00000000eb900000,0x00000000eba140f0,0x00000000eba80000)
  to   space 1536K, 0% used [0x00000000eba80000,0x00000000eba80000,0x00000000ebc00000)
 ParOldGen       total 68608K, used 61480K [0x00000000c0000000, 0x00000000c4300000, 0x00000000eab00000)
  object space 68608K, 89% used [0x00000000c0000000,0x00000000c3c0a018,0x00000000c4300000)
 Metaspace       used 73985K, committed 75008K, reserved 1122304K
  class space    used 8914K, committed 9408K, reserved 1048576K
}
Event: 1027.549 GC heap after
{Heap after GC invocations=67 (full 3):
 PSYoungGen      total 15872K, used 1216K [0x00000000eab00000, 0x00000000ebc00000, 0x0000000100000000)
  eden space 14336K, 0% used [0x00000000eab00000,0x00000000eab00000,0x00000000eb900000)
  from space 1536K, 79% used [0x00000000eba80000,0x00000000ebbb0100,0x00000000ebc00000)
  to   space 1536K, 0% used [0x00000000eb900000,0x00000000eb900000,0x00000000eba80000)
 ParOldGen       total 68608K, used 61756K [0x00000000c0000000, 0x00000000c4300000, 0x00000000eab00000)
  object space 68608K, 90% used [0x00000000c0000000,0x00000000c3c4f188,0x00000000c4300000)
 Metaspace       used 73985K, committed 75008K, reserved 1122304K
  class space    used 8914K, committed 9408K, reserved 1048576K
}
Event: 1028.142 GC heap before
{Heap before GC invocations=68 (full 3):
 PSYoungGen      total 15872K, used 15552K [0x00000000eab00000, 0x00000000ebc00000, 0x0000000100000000)
  eden space 14336K, 100% used [0x00000000eab00000,0x00000000eb900000,0x00000000eb900000)
  from space 1536K, 79% used [0x00000000eba80000,0x00000000ebbb0100,0x00000000ebc00000)
  to   space 1536K, 0% used [0x00000000eb900000,0x00000000eb900000,0x00000000eba80000)
 ParOldGen       total 68608K, used 61756K [0x00000000c0000000, 0x00000000c4300000, 0x00000000eab00000)
  object space 68608K, 90% used [0x00000000c0000000,0x00000000c3c4f188,0x00000000c4300000)
 Metaspace       used 74079K, committed 75200K, reserved 1122304K
  class space    used 8914K, committed 9408K, reserved 1048576K
}
Event: 1028.143 GC heap after
{Heap after GC invocations=68 (full 3):
 PSYoungGen      total 15872K, used 1056K [0x00000000eab00000, 0x00000000ebc00000, 0x0000000100000000)
  eden space 14336K, 0% used [0x00000000eab00000,0x00000000eab00000,0x00000000eb900000)
  from space 1536K, 68% used [0x00000000eb900000,0x00000000eba080c0,0x00000000eba80000)
  to   space 1536K, 0% used [0x00000000eba80000,0x00000000eba80000,0x00000000ebc00000)
 ParOldGen       total 68608K, used 62160K [0x00000000c0000000, 0x00000000c4300000, 0x00000000eab00000)
  object space 68608K, 90% used [0x00000000c0000000,0x00000000c3cb4398,0x00000000c4300000)
 Metaspace       used 74079K, committed 75200K, reserved 1122304K
  class space    used 8914K, committed 9408K, reserved 1048576K
}
Event: 1029.715 GC heap before
{Heap before GC invocations=69 (full 3):
 PSYoungGen      total 15872K, used 15392K [0x00000000eab00000, 0x00000000ebc00000, 0x0000000100000000)
  eden space 14336K, 100% used [0x00000000eab00000,0x00000000eb900000,0x00000000eb900000)
  from space 1536K, 68% used [0x00000000eb900000,0x00000000eba080c0,0x00000000eba80000)
  to   space 1536K, 0% used [0x00000000eba80000,0x00000000eba80000,0x00000000ebc00000)
 ParOldGen       total 68608K, used 62160K [0x00000000c0000000, 0x00000000c4300000, 0x00000000eab00000)
  object space 68608K, 90% used [0x00000000c0000000,0x00000000c3cb4398,0x00000000c4300000)
 Metaspace       used 74159K, committed 75200K, reserved 1122304K
  class space    used 8919K, committed 9408K, reserved 1048576K
}
Event: 1029.718 GC heap after
{Heap after GC invocations=69 (full 3):
 PSYoungGen      total 15360K, used 960K [0x00000000eab00000, 0x00000000ebb80000, 0x0000000100000000)
  eden space 14336K, 0% used [0x00000000eab00000,0x00000000eab00000,0x00000000eb900000)
  from space 1024K, 93% used [0x00000000eba80000,0x00000000ebb700e0,0x00000000ebb80000)
  to   space 1024K, 0% used [0x00000000eb980000,0x00000000eb980000,0x00000000eba80000)
 ParOldGen       total 68608K, used 62357K [0x00000000c0000000, 0x00000000c4300000, 0x00000000eab00000)
  object space 68608K, 90% used [0x00000000c0000000,0x00000000c3ce5488,0x00000000c4300000)
 Metaspace       used 74159K, committed 75200K, reserved 1122304K
  class space    used 8919K, committed 9408K, reserved 1048576K
}
Event: 1030.929 GC heap before
{Heap before GC invocations=70 (full 3):
 PSYoungGen      total 15360K, used 15296K [0x00000000eab00000, 0x00000000ebb80000, 0x0000000100000000)
  eden space 14336K, 100% used [0x00000000eab00000,0x00000000eb900000,0x00000000eb900000)
  from space 1024K, 93% used [0x00000000eba80000,0x00000000ebb700e0,0x00000000ebb80000)
  to   space 1024K, 0% used [0x00000000eb980000,0x00000000eb980000,0x00000000eba80000)
 ParOldGen       total 68608K, used 62357K [0x00000000c0000000, 0x00000000c4300000, 0x00000000eab00000)
  object space 68608K, 90% used [0x00000000c0000000,0x00000000c3ce5488,0x00000000c4300000)
 Metaspace       used 74167K, committed 75200K, reserved 1122304K
  class space    used 8919K, committed 9408K, reserved 1048576K
}
Event: 1030.930 GC heap after
{Heap after GC invocations=70 (full 3):
 PSYoungGen      total 15360K, used 128K [0x00000000eab00000, 0x00000000ebb00000, 0x0000000100000000)
  eden space 14336K, 0% used [0x00000000eab00000,0x00000000eab00000,0x00000000eb900000)
  from space 1024K, 12% used [0x00000000eb980000,0x00000000eb9a0000,0x00000000eba80000)
  to   space 512K, 0% used [0x00000000eba80000,0x00000000eba80000,0x00000000ebb00000)
 ParOldGen       total 68608K, used 62573K [0x00000000c0000000, 0x00000000c4300000, 0x00000000eab00000)
  object space 68608K, 91% used [0x00000000c0000000,0x00000000c3d1b588,0x00000000c4300000)
 Metaspace       used 74167K, committed 75200K, reserved 1122304K
  class space    used 8919K, committed 9408K, reserved 1048576K
}
Event: 1062.239 GC heap before
{Heap before GC invocations=71 (full 3):
 PSYoungGen      total 15360K, used 14464K [0x00000000eab00000, 0x00000000ebb00000, 0x0000000100000000)
  eden space 14336K, 100% used [0x00000000eab00000,0x00000000eb900000,0x00000000eb900000)
  from space 1024K, 12% used [0x00000000eb980000,0x00000000eb9a0000,0x00000000eba80000)
  to   space 512K, 0% used [0x00000000eba80000,0x00000000eba80000,0x00000000ebb00000)
 ParOldGen       total 68608K, used 62573K [0x00000000c0000000, 0x00000000c4300000, 0x00000000eab00000)
  object space 68608K, 91% used [0x00000000c0000000,0x00000000c3d1b588,0x00000000c4300000)
 Metaspace       used 74245K, committed 75264K, reserved 1122304K
  class space    used 8922K, committed 9408K, reserved 1048576K
}
Event: 1062.290 GC heap after
{Heap after GC invocations=71 (full 3):
 PSYoungGen      total 14848K, used 208K [0x00000000eab00000, 0x00000000ebb00000, 0x0000000100000000)
  eden space 14336K, 0% used [0x00000000eab00000,0x00000000eab00000,0x00000000eb900000)
  from space 512K, 40% used [0x00000000eba80000,0x00000000ebab4010,0x00000000ebb00000)
  to   space 512K, 0% used [0x00000000eba00000,0x00000000eba00000,0x00000000eba80000)
 ParOldGen       total 68608K, used 62597K [0x00000000c0000000, 0x00000000c4300000, 0x00000000eab00000)
  object space 68608K, 91% used [0x00000000c0000000,0x00000000c3d21588,0x00000000c4300000)
 Metaspace       used 74245K, committed 75264K, reserved 1122304K
  class space    used 8922K, committed 9408K, reserved 1048576K
}

