# JRE version: OpenJDK Runtime Environment OpenLogic-OpenJDK (22.0.2+9) (build 22.0.2+9-adhoc.Administrator.jdk22u)
# Java VM: OpenJDK 64-Bit Server VM OpenLogic-OpenJDK (22.0.2+9-adhoc.Administrator.jdk22u, mixed mode, sharing, tiered, compressed oops, compressed class ptrs, g1 gc, windows-amd64)
GC Precious Log:
 CardTable entry size: 512
 Card Set container configuration: InlinePtr #cards 5 size 8 Array Of Cards #cards 12 size 40 Howl #buckets 4 coarsen threshold 1843 Howl Bitmap #cards 512 size 80 coarsen threshold 460 Card regions per heap region 1 cards per card region 2048
 CPUs: 4 total, 4 available
 Memory: 3862M
 Large Page Support: Disabled
 NUMA Support: Disabled
 Compressed Oops: Enabled (32-bit)
 Heap Region Size: 1M
 Heap Min Capacity: 8M
 Heap Initial Capacity: 62M
 Heap Max Capacity: 1G
 Pre-touch: Disabled
 Parallel Workers: 4
 Concurrent Workers: 1
 Concurrent Refinement Workers: 4
 Periodic GC: Disabled
Heap:
 garbage-first heap   total reserved 1048576K, committed 126976K, used 90012K [0x00000000c0000000, 0x0000000100000000)
  region size 1024K, 12 young (12288K), 5 survivors (5120K)
 Metaspace       used 75631K, committed 77952K, reserved 344064K
  class space    used 10792K, committed 11904K, reserved 212992K
GC Heap History (20 events):
Event: 50.062 GC heap before
{Heap before GC invocations=35 (full 0):
 garbage-first heap   total reserved 1048576K, committed 89088K, used 67584K [0x00000000c0000000, 0x0000000100000000)
  region size 1024K, 18 young (18432K), 3 survivors (3072K)
 Metaspace       used 57818K, committed 59904K, reserved 278528K
  class space    used 8457K, committed 9472K, reserved 212992K
}
Event: 50.074 GC heap after
{Heap after GC invocations=36 (full 0):
 garbage-first heap   total reserved 1048576K, committed 89088K, used 55006K [0x00000000c0000000, 0x0000000100000000)
  region size 1024K, 3 young (3072K), 3 survivors (3072K)
 Metaspace       used 57818K, committed 59904K, reserved 278528K
  class space    used 8457K, committed 9472K, reserved 212992K
}
Event: 52.255 GC heap before
{Heap before GC invocations=37 (full 0):
 garbage-first heap   total reserved 1048576K, committed 94208K, used 85726K [0x00000000c0000000, 0x0000000100000000)
  region size 1024K, 27 young (27648K), 3 survivors (3072K)
 Metaspace       used 59022K, committed 61120K, reserved 278528K
  class space    used 8589K, committed 9600K, reserved 212992K
}
Event: 52.277 GC heap after
{Heap after GC invocations=38 (full 0):
 garbage-first heap   total reserved 1048576K, committed 95232K, used 67022K [0x00000000c0000000, 0x0000000100000000)
  region size 1024K, 4 young (4096K), 4 survivors (4096K)
 Metaspace       used 59022K, committed 61120K, reserved 278528K
  class space    used 8589K, committed 9600K, reserved 212992K
}
Event: 53.318 GC heap before
{Heap before GC invocations=38 (full 0):
 garbage-first heap   total reserved 1048576K, committed 95232K, used 83406K [0x00000000c0000000, 0x0000000100000000)
  region size 1024K, 21 young (21504K), 4 survivors (4096K)
 Metaspace       used 60271K, committed 62464K, reserved 278528K
  class space    used 8750K, committed 9792K, reserved 212992K
}
Event: 53.324 GC heap after
{Heap after GC invocations=39 (full 0):
 garbage-first heap   total reserved 1048576K, committed 95232K, used 66770K [0x00000000c0000000, 0x0000000100000000)
  region size 1024K, 1 young (1024K), 1 survivors (1024K)
 Metaspace       used 60271K, committed 62464K, reserved 278528K
  class space    used 8750K, committed 9792K, reserved 212992K
}
Event: 53.917 GC heap before
{Heap before GC invocations=39 (full 0):
 garbage-first heap   total reserved 1048576K, committed 95232K, used 87250K [0x00000000c0000000, 0x0000000100000000)
  region size 1024K, 21 young (21504K), 1 survivors (1024K)
 Metaspace       used 62272K, committed 64448K, reserved 278528K
  class space    used 8949K, committed 9984K, reserved 212992K
}
Event: 53.922 GC heap after
{Heap after GC invocations=40 (full 0):
 garbage-first heap   total reserved 1048576K, committed 95232K, used 66992K [0x00000000c0000000, 0x0000000100000000)
  region size 1024K, 2 young (2048K), 2 survivors (2048K)
 Metaspace       used 62272K, committed 64448K, reserved 278528K
  class space    used 8949K, committed 9984K, reserved 212992K
}
Event: 54.988 GC heap before
{Heap before GC invocations=41 (full 0):
 garbage-first heap   total reserved 1048576K, committed 117760K, used 85424K [0x00000000c0000000, 0x0000000100000000)
  region size 1024K, 19 young (19456K), 2 survivors (2048K)
 Metaspace       used 63467K, committed 65664K, reserved 278528K
  class space    used 9161K, committed 10240K, reserved 212992K
}
Event: 54.998 GC heap after
{Heap after GC invocations=42 (full 0):
 garbage-first heap   total reserved 1048576K, committed 117760K, used 69500K [0x00000000c0000000, 0x0000000100000000)
  region size 1024K, 3 young (3072K), 3 survivors (3072K)
 Metaspace       used 63467K, committed 65664K, reserved 278528K
  class space    used 9161K, committed 10240K, reserved 212992K
}
Event: 56.639 GC heap before
{Heap before GC invocations=42 (full 0):
 garbage-first heap   total reserved 1048576K, committed 117760K, used 104316K [0x00000000c0000000, 0x0000000100000000)
  region size 1024K, 36 young (36864K), 3 survivors (3072K)
 Metaspace       used 67678K, committed 69824K, reserved 278528K
  class space    used 9719K, committed 10752K, reserved 212992K
}
Event: 56.663 GC heap after
{Heap after GC invocations=43 (full 0):
 garbage-first heap   total reserved 1048576K, committed 117760K, used 72634K [0x00000000c0000000, 0x0000000100000000)
  region size 1024K, 5 young (5120K), 5 survivors (5120K)
 Metaspace       used 67678K, committed 69824K, reserved 278528K
  class space    used 9719K, committed 10752K, reserved 212992K
}
Event: 58.245 GC heap before
{Heap before GC invocations=43 (full 0):
 garbage-first heap   total reserved 1048576K, committed 117760K, used 104378K [0x00000000c0000000, 0x0000000100000000)
  region size 1024K, 36 young (36864K), 5 survivors (5120K)
 Metaspace       used 70098K, committed 72384K, reserved 278528K
  class space    used 10056K, committed 11136K, reserved 212992K
}
Event: 58.266 GC heap after
{Heap after GC invocations=44 (full 0):
 garbage-first heap   total reserved 1048576K, committed 117760K, used 74122K [0x00000000c0000000, 0x0000000100000000)
  region size 1024K, 4 young (4096K), 4 survivors (4096K)
 Metaspace       used 70098K, committed 72384K, reserved 278528K
  class space    used 10056K, committed 11136K, reserved 212992K
}
Event: 59.887 GC heap before
{Heap before GC invocations=45 (full 0):
 garbage-first heap   total reserved 1048576K, committed 126976K, used 109962K [0x00000000c0000000, 0x0000000100000000)
  region size 1024K, 34 young (34816K), 4 survivors (4096K)
 Metaspace       used 71134K, committed 73472K, reserved 278528K
  class space    used 10217K, committed 11328K, reserved 212992K
}
Event: 59.910 GC heap after
{Heap after GC invocations=46 (full 0):
 garbage-first heap   total reserved 1048576K, committed 126976K, used 78809K [0x00000000c0000000, 0x0000000100000000)
  region size 1024K, 5 young (5120K), 5 survivors (5120K)
 Metaspace       used 71134K, committed 73472K, reserved 278528K
  class space    used 10217K, committed 11328K, reserved 212992K
}
Event: 62.143 GC heap before
{Heap before GC invocations=46 (full 0):
 garbage-first heap   total reserved 1048576K, committed 126976K, used 114649K [0x00000000c0000000, 0x0000000100000000)
  region size 1024K, 40 young (40960K), 5 survivors (5120K)
 Metaspace       used 73481K, committed 75776K, reserved 278528K
  class space    used 10523K, committed 11648K, reserved 212992K
}
Event: 62.169 GC heap after
{Heap after GC invocations=47 (full 0):
 garbage-first heap   total reserved 1048576K, committed 126976K, used 81016K [0x00000000c0000000, 0x0000000100000000)
  region size 1024K, 3 young (3072K), 3 survivors (3072K)
 Metaspace       used 73481K, committed 75776K, reserved 278528K
  class space    used 10523K, committed 11648K, reserved 212992K
}
Event: 65.339 GC heap before
{Heap before GC invocations=47 (full 0):
 garbage-first heap   total reserved 1048576K, committed 126976K, used 115832K [0x00000000c0000000, 0x0000000100000000)
  region size 1024K, 37 young (37888K), 3 survivors (3072K)
 Metaspace       used 75195K, committed 77504K, reserved 344064K
  class space    used 10733K, committed 11840K, reserved 212992K
}
Event: 65.367 GC heap after
{Heap after GC invocations=48 (full 0):
 garbage-first heap   total reserved 1048576K, committed 126976K, used 83868K [0x00000000c0000000, 0x0000000100000000)
  region size 1024K, 5 young (5120K), 5 survivors (5120K)
 Metaspace       used 75195K, committed 77504K, reserved 344064K
  class space    used 10733K, committed 11840K, reserved 212992K
}

