# JRE version: OpenJDK Runtime Environment OpenLogic-OpenJDK (22.0.2+9) (build 22.0.2+9-adhoc.Administrator.jdk22u)
# Java VM: OpenJDK 64-Bit Server VM OpenLogic-OpenJDK (22.0.2+9-adhoc.Administrator.jdk22u, mixed mode, sharing, tiered, compressed oops, compressed class ptrs, g1 gc, windows-amd64)
GC Precious Log:
 CardTable entry size: 512
 Card Set container configuration: InlinePtr #cards 5 size 8 Array Of Cards #cards 12 size 40 Howl #buckets 4 coarsen threshold 1843 Howl Bitmap #cards 512 size 80 coarsen threshold 460 Card regions per heap region 1 cards per card region 2048
 CPUs: 4 total, 4 available
 Memory: 3862M
 Large Page Support: Disabled
 NUMA Support: Disabled
 Compressed Oops: Enabled (32-bit)
 Heap Region Size: 1M
 Heap Min Capacity: 8M
 Heap Initial Capacity: 62M
 Heap Max Capacity: 512M
 Pre-touch: Disabled
 Parallel Workers: 4
 Concurrent Workers: 1
 Concurrent Refinement Workers: 4
 Periodic GC: Disabled
Heap:
 garbage-first heap   total reserved 524288K, committed 150528K, used 121529K [0x00000000e0000000, 0x0000000100000000)
  region size 1024K, 38 young (38912K), 5 survivors (5120K)
 Metaspace       used 83655K, committed 86016K, reserved 344064K
  class space    used 12110K, committed 13248K, reserved 212992K
GC Heap History (20 events):
Event: 51.198 GC heap before
{Heap before GC invocations=39 (full 0):
 garbage-first heap   total reserved 524288K, committed 93184K, used 83925K [0x00000000e0000000, 0x0000000100000000)
  region size 1024K, 18 young (18432K), 1 survivors (1024K)
 Metaspace       used 61427K, committed 63488K, reserved 278528K
  class space    used 8838K, committed 9856K, reserved 212992K
}
Event: 51.203 GC heap after
{Heap after GC invocations=40 (full 0):
 garbage-first heap   total reserved 524288K, committed 93184K, used 67800K [0x00000000e0000000, 0x0000000100000000)
  region size 1024K, 1 young (1024K), 1 survivors (1024K)
 Metaspace       used 61427K, committed 63488K, reserved 278528K
  class space    used 8838K, committed 9856K, reserved 212992K
}
Event: 52.012 GC heap before
{Heap before GC invocations=41 (full 0):
 garbage-first heap   total reserved 524288K, committed 114688K, used 85208K [0x00000000e0000000, 0x0000000100000000)
  region size 1024K, 17 young (17408K), 1 survivors (1024K)
 Metaspace       used 62599K, committed 64704K, reserved 278528K
  class space    used 8990K, committed 9984K, reserved 212992K
}
Event: 52.016 GC heap after
{Heap after GC invocations=42 (full 0):
 garbage-first heap   total reserved 524288K, committed 114688K, used 70421K [0x00000000e0000000, 0x0000000100000000)
  region size 1024K, 3 young (3072K), 3 survivors (3072K)
 Metaspace       used 62599K, committed 64704K, reserved 278528K
  class space    used 8990K, committed 9984K, reserved 212992K
}
Event: 53.887 GC heap before
{Heap before GC invocations=42 (full 0):
 garbage-first heap   total reserved 524288K, committed 114688K, used 104213K [0x00000000e0000000, 0x0000000100000000)
  region size 1024K, 35 young (35840K), 3 survivors (3072K)
 Metaspace       used 66445K, committed 68608K, reserved 278528K
  class space    used 9564K, committed 10624K, reserved 212992K
}
Event: 53.909 GC heap after
{Heap after GC invocations=43 (full 0):
 garbage-first heap   total reserved 524288K, committed 114688K, used 73536K [0x00000000e0000000, 0x0000000100000000)
  region size 1024K, 4 young (4096K), 4 survivors (4096K)
 Metaspace       used 66445K, committed 68608K, reserved 278528K
  class space    used 9564K, committed 10624K, reserved 212992K
}
Event: 55.231 GC heap before
{Heap before GC invocations=43 (full 0):
 garbage-first heap   total reserved 524288K, committed 114688K, used 103232K [0x00000000e0000000, 0x0000000100000000)
  region size 1024K, 33 young (33792K), 4 survivors (4096K)
 Metaspace       used 69313K, committed 71488K, reserved 278528K
  class space    used 9929K, committed 10944K, reserved 212992K
}
Event: 55.260 GC heap after
{Heap after GC invocations=44 (full 0):
 garbage-first heap   total reserved 524288K, committed 114688K, used 74717K [0x00000000e0000000, 0x0000000100000000)
  region size 1024K, 3 young (3072K), 3 survivors (3072K)
 Metaspace       used 69313K, committed 71488K, reserved 278528K
  class space    used 9929K, committed 10944K, reserved 212992K
}
Event: 56.985 GC heap before
{Heap before GC invocations=45 (full 0):
 garbage-first heap   total reserved 524288K, committed 126976K, used 107485K [0x00000000e0000000, 0x0000000100000000)
  region size 1024K, 31 young (31744K), 3 survivors (3072K)
 Metaspace       used 70420K, committed 72704K, reserved 278528K
  class space    used 10087K, committed 11200K, reserved 212992K
}
Event: 57.005 GC heap after
{Heap after GC invocations=46 (full 0):
 garbage-first heap   total reserved 524288K, committed 126976K, used 83488K [0x00000000e0000000, 0x0000000100000000)
  region size 1024K, 4 young (4096K), 4 survivors (4096K)
 Metaspace       used 70420K, committed 72704K, reserved 278528K
  class space    used 10087K, committed 11200K, reserved 212992K
}
Event: 58.282 GC heap before
{Heap before GC invocations=46 (full 0):
 garbage-first heap   total reserved 524288K, committed 126976K, used 116256K [0x00000000e0000000, 0x0000000100000000)
  region size 1024K, 35 young (35840K), 4 survivors (4096K)
 Metaspace       used 72234K, committed 74496K, reserved 278528K
  class space    used 10343K, committed 11456K, reserved 212992K
}
Event: 58.296 GC heap after
{Heap after GC invocations=47 (full 0):
 garbage-first heap   total reserved 524288K, committed 126976K, used 85510K [0x00000000e0000000, 0x0000000100000000)
  region size 1024K, 4 young (4096K), 4 survivors (4096K)
 Metaspace       used 72234K, committed 74496K, reserved 278528K
  class space    used 10343K, committed 11456K, reserved 212992K
}
Event: 60.859 GC heap before
{Heap before GC invocations=47 (full 0):
 garbage-first heap   total reserved 524288K, committed 126976K, used 114182K [0x00000000e0000000, 0x0000000100000000)
  region size 1024K, 32 young (32768K), 4 survivors (4096K)
 Metaspace       used 74121K, committed 76416K, reserved 278528K
  class space    used 10572K, committed 11712K, reserved 212992K
}
Event: 60.907 GC heap after
{Heap after GC invocations=48 (full 0):
 garbage-first heap   total reserved 524288K, committed 126976K, used 86688K [0x00000000e0000000, 0x0000000100000000)
  region size 1024K, 2 young (2048K), 2 survivors (2048K)
 Metaspace       used 74121K, committed 76416K, reserved 278528K
  class space    used 10572K, committed 11712K, reserved 212992K
}
Event: 66.746 GC heap before
{Heap before GC invocations=49 (full 0):
 garbage-first heap   total reserved 524288K, committed 145408K, used 114336K [0x00000000e0000000, 0x0000000100000000)
  region size 1024K, 30 young (30720K), 2 survivors (2048K)
 Metaspace       used 75399K, committed 77632K, reserved 344064K
  class space    used 10740K, committed 11840K, reserved 212992K
}
Event: 66.772 GC heap after
{Heap after GC invocations=50 (full 0):
 garbage-first heap   total reserved 524288K, committed 145408K, used 87034K [0x00000000e0000000, 0x0000000100000000)
  region size 1024K, 3 young (3072K), 3 survivors (3072K)
 Metaspace       used 75399K, committed 77632K, reserved 344064K
  class space    used 10740K, committed 11840K, reserved 212992K
}
Event: 69.769 GC heap before
{Heap before GC invocations=50 (full 0):
 garbage-first heap   total reserved 524288K, committed 145408K, used 132090K [0x00000000e0000000, 0x0000000100000000)
  region size 1024K, 48 young (49152K), 3 survivors (3072K)
 Metaspace       used 78511K, committed 80832K, reserved 344064K
  class space    used 11204K, committed 12352K, reserved 212992K
}
Event: 69.822 GC heap after
{Heap after GC invocations=51 (full 0):
 garbage-first heap   total reserved 524288K, committed 145408K, used 87535K [0x00000000e0000000, 0x0000000100000000)
  region size 1024K, 5 young (5120K), 5 survivors (5120K)
 Metaspace       used 78511K, committed 80832K, reserved 344064K
  class space    used 11204K, committed 12352K, reserved 212992K
}
Event: 72.701 GC heap before
{Heap before GC invocations=51 (full 0):
 garbage-first heap   total reserved 524288K, committed 145408K, used 130543K [0x00000000e0000000, 0x0000000100000000)
  region size 1024K, 47 young (48128K), 5 survivors (5120K)
 Metaspace       used 81691K, committed 84096K, reserved 344064K
  class space    used 11718K, committed 12864K, reserved 212992K
}
Event: 72.745 GC heap after
{Heap after GC invocations=52 (full 0):
 garbage-first heap   total reserved 524288K, committed 145408K, used 88761K [0x00000000e0000000, 0x0000000100000000)
  region size 1024K, 5 young (5120K), 5 survivors (5120K)
 Metaspace       used 81691K, committed 84096K, reserved 344064K
  class space    used 11718K, committed 12864K, reserved 212992K
}

