# JRE version: OpenJDK Runtime Environment OpenLogic-OpenJDK (22.0.2+9) (build 22.0.2+9-adhoc.Administrator.jdk22u)
# Java VM: OpenJDK 64-Bit Server VM OpenLogic-OpenJDK (22.0.2+9-adhoc.Administrator.jdk22u, mixed mode, sharing, tiered, compressed oops, compressed class ptrs, g1 gc, windows-amd64)
GC Precious Log:
 CardTable entry size: 512
 Card Set container configuration: InlinePtr #cards 5 size 8 Array Of Cards #cards 12 size 40 Howl #buckets 4 coarsen threshold 1843 Howl Bitmap #cards 512 size 80 coarsen threshold 460 Card regions per heap region 1 cards per card region 2048
 CPUs: 4 total, 4 available
 Memory: 3862M
 Large Page Support: Disabled
 NUMA Support: Disabled
 Compressed Oops: Enabled (32-bit)
 Heap Region Size: 1M
 Heap Min Capacity: 8M
 Heap Initial Capacity: 62M
 Heap Max Capacity: 512M
 Pre-touch: Disabled
 Parallel Workers: 4
 Concurrent Workers: 1
 Concurrent Refinement Workers: 4
 Periodic GC: Disabled
Heap:
 garbage-first heap   total reserved 524288K, committed 209920K, used 119296K [0x00000000e0000000, 0x0000000100000000)
  region size 1024K, 20 young (20480K), 5 survivors (5120K)
 Metaspace       used 87726K, committed 89856K, reserved 344064K
  class space    used 12317K, committed 13312K, reserved 212992K
GC Heap History (20 events):
Event: 21.850 GC heap before
{Heap before GC invocations=37 (full 0):
 garbage-first heap   total reserved 524288K, committed 92160K, used 80706K [0x00000000e0000000, 0x0000000100000000)
  region size 1024K, 28 young (28672K), 3 survivors (3072K)
 Metaspace       used 65572K, committed 67712K, reserved 278528K
  class space    used 9912K, committed 10944K, reserved 212992K
}
Event: 21.855 GC heap after
{Heap after GC invocations=38 (full 0):
 garbage-first heap   total reserved 524288K, committed 92160K, used 56068K [0x00000000e0000000, 0x0000000100000000)
  region size 1024K, 2 young (2048K), 2 survivors (2048K)
 Metaspace       used 65572K, committed 67712K, reserved 278528K
  class space    used 9912K, committed 10944K, reserved 212992K
}
Event: 22.342 GC heap before
{Heap before GC invocations=38 (full 0):
 garbage-first heap   total reserved 524288K, committed 92160K, used 84740K [0x00000000e0000000, 0x0000000100000000)
  region size 1024K, 30 young (30720K), 2 survivors (2048K)
 Metaspace       used 69425K, committed 71488K, reserved 278528K
  class space    used 10401K, committed 11392K, reserved 212992K
}
Event: 22.348 GC heap after
{Heap after GC invocations=39 (full 0):
 garbage-first heap   total reserved 524288K, committed 92160K, used 56493K [0x00000000e0000000, 0x0000000100000000)
  region size 1024K, 3 young (3072K), 3 survivors (3072K)
 Metaspace       used 69425K, committed 71488K, reserved 278528K
  class space    used 10401K, committed 11392K, reserved 212992K
}
Event: 22.786 GC heap before
{Heap before GC invocations=39 (full 0):
 garbage-first heap   total reserved 524288K, committed 92160K, used 82093K [0x00000000e0000000, 0x0000000100000000)
  region size 1024K, 29 young (29696K), 3 survivors (3072K)
 Metaspace       used 72970K, committed 75072K, reserved 278528K
  class space    used 10807K, committed 11840K, reserved 212992K
}
Event: 22.792 GC heap after
{Heap after GC invocations=40 (full 0):
 garbage-first heap   total reserved 524288K, committed 92160K, used 57461K [0x00000000e0000000, 0x0000000100000000)
  region size 1024K, 3 young (3072K), 3 survivors (3072K)
 Metaspace       used 72970K, committed 75072K, reserved 278528K
  class space    used 10807K, committed 11840K, reserved 212992K
}
Event: 23.039 GC heap before
{Heap before GC invocations=41 (full 0):
 garbage-first heap   total reserved 524288K, committed 97280K, used 81013K [0x00000000e0000000, 0x0000000100000000)
  region size 1024K, 27 young (27648K), 3 survivors (3072K)
 Metaspace       used 73135K, committed 75264K, reserved 278528K
  class space    used 10829K, committed 11840K, reserved 212992K
}
Event: 23.103 GC heap after
{Heap after GC invocations=42 (full 0):
 garbage-first heap   total reserved 524288K, committed 97280K, used 69474K [0x00000000e0000000, 0x0000000100000000)
  region size 1024K, 4 young (4096K), 4 survivors (4096K)
 Metaspace       used 73135K, committed 75264K, reserved 278528K
  class space    used 10829K, committed 11840K, reserved 212992K
}
Event: 23.157 GC heap before
{Heap before GC invocations=42 (full 0):
 garbage-first heap   total reserved 524288K, committed 97280K, used 85858K [0x00000000e0000000, 0x0000000100000000)
  region size 1024K, 20 young (20480K), 4 survivors (4096K)
 Metaspace       used 73136K, committed 75264K, reserved 278528K
  class space    used 10831K, committed 11840K, reserved 212992K
}
Event: 23.170 GC heap after
{Heap after GC invocations=43 (full 0):
 garbage-first heap   total reserved 524288K, committed 97280K, used 74752K [0x00000000e0000000, 0x0000000100000000)
  region size 1024K, 3 young (3072K), 3 survivors (3072K)
 Metaspace       used 73136K, committed 75264K, reserved 278528K
  class space    used 10831K, committed 11840K, reserved 212992K
}
Event: 23.236 GC heap before
{Heap before GC invocations=43 (full 0):
 garbage-first heap   total reserved 524288K, committed 97280K, used 87040K [0x00000000e0000000, 0x0000000100000000)
  region size 1024K, 15 young (15360K), 3 survivors (3072K)
 Metaspace       used 73137K, committed 75264K, reserved 278528K
  class space    used 10831K, committed 11840K, reserved 212992K
}
Event: 23.245 GC heap after
{Heap after GC invocations=44 (full 0):
 garbage-first heap   total reserved 524288K, committed 97280K, used 80622K [0x00000000e0000000, 0x0000000100000000)
  region size 1024K, 2 young (2048K), 2 survivors (2048K)
 Metaspace       used 73137K, committed 75264K, reserved 278528K
  class space    used 10831K, committed 11840K, reserved 212992K
}
Event: 23.312 GC heap before
{Heap before GC invocations=44 (full 0):
 garbage-first heap   total reserved 524288K, committed 97280K, used 88814K [0x00000000e0000000, 0x0000000100000000)
  region size 1024K, 10 young (10240K), 2 survivors (2048K)
 Metaspace       used 73137K, committed 75264K, reserved 278528K
  class space    used 10831K, committed 11840K, reserved 212992K
}
Event: 23.318 GC heap after
{Heap after GC invocations=45 (full 0):
 garbage-first heap   total reserved 524288K, committed 97280K, used 85646K [0x00000000e0000000, 0x0000000100000000)
  region size 1024K, 2 young (2048K), 2 survivors (2048K)
 Metaspace       used 73137K, committed 75264K, reserved 278528K
  class space    used 10831K, committed 11840K, reserved 212992K
}
Event: 23.350 GC heap before
{Heap before GC invocations=45 (full 0):
 garbage-first heap   total reserved 524288K, committed 97280K, used 88718K [0x00000000e0000000, 0x0000000100000000)
  region size 1024K, 5 young (5120K), 2 survivors (2048K)
 Metaspace       used 73137K, committed 75264K, reserved 278528K
  class space    used 10831K, committed 11840K, reserved 212992K
}
Event: 23.355 GC heap after
{Heap after GC invocations=46 (full 0):
 garbage-first heap   total reserved 524288K, committed 209920K, used 87040K [0x00000000e0000000, 0x0000000100000000)
  region size 1024K, 1 young (1024K), 1 survivors (1024K)
 Metaspace       used 73137K, committed 75264K, reserved 278528K
  class space    used 10831K, committed 11840K, reserved 212992K
}
Event: 26.169 GC heap before
{Heap before GC invocations=47 (full 0):
 garbage-first heap   total reserved 524288K, committed 209920K, used 162816K [0x00000000e0000000, 0x0000000100000000)
  region size 1024K, 75 young (76800K), 1 survivors (1024K)
 Metaspace       used 79146K, committed 81280K, reserved 344064K
  class space    used 11476K, committed 12480K, reserved 212992K
}
Event: 26.219 GC heap after
{Heap after GC invocations=48 (full 0):
 garbage-first heap   total reserved 524288K, committed 209920K, used 100289K [0x00000000e0000000, 0x0000000100000000)
  region size 1024K, 10 young (10240K), 10 survivors (10240K)
 Metaspace       used 79146K, committed 81280K, reserved 344064K
  class space    used 11476K, committed 12480K, reserved 212992K
}
Event: 27.783 GC heap before
{Heap before GC invocations=48 (full 0):
 garbage-first heap   total reserved 524288K, committed 209920K, used 163777K [0x00000000e0000000, 0x0000000100000000)
  region size 1024K, 73 young (74752K), 10 survivors (10240K)
 Metaspace       used 85996K, committed 88064K, reserved 344064K
  class space    used 12140K, committed 13120K, reserved 212992K
}
Event: 27.854 GC heap after
{Heap after GC invocations=49 (full 0):
 garbage-first heap   total reserved 524288K, committed 209920K, used 104960K [0x00000000e0000000, 0x0000000100000000)
  region size 1024K, 5 young (5120K), 5 survivors (5120K)
 Metaspace       used 85996K, committed 88064K, reserved 344064K
  class space    used 12140K, committed 13120K, reserved 212992K
}

