# JRE version: OpenJDK Runtime Environment OpenLogic-OpenJDK (22.0.2+9) (build 22.0.2+9-adhoc.Administrator.jdk22u)
# Java VM: OpenJDK 64-Bit Server VM OpenLogic-OpenJDK (22.0.2+9-adhoc.Administrator.jdk22u, mixed mode, sharing, tiered, compressed oops, compressed class ptrs, g1 gc, windows-amd64)
GC Precious Log:
 CardTable entry size: 512
 Card Set container configuration: InlinePtr #cards 5 size 8 Array Of Cards #cards 12 size 40 Howl #buckets 4 coarsen threshold 1843 Howl Bitmap #cards 512 size 80 coarsen threshold 460 Card regions per heap region 1 cards per card region 2048
 CPUs: 4 total, 4 available
 Memory: 3862M
 Large Page Support: Disabled
 NUMA Support: Disabled
 Compressed Oops: Enabled (32-bit)
 Heap Region Size: 1M
 Heap Min Capacity: 8M
 Heap Initial Capacity: 62M
 Heap Max Capacity: 2G
 Pre-touch: Disabled
 Parallel Workers: 4
 Concurrent Workers: 1
 Concurrent Refinement Workers: 4
 Periodic GC: Disabled
Heap:
 garbage-first heap   total reserved 2097152K, committed 87040K, used 68801K [0x0000000080000000, 0x0000000100000000)
  region size 1024K, 20 young (20480K), 4 survivors (4096K)
 Metaspace       used 57632K, committed 59712K, reserved 491520K
  class space    used 8426K, committed 9472K, reserved 425984K
GC Heap History (20 events):
Event: 27.539 GC heap before
{Heap before GC invocations=22 (full 0):
 garbage-first heap   total reserved 2097152K, committed 66560K, used 58724K [0x0000000080000000, 0x0000000100000000)
  region size 1024K, 21 young (21504K), 3 survivors (3072K)
 Metaspace       used 49770K, committed 51648K, reserved 491520K
  class space    used 7374K, committed 8256K, reserved 425984K
}
Event: 27.545 GC heap after
{Heap after GC invocations=23 (full 0):
 garbage-first heap   total reserved 2097152K, committed 66560K, used 40648K [0x0000000080000000, 0x0000000100000000)
  region size 1024K, 2 young (2048K), 2 survivors (2048K)
 Metaspace       used 49770K, committed 51648K, reserved 491520K
  class space    used 7374K, committed 8256K, reserved 425984K
}
Event: 28.236 GC heap before
{Heap before GC invocations=23 (full 0):
 garbage-first heap   total reserved 2097152K, committed 66560K, used 59080K [0x0000000080000000, 0x0000000100000000)
  region size 1024K, 21 young (21504K), 2 survivors (2048K)
 Metaspace       used 52381K, committed 54272K, reserved 491520K
  class space    used 7763K, committed 8640K, reserved 425984K
}
Event: 28.241 GC heap after
{Heap after GC invocations=24 (full 0):
 garbage-first heap   total reserved 2097152K, committed 66560K, used 41270K [0x0000000080000000, 0x0000000100000000)
  region size 1024K, 2 young (2048K), 2 survivors (2048K)
 Metaspace       used 52381K, committed 54272K, reserved 491520K
  class space    used 7763K, committed 8640K, reserved 425984K
}
Event: 29.148 GC heap before
{Heap before GC invocations=25 (full 0):
 garbage-first heap   total reserved 2097152K, committed 70656K, used 59702K [0x0000000080000000, 0x0000000100000000)
  region size 1024K, 20 young (20480K), 2 survivors (2048K)
 Metaspace       used 53894K, committed 55744K, reserved 491520K
  class space    used 8019K, committed 8896K, reserved 425984K
}
Event: 29.156 GC heap after
{Heap after GC invocations=26 (full 0):
 garbage-first heap   total reserved 2097152K, committed 70656K, used 43406K [0x0000000080000000, 0x0000000100000000)
  region size 1024K, 3 young (3072K), 3 survivors (3072K)
 Metaspace       used 53894K, committed 55744K, reserved 491520K
  class space    used 8019K, committed 8896K, reserved 425984K
}
Event: 30.074 GC heap before
{Heap before GC invocations=26 (full 0):
 garbage-first heap   total reserved 2097152K, committed 70656K, used 61838K [0x0000000080000000, 0x0000000100000000)
  region size 1024K, 22 young (22528K), 3 survivors (3072K)
 Metaspace       used 55391K, committed 57408K, reserved 491520K
  class space    used 8257K, committed 9216K, reserved 425984K
}
Event: 30.080 GC heap after
{Heap after GC invocations=27 (full 0):
 garbage-first heap   total reserved 2097152K, committed 70656K, used 45014K [0x0000000080000000, 0x0000000100000000)
  region size 1024K, 2 young (2048K), 2 survivors (2048K)
 Metaspace       used 55391K, committed 57408K, reserved 491520K
  class space    used 8257K, committed 9216K, reserved 425984K
}
Event: 31.403 GC heap before
{Heap before GC invocations=27 (full 0):
 garbage-first heap   total reserved 2097152K, committed 70656K, used 63446K [0x0000000080000000, 0x0000000100000000)
  region size 1024K, 20 young (20480K), 2 survivors (2048K)
 Metaspace       used 56436K, committed 58432K, reserved 491520K
  class space    used 8380K, committed 9344K, reserved 425984K
}
Event: 31.410 GC heap after
{Heap after GC invocations=28 (full 0):
 garbage-first heap   total reserved 2097152K, committed 70656K, used 48108K [0x0000000080000000, 0x0000000100000000)
  region size 1024K, 3 young (3072K), 3 survivors (3072K)
 Metaspace       used 56436K, committed 58432K, reserved 491520K
  class space    used 8380K, committed 9344K, reserved 425984K
}
Event: 32.753 GC heap before
{Heap before GC invocations=29 (full 0):
 garbage-first heap   total reserved 2097152K, committed 80896K, used 62444K [0x0000000080000000, 0x0000000100000000)
  region size 1024K, 17 young (17408K), 3 survivors (3072K)
 Metaspace       used 56831K, committed 58816K, reserved 491520K
  class space    used 8392K, committed 9344K, reserved 425984K
}
Event: 32.762 GC heap after
{Heap after GC invocations=30 (full 0):
 garbage-first heap   total reserved 2097152K, committed 80896K, used 49923K [0x0000000080000000, 0x0000000100000000)
  region size 1024K, 2 young (2048K), 2 survivors (2048K)
 Metaspace       used 56831K, committed 58816K, reserved 491520K
  class space    used 8392K, committed 9344K, reserved 425984K
}
Event: 35.765 GC heap before
{Heap before GC invocations=30 (full 0):
 garbage-first heap   total reserved 2097152K, committed 80896K, used 71427K [0x0000000080000000, 0x0000000100000000)
  region size 1024K, 23 young (23552K), 2 survivors (2048K)
 Metaspace       used 57089K, committed 59136K, reserved 491520K
  class space    used 8392K, committed 9344K, reserved 425984K
}
Event: 35.771 GC heap after
{Heap after GC invocations=31 (full 0):
 garbage-first heap   total reserved 2097152K, committed 80896K, used 50904K [0x0000000080000000, 0x0000000100000000)
  region size 1024K, 2 young (2048K), 2 survivors (2048K)
 Metaspace       used 57089K, committed 59136K, reserved 491520K
  class space    used 8392K, committed 9344K, reserved 425984K
}
Event: 38.749 GC heap before
{Heap before GC invocations=31 (full 0):
 garbage-first heap   total reserved 2097152K, committed 80896K, used 71384K [0x0000000080000000, 0x0000000100000000)
  region size 1024K, 23 young (23552K), 2 survivors (2048K)
 Metaspace       used 57333K, committed 59328K, reserved 491520K
  class space    used 8392K, committed 9344K, reserved 425984K
}
Event: 38.753 GC heap after
{Heap after GC invocations=32 (full 0):
 garbage-first heap   total reserved 2097152K, committed 80896K, used 51720K [0x0000000080000000, 0x0000000100000000)
  region size 1024K, 2 young (2048K), 2 survivors (2048K)
 Metaspace       used 57333K, committed 59328K, reserved 491520K
  class space    used 8392K, committed 9344K, reserved 425984K
}
Event: 41.528 GC heap before
{Heap before GC invocations=33 (full 0):
 garbage-first heap   total reserved 2097152K, committed 87040K, used 72200K [0x0000000080000000, 0x0000000100000000)
  region size 1024K, 23 young (23552K), 2 survivors (2048K)
 Metaspace       used 57441K, committed 59456K, reserved 491520K
  class space    used 8392K, committed 9344K, reserved 425984K
}
Event: 41.532 GC heap after
{Heap after GC invocations=34 (full 0):
 garbage-first heap   total reserved 2097152K, committed 87040K, used 52657K [0x0000000080000000, 0x0000000100000000)
  region size 1024K, 2 young (2048K), 2 survivors (2048K)
 Metaspace       used 57441K, committed 59456K, reserved 491520K
  class space    used 8392K, committed 9344K, reserved 425984K
}
Event: 44.890 GC heap before
{Heap before GC invocations=34 (full 0):
 garbage-first heap   total reserved 2097152K, committed 87040K, used 78257K [0x0000000080000000, 0x0000000100000000)
  region size 1024K, 28 young (28672K), 2 survivors (2048K)
 Metaspace       used 57455K, committed 59456K, reserved 491520K
  class space    used 8393K, committed 9344K, reserved 425984K
}
Event: 44.899 GC heap after
{Heap after GC invocations=35 (full 0):
 garbage-first heap   total reserved 2097152K, committed 87040K, used 53441K [0x0000000080000000, 0x0000000100000000)
  region size 1024K, 4 young (4096K), 4 survivors (4096K)
 Metaspace       used 57455K, committed 59456K, reserved 491520K
  class space    used 8393K, committed 9344K, reserved 425984K
}

