# JRE version: OpenJDK Runtime Environment Temurin-21.0.7+6 (21.0.7+6) (build 21.0.7+6-LTS)
# Java VM: OpenJDK 64-Bit Server VM Temurin-21.0.7+6 (21.0.7+6-LTS, mixed mode, sharing, tiered, compressed oops, compressed class ptrs, g1 gc, windows-amd64)
GC Precious Log:
 CardTable entry size: 512
 Card Set container configuration: InlinePtr #cards 5 size 8 Array Of Cards #cards 12 size 40 Howl #buckets 4 coarsen threshold 1843 Howl Bitmap #cards 512 size 80 coarsen threshold 460 Card regions per heap region 1 cards per card region 2048
 CPUs: 4 total, 4 available
 Memory: 3862M
 Large Page Support: Disabled
 NUMA Support: Disabled
 Compressed Oops: Enabled (32-bit)
 Heap Region Size: 1M
 Heap Min Capacity: 8M
 Heap Initial Capacity: 62M
 Heap Max Capacity: 768M
 Pre-touch: Disabled
 Parallel Workers: 4
 Concurrent Workers: 1
 Concurrent Refinement Workers: 4
 Periodic GC: Disabled
Heap:
 garbage-first heap   total 220160K, used 137216K [0x00000000d0000000, 0x0000000100000000)
  region size 1024K, 6 young (6144K), 6 survivors (6144K)
 Metaspace       used 123929K, committed 126016K, reserved 344064K
  class space    used 15829K, committed 16832K, reserved 212992K
GC Heap History (20 events):
Event: 23.899 GC heap after
{Heap after GC invocations=46 (full 0):
 garbage-first heap   total 147456K, used 90596K [0x00000000d0000000, 0x0000000100000000)
  region size 1024K, 3 young (3072K), 3 survivors (3072K)
 Metaspace       used 97876K, committed 99776K, reserved 344064K
  class space    used 13069K, committed 14016K, reserved 212992K
}
Event: 25.306 GC heap before
{Heap before GC invocations=46 (full 0):
 garbage-first heap   total 147456K, used 127460K [0x00000000d0000000, 0x0000000100000000)
  region size 1024K, 40 young (40960K), 3 survivors (3072K)
 Metaspace       used 102404K, committed 104320K, reserved 344064K
  class space    used 13480K, committed 14464K, reserved 212992K
}
Event: 25.371 GC heap after
{Heap after GC invocations=47 (full 0):
 garbage-first heap   total 147456K, used 93184K [0x00000000d0000000, 0x0000000100000000)
  region size 1024K, 5 young (5120K), 5 survivors (5120K)
 Metaspace       used 102404K, committed 104320K, reserved 344064K
  class space    used 13480K, committed 14464K, reserved 212992K
}
Event: 26.849 GC heap before
{Heap before GC invocations=47 (full 0):
 garbage-first heap   total 147456K, used 133120K [0x00000000d0000000, 0x0000000100000000)
  region size 1024K, 44 young (45056K), 5 survivors (5120K)
 Metaspace       used 107210K, committed 109184K, reserved 344064K
  class space    used 14119K, committed 15104K, reserved 212992K
}
Event: 26.898 GC heap after
{Heap after GC invocations=48 (full 0):
 garbage-first heap   total 147456K, used 95817K [0x00000000d0000000, 0x0000000100000000)
  region size 1024K, 6 young (6144K), 6 survivors (6144K)
 Metaspace       used 107210K, committed 109184K, reserved 344064K
  class space    used 14119K, committed 15104K, reserved 212992K
}
Event: 28.944 GC heap before
{Heap before GC invocations=49 (full 0):
 garbage-first heap   total 162816K, used 129609K [0x00000000d0000000, 0x0000000100000000)
  region size 1024K, 40 young (40960K), 6 survivors (6144K)
 Metaspace       used 112000K, committed 113984K, reserved 344064K
  class space    used 14589K, committed 15552K, reserved 212992K
}
Event: 28.990 GC heap after
{Heap after GC invocations=50 (full 0):
 garbage-first heap   total 162816K, used 97191K [0x00000000d0000000, 0x0000000100000000)
  region size 1024K, 4 young (4096K), 4 survivors (4096K)
 Metaspace       used 112000K, committed 113984K, reserved 344064K
  class space    used 14589K, committed 15552K, reserved 212992K
}
Event: 33.904 GC heap before
{Heap before GC invocations=50 (full 0):
 garbage-first heap   total 162816K, used 148391K [0x00000000d0000000, 0x0000000100000000)
  region size 1024K, 54 young (55296K), 4 survivors (4096K)
 Metaspace       used 122214K, committed 124224K, reserved 344064K
  class space    used 15789K, committed 16768K, reserved 212992K
}
Event: 34.014 GC heap after
{Heap after GC invocations=51 (full 0):
 garbage-first heap   total 162816K, used 102127K [0x00000000d0000000, 0x0000000100000000)
  region size 1024K, 7 young (7168K), 7 survivors (7168K)
 Metaspace       used 122214K, committed 124224K, reserved 344064K
  class space    used 15789K, committed 16768K, reserved 212992K
}
Event: 38.886 GC heap before
{Heap before GC invocations=51 (full 0):
 garbage-first heap   total 162816K, used 145135K [0x00000000d0000000, 0x0000000100000000)
  region size 1024K, 50 young (51200K), 7 survivors (7168K)
 Metaspace       used 123094K, committed 125120K, reserved 344064K
  class space    used 15810K, committed 16768K, reserved 212992K
}
Event: 38.942 GC heap after
{Heap after GC invocations=52 (full 0):
 garbage-first heap   total 162816K, used 107517K [0x00000000d0000000, 0x0000000100000000)
  region size 1024K, 5 young (5120K), 5 survivors (5120K)
 Metaspace       used 123094K, committed 125120K, reserved 344064K
  class space    used 15810K, committed 16768K, reserved 212992K
}
Event: 43.879 GC heap before
{Heap before GC invocations=53 (full 0):
 garbage-first heap   total 181248K, used 146429K [0x00000000d0000000, 0x0000000100000000)
  region size 1024K, 43 young (44032K), 5 survivors (5120K)
 Metaspace       used 123272K, committed 125248K, reserved 344064K
  class space    used 15811K, committed 16768K, reserved 212992K
}
Event: 43.936 GC heap after
{Heap after GC invocations=54 (full 0):
 garbage-first heap   total 181248K, used 110138K [0x00000000d0000000, 0x0000000100000000)
  region size 1024K, 3 young (3072K), 3 survivors (3072K)
 Metaspace       used 123272K, committed 125248K, reserved 344064K
  class space    used 15811K, committed 16768K, reserved 212992K
}
Event: 47.141 GC heap before
{Heap before GC invocations=54 (full 0):
 garbage-first heap   total 181248K, used 166458K [0x00000000d0000000, 0x0000000100000000)
  region size 1024K, 58 young (59392K), 3 survivors (3072K)
 Metaspace       used 123431K, committed 125440K, reserved 344064K
  class space    used 15828K, committed 16832K, reserved 212992K
}
Event: 47.199 GC heap after
{Heap after GC invocations=55 (full 0):
 garbage-first heap   total 187392K, used 124928K [0x00000000d0000000, 0x0000000100000000)
  region size 1024K, 8 young (8192K), 8 survivors (8192K)
 Metaspace       used 123431K, committed 125440K, reserved 344064K
  class space    used 15828K, committed 16832K, reserved 212992K
}
Event: 47.562 GC heap before
{Heap before GC invocations=55 (full 0):
 garbage-first heap   total 187392K, used 164864K [0x00000000d0000000, 0x0000000100000000)
  region size 1024K, 47 young (48128K), 8 survivors (8192K)
 Metaspace       used 123441K, committed 125440K, reserved 344064K
  class space    used 15828K, committed 16832K, reserved 212992K
}
Event: 47.587 GC heap after
{Heap after GC invocations=56 (full 0):
 garbage-first heap   total 191488K, used 143360K [0x00000000d0000000, 0x0000000100000000)
  region size 1024K, 6 young (6144K), 6 survivors (6144K)
 Metaspace       used 123441K, committed 125440K, reserved 344064K
  class space    used 15828K, committed 16832K, reserved 212992K
}
Event: 48.830 GC heap before
{Heap before GC invocations=57 (full 0):
 garbage-first heap   total 220160K, used 157696K [0x00000000d0000000, 0x0000000100000000)
  region size 1024K, 31 young (31744K), 6 survivors (6144K)
 Metaspace       used 123627K, committed 125632K, reserved 344064K
  class space    used 15829K, committed 16832K, reserved 212992K
}
Event: 48.893 GC heap after
{Heap after GC invocations=58 (full 0):
 garbage-first heap   total 220160K, used 141312K [0x00000000d0000000, 0x0000000100000000)
  region size 1024K, 4 young (4096K), 4 survivors (4096K)
 Metaspace       used 123627K, committed 125632K, reserved 344064K
  class space    used 15829K, committed 16832K, reserved 212992K
}
Event: 49.843 GC heap before
{Heap before GC invocations=58 (full 0):
 garbage-first heap   total 220160K, used 184320K [0x00000000d0000000, 0x0000000100000000)
  region size 1024K, 46 young (47104K), 4 survivors (4096K)
 Metaspace       used 123929K, committed 126016K, reserved 344064K
  class space    used 15829K, committed 16832K, reserved 212992K
}

