# JRE version: OpenJDK Runtime Environment Temurin-21.0.7+6 (21.0.7+6) (build 21.0.7+6-LTS)
# Java VM: OpenJDK 64-Bit Server VM Temurin-21.0.7+6 (21.0.7+6-LTS, mixed mode, sharing, tiered, compressed oops, compressed class ptrs, g1 gc, windows-amd64)
GC Precious Log:
 CardTable entry size: 512
 Card Set container configuration: InlinePtr #cards 5 size 8 Array Of Cards #cards 12 size 40 Howl #buckets 4 coarsen threshold 1843 Howl Bitmap #cards 512 size 80 coarsen threshold 460 Card regions per heap region 1 cards per card region 2048
 CPUs: 4 total, 4 available
 Memory: 3862M
 Large Page Support: Disabled
 NUMA Support: Disabled
 Compressed Oops: Enabled (32-bit)
 Heap Region Size: 1M
 Heap Min Capacity: 8M
 Heap Initial Capacity: 62M
 Heap Max Capacity: 966M
 Pre-touch: Disabled
 Parallel Workers: 4
 Concurrent Workers: 1
 Concurrent Refinement Workers: 4
 Periodic GC: Disabled
Heap:
 garbage-first heap   total 112640K, used 87040K [0x00000000c3a00000, 0x0000000100000000)
  region size 1024K, 14 young (14336K), 4 survivors (4096K)
 Metaspace       used 51064K, committed 51392K, reserved 1114112K
  class space    used 5757K, committed 5888K, reserved 1048576K
GC Heap History (20 events):
Event: 6.212 GC heap before
{Heap before GC invocations=9 (full 0):
 garbage-first heap   total 61440K, used 49100K [0x00000000c3a00000, 0x0000000100000000)
  region size 1024K, 28 young (28672K), 3 survivors (3072K)
 Metaspace       used 39774K, committed 40064K, reserved 1114112K
  class space    used 4737K, committed 4864K, reserved 1048576K
}
Event: 6.219 GC heap after
{Heap after GC invocations=10 (full 0):
 garbage-first heap   total 61440K, used 27755K [0x00000000c3a00000, 0x0000000100000000)
  region size 1024K, 4 young (4096K), 4 survivors (4096K)
 Metaspace       used 39774K, committed 40064K, reserved 1114112K
  class space    used 4737K, committed 4864K, reserved 1048576K
}
Event: 6.806 GC heap before
{Heap before GC invocations=10 (full 0):
 garbage-first heap   total 61440K, used 50283K [0x00000000c3a00000, 0x0000000100000000)
  region size 1024K, 27 young (27648K), 4 survivors (4096K)
 Metaspace       used 42286K, committed 42624K, reserved 1114112K
  class space    used 4956K, committed 5120K, reserved 1048576K
}
Event: 6.823 GC heap after
{Heap after GC invocations=11 (full 0):
 garbage-first heap   total 73728K, used 31744K [0x00000000c3a00000, 0x0000000100000000)
  region size 1024K, 4 young (4096K), 4 survivors (4096K)
 Metaspace       used 42286K, committed 42624K, reserved 1114112K
  class space    used 4956K, committed 5120K, reserved 1048576K
}
Event: 7.185 GC heap before
{Heap before GC invocations=11 (full 0):
 garbage-first heap   total 73728K, used 61440K [0x00000000c3a00000, 0x0000000100000000)
  region size 1024K, 33 young (33792K), 4 survivors (4096K)
 Metaspace       used 42514K, committed 42880K, reserved 1114112K
  class space    used 4967K, committed 5120K, reserved 1048576K
}
Event: 7.203 GC heap after
{Heap after GC invocations=12 (full 0):
 garbage-first heap   total 76800K, used 43008K [0x00000000c3a00000, 0x0000000100000000)
  region size 1024K, 5 young (5120K), 5 survivors (5120K)
 Metaspace       used 42514K, committed 42880K, reserved 1114112K
  class space    used 4967K, committed 5120K, reserved 1048576K
}
Event: 7.413 GC heap before
{Heap before GC invocations=12 (full 0):
 garbage-first heap   total 76800K, used 63488K [0x00000000c3a00000, 0x0000000100000000)
  region size 1024K, 25 young (25600K), 5 survivors (5120K)
 Metaspace       used 42960K, committed 43264K, reserved 1114112K
  class space    used 4991K, committed 5120K, reserved 1048576K
}
Event: 7.424 GC heap after
{Heap after GC invocations=13 (full 0):
 garbage-first heap   total 76800K, used 50176K [0x00000000c3a00000, 0x0000000100000000)
  region size 1024K, 4 young (4096K), 4 survivors (4096K)
 Metaspace       used 42960K, committed 43264K, reserved 1114112K
  class space    used 4991K, committed 5120K, reserved 1048576K
}
Event: 7.663 GC heap before
{Heap before GC invocations=14 (full 0):
 garbage-first heap   total 83968K, used 64512K [0x00000000c3a00000, 0x0000000100000000)
  region size 1024K, 18 young (18432K), 4 survivors (4096K)
 Metaspace       used 43651K, committed 43968K, reserved 1114112K
  class space    used 5063K, committed 5184K, reserved 1048576K
}
Event: 7.671 GC heap after
{Heap after GC invocations=15 (full 0):
 garbage-first heap   total 83968K, used 54784K [0x00000000c3a00000, 0x0000000100000000)
  region size 1024K, 3 young (3072K), 3 survivors (3072K)
 Metaspace       used 43651K, committed 43968K, reserved 1114112K
  class space    used 5063K, committed 5184K, reserved 1048576K
}
Event: 8.015 GC heap before
{Heap before GC invocations=15 (full 0):
 garbage-first heap   total 83968K, used 70144K [0x00000000c3a00000, 0x0000000100000000)
  region size 1024K, 19 young (19456K), 3 survivors (3072K)
 Metaspace       used 46154K, committed 46464K, reserved 1114112K
  class space    used 5335K, committed 5504K, reserved 1048576K
}
Event: 8.025 GC heap after
{Heap after GC invocations=16 (full 0):
 garbage-first heap   total 83968K, used 57482K [0x00000000c3a00000, 0x0000000100000000)
  region size 1024K, 3 young (3072K), 3 survivors (3072K)
 Metaspace       used 46154K, committed 46464K, reserved 1114112K
  class space    used 5335K, committed 5504K, reserved 1048576K
}
Event: 8.333 GC heap before
{Heap before GC invocations=16 (full 0):
 garbage-first heap   total 83968K, used 71818K [0x00000000c3a00000, 0x0000000100000000)
  region size 1024K, 17 young (17408K), 3 survivors (3072K)
 Metaspace       used 47346K, committed 47744K, reserved 1114112K
  class space    used 5458K, committed 5632K, reserved 1048576K
}
Event: 8.342 GC heap after
{Heap after GC invocations=17 (full 0):
 garbage-first heap   total 112640K, used 60416K [0x00000000c3a00000, 0x0000000100000000)
  region size 1024K, 3 young (3072K), 3 survivors (3072K)
 Metaspace       used 47346K, committed 47744K, reserved 1114112K
  class space    used 5458K, committed 5632K, reserved 1048576K
}
Event: 9.532 GC heap before
{Heap before GC invocations=18 (full 0):
 garbage-first heap   total 112640K, used 92160K [0x00000000c3a00000, 0x0000000100000000)
  region size 1024K, 35 young (35840K), 3 survivors (3072K)
 Metaspace       used 49329K, committed 49728K, reserved 1114112K
  class space    used 5653K, committed 5824K, reserved 1048576K
}
Event: 9.550 GC heap after
{Heap after GC invocations=19 (full 0):
 garbage-first heap   total 112640K, used 67342K [0x00000000c3a00000, 0x0000000100000000)
  region size 1024K, 5 young (5120K), 5 survivors (5120K)
 Metaspace       used 49329K, committed 49728K, reserved 1114112K
  class space    used 5653K, committed 5824K, reserved 1048576K
}
Event: 10.373 GC heap before
{Heap before GC invocations=19 (full 0):
 garbage-first heap   total 112640K, used 96014K [0x00000000c3a00000, 0x0000000100000000)
  region size 1024K, 33 young (33792K), 5 survivors (5120K)
 Metaspace       used 50406K, committed 50752K, reserved 1114112K
  class space    used 5736K, committed 5888K, reserved 1048576K
}
Event: 10.391 GC heap after
{Heap after GC invocations=20 (full 0):
 garbage-first heap   total 112640K, used 72704K [0x00000000c3a00000, 0x0000000100000000)
  region size 1024K, 5 young (5120K), 5 survivors (5120K)
 Metaspace       used 50406K, committed 50752K, reserved 1114112K
  class space    used 5736K, committed 5888K, reserved 1048576K
}
Event: 10.946 GC heap before
{Heap before GC invocations=20 (full 0):
 garbage-first heap   total 112640K, used 97280K [0x00000000c3a00000, 0x0000000100000000)
  region size 1024K, 29 young (29696K), 5 survivors (5120K)
 Metaspace       used 50988K, committed 51328K, reserved 1114112K
  class space    used 5757K, committed 5888K, reserved 1048576K
}
Event: 10.959 GC heap after
{Heap after GC invocations=21 (full 0):
 garbage-first heap   total 112640K, used 78848K [0x00000000c3a00000, 0x0000000100000000)
  region size 1024K, 4 young (4096K), 4 survivors (4096K)
 Metaspace       used 50988K, committed 51328K, reserved 1114112K
  class space    used 5757K, committed 5888K, reserved 1048576K
}

