# JRE version: OpenJDK Runtime Environment Temurin-21.0.7+6 (21.0.7+6) (build 21.0.7+6-LTS)
# Java VM: OpenJDK 64-Bit Server VM Temurin-21.0.7+6 (21.0.7+6-LTS, mixed mode, sharing, tiered, compressed oops, compressed class ptrs, g1 gc, windows-amd64)
GC Precious Log:
 CardTable entry size: 512
 Card Set container configuration: InlinePtr #cards 5 size 8 Array Of Cards #cards 12 size 40 Howl #buckets 4 coarsen threshold 1843 Howl Bitmap #cards 512 size 80 coarsen threshold 460 Card regions per heap region 1 cards per card region 2048
 CPUs: 4 total, 4 available
 Memory: 3862M
 Large Page Support: Disabled
 NUMA Support: Disabled
 Compressed Oops: Enabled (32-bit)
 Heap Region Size: 1M
 Heap Min Capacity: 8M
 Heap Initial Capacity: 62M
 Heap Max Capacity: 768M
 Pre-touch: Disabled
 Parallel Workers: 4
 Concurrent Workers: 1
 Concurrent Refinement Workers: 4
 Periodic GC: Disabled
Heap:
 garbage-first heap   total 63488K, used 35441K [0x00000000d0000000, 0x0000000100000000)
  region size 1024K, 5 young (5120K), 3 survivors (3072K)
 Metaspace       used 39865K, committed 41472K, reserved 278528K
  class space    used 5678K, committed 6464K, reserved 212992K
GC Heap History (20 events):
Event: 4.850 GC heap before
{Heap before GC invocations=4 (full 0):
 garbage-first heap   total 63488K, used 49527K [0x00000000d0000000, 0x0000000100000000)
  region size 1024K, 37 young (37888K), 5 survivors (5120K)
 Metaspace       used 10826K, committed 11200K, reserved 278528K
  class space    used 1395K, committed 1536K, reserved 212992K
}
Event: 4.858 GC heap after
{Heap after GC invocations=5 (full 0):
 garbage-first heap   total 63488K, used 21175K [0x00000000d0000000, 0x0000000100000000)
  region size 1024K, 4 young (4096K), 4 survivors (4096K)
 Metaspace       used 10826K, committed 11200K, reserved 278528K
  class space    used 1395K, committed 1536K, reserved 212992K
}
Event: 6.375 GC heap before
{Heap before GC invocations=5 (full 0):
 garbage-first heap   total 63488K, used 50871K [0x00000000d0000000, 0x0000000100000000)
  region size 1024K, 34 young (34816K), 4 survivors (4096K)
 Metaspace       used 16135K, committed 16640K, reserved 278528K
  class space    used 2127K, committed 2368K, reserved 212992K
}
Event: 6.384 GC heap after
{Heap after GC invocations=6 (full 0):
 garbage-first heap   total 63488K, used 23407K [0x00000000d0000000, 0x0000000100000000)
  region size 1024K, 2 young (2048K), 2 survivors (2048K)
 Metaspace       used 16135K, committed 16640K, reserved 278528K
  class space    used 2127K, committed 2368K, reserved 212992K
}
Event: 7.423 GC heap before
{Heap before GC invocations=6 (full 0):
 garbage-first heap   total 63488K, used 54127K [0x00000000d0000000, 0x0000000100000000)
  region size 1024K, 31 young (31744K), 2 survivors (2048K)
 Metaspace       used 20514K, committed 21120K, reserved 278528K
  class space    used 2722K, committed 3008K, reserved 212992K
}
Event: 7.428 GC heap after
{Heap after GC invocations=7 (full 0):
 garbage-first heap   total 63488K, used 24971K [0x00000000d0000000, 0x0000000100000000)
  region size 1024K, 4 young (4096K), 4 survivors (4096K)
 Metaspace       used 20514K, committed 21120K, reserved 278528K
  class space    used 2722K, committed 3008K, reserved 212992K
}
Event: 7.544 GC heap before
{Heap before GC invocations=7 (full 0):
 garbage-first heap   total 63488K, used 27019K [0x00000000d0000000, 0x0000000100000000)
  region size 1024K, 7 young (7168K), 4 survivors (4096K)
 Metaspace       used 20936K, committed 21504K, reserved 278528K
  class space    used 2798K, committed 3072K, reserved 212992K
}
Event: 7.548 GC heap after
{Heap after GC invocations=8 (full 0):
 garbage-first heap   total 63488K, used 25192K [0x00000000d0000000, 0x0000000100000000)
  region size 1024K, 2 young (2048K), 2 survivors (2048K)
 Metaspace       used 20936K, committed 21504K, reserved 278528K
  class space    used 2798K, committed 3072K, reserved 212992K
}
Event: 8.806 GC heap before
{Heap before GC invocations=9 (full 0):
 garbage-first heap   total 63488K, used 54888K [0x00000000d0000000, 0x0000000100000000)
  region size 1024K, 31 young (31744K), 2 survivors (2048K)
 Metaspace       used 24567K, committed 25280K, reserved 278528K
  class space    used 3368K, committed 3712K, reserved 212992K
}
Event: 8.812 GC heap after
{Heap after GC invocations=10 (full 0):
 garbage-first heap   total 63488K, used 27241K [0x00000000d0000000, 0x0000000100000000)
  region size 1024K, 4 young (4096K), 4 survivors (4096K)
 Metaspace       used 24567K, committed 25280K, reserved 278528K
  class space    used 3368K, committed 3712K, reserved 212992K
}
Event: 10.547 GC heap before
{Heap before GC invocations=10 (full 0):
 garbage-first heap   total 63488K, used 53865K [0x00000000d0000000, 0x0000000100000000)
  region size 1024K, 31 young (31744K), 4 survivors (4096K)
 Metaspace       used 28256K, committed 29312K, reserved 278528K
  class space    used 3976K, committed 4544K, reserved 212992K
}
Event: 10.562 GC heap after
{Heap after GC invocations=11 (full 0):
 garbage-first heap   total 63488K, used 27714K [0x00000000d0000000, 0x0000000100000000)
  region size 1024K, 4 young (4096K), 4 survivors (4096K)
 Metaspace       used 28256K, committed 29312K, reserved 278528K
  class space    used 3976K, committed 4544K, reserved 212992K
}
Event: 12.036 GC heap before
{Heap before GC invocations=11 (full 0):
 garbage-first heap   total 63488K, used 54338K [0x00000000d0000000, 0x0000000100000000)
  region size 1024K, 30 young (30720K), 4 survivors (4096K)
 Metaspace       used 31337K, committed 32640K, reserved 278528K
  class space    used 4485K, committed 5184K, reserved 212992K
}
Event: 12.046 GC heap after
{Heap after GC invocations=12 (full 0):
 garbage-first heap   total 63488K, used 29286K [0x00000000d0000000, 0x0000000100000000)
  region size 1024K, 3 young (3072K), 3 survivors (3072K)
 Metaspace       used 31337K, committed 32640K, reserved 278528K
  class space    used 4485K, committed 5184K, reserved 212992K
}
Event: 14.588 GC heap before
{Heap before GC invocations=12 (full 0):
 garbage-first heap   total 63488K, used 45670K [0x00000000d0000000, 0x0000000100000000)
  region size 1024K, 21 young (21504K), 3 survivors (3072K)
 Metaspace       used 34681K, committed 35968K, reserved 278528K
  class space    used 4810K, committed 5440K, reserved 212992K
}
Event: 14.598 GC heap after
{Heap after GC invocations=13 (full 0):
 garbage-first heap   total 63488K, used 31308K [0x00000000d0000000, 0x0000000100000000)
  region size 1024K, 4 young (4096K), 4 survivors (4096K)
 Metaspace       used 34681K, committed 35968K, reserved 278528K
  class space    used 4810K, committed 5440K, reserved 212992K
}
Event: 15.379 GC heap before
{Heap before GC invocations=14 (full 0):
 garbage-first heap   total 63488K, used 53836K [0x00000000d0000000, 0x0000000100000000)
  region size 1024K, 26 young (26624K), 4 survivors (4096K)
 Metaspace       used 35847K, committed 37248K, reserved 278528K
  class space    used 5002K, committed 5696K, reserved 212992K
}
Event: 15.389 GC heap after
{Heap after GC invocations=15 (full 0):
 garbage-first heap   total 63488K, used 31759K [0x00000000d0000000, 0x0000000100000000)
  region size 1024K, 3 young (3072K), 3 survivors (3072K)
 Metaspace       used 35847K, committed 37248K, reserved 278528K
  class space    used 5002K, committed 5696K, reserved 212992K
}
Event: 16.260 GC heap before
{Heap before GC invocations=15 (full 0):
 garbage-first heap   total 63488K, used 55311K [0x00000000d0000000, 0x0000000100000000)
  region size 1024K, 26 young (26624K), 3 survivors (3072K)
 Metaspace       used 37138K, committed 38592K, reserved 278528K
  class space    used 5226K, committed 5952K, reserved 212992K
}
Event: 16.279 GC heap after
{Heap after GC invocations=16 (full 0):
 garbage-first heap   total 63488K, used 33288K [0x00000000d0000000, 0x0000000100000000)
  region size 1024K, 3 young (3072K), 3 survivors (3072K)
 Metaspace       used 37138K, committed 38592K, reserved 278528K
  class space    used 5226K, committed 5952K, reserved 212992K
}

