# JRE version: OpenJDK Runtime Environment Temurin-21.0.7+6 (21.0.7+6) (build 21.0.7+6-LTS)
# Java VM: OpenJDK 64-Bit Server VM Temurin-21.0.7+6 (21.0.7+6-LTS, mixed mode, sharing, tiered, compressed oops, compressed class ptrs, g1 gc, windows-amd64)
GC Precious Log:
 CardTable entry size: 512
 Card Set container configuration: InlinePtr #cards 5 size 8 Array Of Cards #cards 12 size 40 Howl #buckets 4 coarsen threshold 1843 Howl Bitmap #cards 512 size 80 coarsen threshold 460 Card regions per heap region 1 cards per card region 2048
 CPUs: 4 total, 4 available
 Memory: 3862M
 Large Page Support: Disabled
 NUMA Support: Disabled
 Compressed Oops: Enabled (32-bit)
 Heap Region Size: 1M
 Heap Min Capacity: 8M
 Heap Initial Capacity: 62M
 Heap Max Capacity: 1G
 Pre-touch: Disabled
 Parallel Workers: 4
 Concurrent Workers: 1
 Concurrent Refinement Workers: 4
 Periodic GC: Disabled
Heap:
 garbage-first heap   total 86016K, used 66021K [0x00000000c0000000, 0x0000000100000000)
  region size 1024K, 4 young (4096K), 1 survivors (1024K)
 Metaspace       used 58097K, committed 60032K, reserved 278528K
  class space    used 8107K, committed 9088K, reserved 212992K
GC Heap History (20 events):
Event: 11.959 GC heap before
{Heap before GC invocations=17 (full 0):
 garbage-first heap   total 76800K, used 66060K [0x00000000c0000000, 0x0000000100000000)
  region size 1024K, 32 young (32768K), 4 survivors (4096K)
 Metaspace       used 51118K, committed 52928K, reserved 278528K
  class space    used 7355K, committed 8256K, reserved 212992K
}
Event: 11.966 GC heap after
{Heap after GC invocations=18 (full 0):
 garbage-first heap   total 76800K, used 39172K [0x00000000c0000000, 0x0000000100000000)
  region size 1024K, 3 young (3072K), 3 survivors (3072K)
 Metaspace       used 51118K, committed 52928K, reserved 278528K
  class space    used 7355K, committed 8256K, reserved 212992K
}
Event: 13.975 GC heap before
{Heap before GC invocations=19 (full 0):
 garbage-first heap   total 76800K, used 67844K [0x00000000c0000000, 0x0000000100000000)
  region size 1024K, 31 young (31744K), 3 survivors (3072K)
 Metaspace       used 53457K, committed 55296K, reserved 278528K
  class space    used 7672K, committed 8576K, reserved 212992K
}
Event: 13.984 GC heap after
{Heap after GC invocations=20 (full 0):
 garbage-first heap   total 76800K, used 41984K [0x00000000c0000000, 0x0000000100000000)
  region size 1024K, 4 young (4096K), 4 survivors (4096K)
 Metaspace       used 53457K, committed 55296K, reserved 278528K
  class space    used 7672K, committed 8576K, reserved 212992K
}
Event: 16.805 GC heap before
{Heap before GC invocations=20 (full 0):
 garbage-first heap   total 76800K, used 66560K [0x00000000c0000000, 0x0000000100000000)
  region size 1024K, 29 young (29696K), 4 survivors (4096K)
 Metaspace       used 53921K, committed 55744K, reserved 278528K
  class space    used 7676K, committed 8576K, reserved 212992K
}
Event: 16.816 GC heap after
{Heap after GC invocations=21 (full 0):
 garbage-first heap   total 76800K, used 44219K [0x00000000c0000000, 0x0000000100000000)
  region size 1024K, 3 young (3072K), 3 survivors (3072K)
 Metaspace       used 53921K, committed 55744K, reserved 278528K
  class space    used 7676K, committed 8576K, reserved 212992K
}
Event: 19.751 GC heap before
{Heap before GC invocations=21 (full 0):
 garbage-first heap   total 76800K, used 67771K [0x00000000c0000000, 0x0000000100000000)
  region size 1024K, 26 young (26624K), 3 survivors (3072K)
 Metaspace       used 54171K, committed 55936K, reserved 278528K
  class space    used 7676K, committed 8576K, reserved 212992K
}
Event: 19.756 GC heap after
{Heap after GC invocations=22 (full 0):
 garbage-first heap   total 76800K, used 45171K [0x00000000c0000000, 0x0000000100000000)
  region size 1024K, 4 young (4096K), 4 survivors (4096K)
 Metaspace       used 54171K, committed 55936K, reserved 278528K
  class space    used 7676K, committed 8576K, reserved 212992K
}
Event: 22.373 GC heap before
{Heap before GC invocations=23 (full 0):
 garbage-first heap   total 76800K, used 65651K [0x00000000c0000000, 0x0000000100000000)
  region size 1024K, 25 young (25600K), 4 survivors (4096K)
 Metaspace       used 54271K, committed 56128K, reserved 278528K
  class space    used 7677K, committed 8576K, reserved 212992K
}
Event: 22.379 GC heap after
{Heap after GC invocations=24 (full 0):
 garbage-first heap   total 76800K, used 46576K [0x00000000c0000000, 0x0000000100000000)
  region size 1024K, 3 young (3072K), 3 survivors (3072K)
 Metaspace       used 54271K, committed 56128K, reserved 278528K
  class space    used 7677K, committed 8576K, reserved 212992K
}
Event: 25.053 GC heap before
{Heap before GC invocations=24 (full 0):
 garbage-first heap   total 76800K, used 67056K [0x00000000c0000000, 0x0000000100000000)
  region size 1024K, 24 young (24576K), 3 survivors (3072K)
 Metaspace       used 54306K, committed 56128K, reserved 278528K
  class space    used 7677K, committed 8576K, reserved 212992K
}
Event: 25.058 GC heap after
{Heap after GC invocations=25 (full 0):
 garbage-first heap   total 76800K, used 47518K [0x00000000c0000000, 0x0000000100000000)
  region size 1024K, 3 young (3072K), 3 survivors (3072K)
 Metaspace       used 54306K, committed 56128K, reserved 278528K
  class space    used 7677K, committed 8576K, reserved 212992K
}
Event: 25.299 GC heap before
{Heap before GC invocations=25 (full 0):
 garbage-first heap   total 76800K, used 52638K [0x00000000c0000000, 0x0000000100000000)
  region size 1024K, 9 young (9216K), 3 survivors (3072K)
 Metaspace       used 54457K, committed 56256K, reserved 278528K
  class space    used 7692K, committed 8576K, reserved 212992K
}
Event: 25.302 GC heap after
{Heap after GC invocations=26 (full 0):
 garbage-first heap   total 76800K, used 48052K [0x00000000c0000000, 0x0000000100000000)
  region size 1024K, 2 young (2048K), 2 survivors (2048K)
 Metaspace       used 54457K, committed 56256K, reserved 278528K
  class space    used 7692K, committed 8576K, reserved 212992K
}
Event: 26.016 GC heap before
{Heap before GC invocations=27 (full 0):
 garbage-first heap   total 86016K, used 75700K [0x00000000c0000000, 0x0000000100000000)
  region size 1024K, 22 young (22528K), 2 survivors (2048K)
 Metaspace       used 55444K, committed 57344K, reserved 278528K
  class space    used 7824K, committed 8768K, reserved 212992K
}
Event: 26.020 GC heap after
{Heap after GC invocations=28 (full 0):
 garbage-first heap   total 86016K, used 61264K [0x00000000c0000000, 0x0000000100000000)
  region size 1024K, 3 young (3072K), 3 survivors (3072K)
 Metaspace       used 55444K, committed 57344K, reserved 278528K
  class space    used 7824K, committed 8768K, reserved 212992K
}
Event: 26.345 GC heap before
{Heap before GC invocations=28 (full 0):
 garbage-first heap   total 86016K, used 77648K [0x00000000c0000000, 0x0000000100000000)
  region size 1024K, 19 young (19456K), 3 survivors (3072K)
 Metaspace       used 56513K, committed 58368K, reserved 278528K
  class space    used 7957K, committed 8896K, reserved 212992K
}
Event: 26.349 GC heap after
{Heap after GC invocations=29 (full 0):
 garbage-first heap   total 86016K, used 63355K [0x00000000c0000000, 0x0000000100000000)
  region size 1024K, 2 young (2048K), 2 survivors (2048K)
 Metaspace       used 56513K, committed 58368K, reserved 278528K
  class space    used 7957K, committed 8896K, reserved 212992K
}
Event: 26.816 GC heap before
{Heap before GC invocations=29 (full 0):
 garbage-first heap   total 86016K, used 76667K [0x00000000c0000000, 0x0000000100000000)
  region size 1024K, 16 young (16384K), 2 survivors (2048K)
 Metaspace       used 57762K, committed 59712K, reserved 278528K
  class space    used 8075K, committed 9088K, reserved 212992K
}
Event: 26.819 GC heap after
{Heap after GC invocations=30 (full 0):
 garbage-first heap   total 86016K, used 63973K [0x00000000c0000000, 0x0000000100000000)
  region size 1024K, 1 young (1024K), 1 survivors (1024K)
 Metaspace       used 57762K, committed 59712K, reserved 278528K
  class space    used 8075K, committed 9088K, reserved 212992K
}

