# JRE version: OpenJDK Runtime Environment Temurin-21.0.7+6 (21.0.7+6) (build 21.0.7+6-LTS)
# Java VM: OpenJDK 64-Bit Server VM Temurin-21.0.7+6 (21.0.7+6-LTS, mixed mode, tiered, compressed oops, compressed class ptrs, g1 gc, windows-amd64)
GC Precious Log:
 CardTable entry size: 512
 Card Set container configuration: InlinePtr #cards 5 size 8 Array Of Cards #cards 12 size 40 Howl #buckets 4 coarsen threshold 1843 Howl Bitmap #cards 512 size 80 coarsen threshold 460 Card regions per heap region 1 cards per card region 2048
 CPUs: 4 total, 4 available
 Memory: 3862M
 Large Page Support: Disabled
 NUMA Support: Disabled
 Compressed Oops: Enabled (32-bit)
 Heap Region Size: 1M
 Heap Min Capacity: 8M
 Heap Initial Capacity: 62M
 Heap Max Capacity: 966M
 Pre-touch: Disabled
 Parallel Workers: 4
 Concurrent Workers: 1
 Concurrent Refinement Workers: 4
 Periodic GC: Disabled
Heap:
 garbage-first heap   total 46080K, used 32139K [0x00000000c3a00000, 0x0000000100000000)
  region size 1024K, 7 young (7168K), 2 survivors (2048K)
 Metaspace       used 48902K, committed 49280K, reserved 1114112K
  class space    used 5512K, committed 5696K, reserved 1048576K
GC Heap History (20 events):
Event: 2.161 GC heap before
{Heap before GC invocations=2 (full 0):
 garbage-first heap   total 63488K, used 20486K [0x00000000c3a00000, 0x0000000100000000)
  region size 1024K, 16 young (16384K), 2 survivors (2048K)
 Metaspace       used 21255K, committed 21504K, reserved 1114112K
  class space    used 2127K, committed 2240K, reserved 1048576K
}
Event: 2.165 GC heap after
{Heap after GC invocations=3 (full 0):
 garbage-first heap   total 63488K, used 7738K [0x00000000c3a00000, 0x0000000100000000)
  region size 1024K, 3 young (3072K), 3 survivors (3072K)
 Metaspace       used 21255K, committed 21504K, reserved 1114112K
  class space    used 2127K, committed 2240K, reserved 1048576K
}
Event: 2.567 GC heap before
{Heap before GC invocations=4 (full 0):
 garbage-first heap   total 30720K, used 29242K [0x00000000c3a00000, 0x0000000100000000)
  region size 1024K, 24 young (24576K), 3 survivors (3072K)
 Metaspace       used 25273K, committed 25600K, reserved 1114112K
  class space    used 2611K, committed 2752K, reserved 1048576K
}
Event: 2.576 GC heap after
{Heap after GC invocations=5 (full 0):
 garbage-first heap   total 37888K, used 12092K [0x00000000c3a00000, 0x0000000100000000)
  region size 1024K, 5 young (5120K), 5 survivors (5120K)
 Metaspace       used 25273K, committed 25600K, reserved 1114112K
  class space    used 2611K, committed 2752K, reserved 1048576K
}
Event: 2.856 GC heap before
{Heap before GC invocations=5 (full 0):
 garbage-first heap   total 37888K, used 27452K [0x00000000c3a00000, 0x0000000100000000)
  region size 1024K, 20 young (20480K), 5 survivors (5120K)
 Metaspace       used 26406K, committed 26752K, reserved 1114112K
  class space    used 2715K, committed 2880K, reserved 1048576K
}
Event: 2.866 GC heap after
{Heap after GC invocations=6 (full 0):
 garbage-first heap   total 37888K, used 16384K [0x00000000c3a00000, 0x0000000100000000)
  region size 1024K, 3 young (3072K), 3 survivors (3072K)
 Metaspace       used 26406K, committed 26752K, reserved 1114112K
  class space    used 2715K, committed 2880K, reserved 1048576K
}
Event: 3.194 GC heap before
{Heap before GC invocations=6 (full 0):
 garbage-first heap   total 37888K, used 28672K [0x00000000c3a00000, 0x0000000100000000)
  region size 1024K, 15 young (15360K), 3 survivors (3072K)
 Metaspace       used 29693K, committed 29952K, reserved 1114112K
  class space    used 3042K, committed 3136K, reserved 1048576K
}
Event: 3.201 GC heap after
{Heap after GC invocations=7 (full 0):
 garbage-first heap   total 37888K, used 17909K [0x00000000c3a00000, 0x0000000100000000)
  region size 1024K, 1 young (1024K), 1 survivors (1024K)
 Metaspace       used 29693K, committed 29952K, reserved 1114112K
  class space    used 3042K, committed 3136K, reserved 1048576K
}
Event: 3.624 GC heap before
{Heap before GC invocations=7 (full 0):
 garbage-first heap   total 37888K, used 29173K [0x00000000c3a00000, 0x0000000100000000)
  region size 1024K, 13 young (13312K), 1 survivors (1024K)
 Metaspace       used 33687K, committed 33984K, reserved 1114112K
  class space    used 3975K, committed 4096K, reserved 1048576K
}
Event: 3.627 GC heap after
{Heap after GC invocations=8 (full 0):
 garbage-first heap   total 46080K, used 18605K [0x00000000c3a00000, 0x0000000100000000)
  region size 1024K, 2 young (2048K), 2 survivors (2048K)
 Metaspace       used 33687K, committed 33984K, reserved 1114112K
  class space    used 3975K, committed 4096K, reserved 1048576K
}
Event: 3.906 GC heap before
{Heap before GC invocations=9 (full 0):
 garbage-first heap   total 46080K, used 36013K [0x00000000c3a00000, 0x0000000100000000)
  region size 1024K, 20 young (20480K), 2 survivors (2048K)
 Metaspace       used 36034K, committed 36352K, reserved 1114112K
  class space    used 4230K, committed 4352K, reserved 1048576K
}
Event: 3.912 GC heap after
{Heap after GC invocations=10 (full 0):
 garbage-first heap   total 46080K, used 22038K [0x00000000c3a00000, 0x0000000100000000)
  region size 1024K, 3 young (3072K), 3 survivors (3072K)
 Metaspace       used 36034K, committed 36352K, reserved 1114112K
  class space    used 4230K, committed 4352K, reserved 1048576K
}
Event: 4.187 GC heap before
{Heap before GC invocations=10 (full 0):
 garbage-first heap   total 46080K, used 36374K [0x00000000c3a00000, 0x0000000100000000)
  region size 1024K, 18 young (18432K), 3 survivors (3072K)
 Metaspace       used 39811K, committed 40128K, reserved 1114112K
  class space    used 4558K, committed 4672K, reserved 1048576K
}
Event: 4.194 GC heap after
{Heap after GC invocations=11 (full 0):
 garbage-first heap   total 46080K, used 22857K [0x00000000c3a00000, 0x0000000100000000)
  region size 1024K, 1 young (1024K), 1 survivors (1024K)
 Metaspace       used 39811K, committed 40128K, reserved 1114112K
  class space    used 4558K, committed 4672K, reserved 1048576K
}
Event: 4.605 GC heap before
{Heap before GC invocations=11 (full 0):
 garbage-first heap   total 46080K, used 38217K [0x00000000c3a00000, 0x0000000100000000)
  region size 1024K, 16 young (16384K), 1 survivors (1024K)
 Metaspace       used 43417K, committed 43712K, reserved 1114112K
  class space    used 4958K, committed 5056K, reserved 1048576K
}
Event: 4.609 GC heap after
{Heap after GC invocations=12 (full 0):
 garbage-first heap   total 46080K, used 24521K [0x00000000c3a00000, 0x0000000100000000)
  region size 1024K, 2 young (2048K), 2 survivors (2048K)
 Metaspace       used 43417K, committed 43712K, reserved 1114112K
  class space    used 4958K, committed 5056K, reserved 1048576K
}
Event: 4.916 GC heap before
{Heap before GC invocations=13 (full 0):
 garbage-first heap   total 46080K, used 38857K [0x00000000c3a00000, 0x0000000100000000)
  region size 1024K, 17 young (17408K), 2 survivors (2048K)
 Metaspace       used 45940K, committed 46208K, reserved 1114112K
  class space    used 5216K, committed 5312K, reserved 1048576K
}
Event: 4.921 GC heap after
{Heap after GC invocations=14 (full 0):
 garbage-first heap   total 46080K, used 26401K [0x00000000c3a00000, 0x0000000100000000)
  region size 1024K, 3 young (3072K), 3 survivors (3072K)
 Metaspace       used 45940K, committed 46208K, reserved 1114112K
  class space    used 5216K, committed 5312K, reserved 1048576K
}
Event: 5.175 GC heap before
{Heap before GC invocations=14 (full 0):
 garbage-first heap   total 46080K, used 38689K [0x00000000c3a00000, 0x0000000100000000)
  region size 1024K, 16 young (16384K), 3 survivors (3072K)
 Metaspace       used 48276K, committed 48640K, reserved 1114112K
  class space    used 5456K, committed 5632K, reserved 1048576K
}
Event: 5.186 GC heap after
{Heap after GC invocations=15 (full 0):
 garbage-first heap   total 46080K, used 28043K [0x00000000c3a00000, 0x0000000100000000)
  region size 1024K, 2 young (2048K), 2 survivors (2048K)
 Metaspace       used 48276K, committed 48640K, reserved 1114112K
  class space    used 5456K, committed 5632K, reserved 1048576K
}

