# JRE version: OpenJDK Runtime Environment Temurin-21.0.7+6 (21.0.7+6) (build 21.0.7+6-LTS)
# Java VM: OpenJDK 64-Bit Server VM Temurin-21.0.7+6 (21.0.7+6-LTS, mixed mode, sharing, tiered, compressed oops, compressed class ptrs, g1 gc, windows-amd64)
GC Precious Log:
 CardTable entry size: 512
 Card Set container configuration: InlinePtr #cards 5 size 8 Array Of Cards #cards 12 size 40 Howl #buckets 4 coarsen threshold 1843 Howl Bitmap #cards 512 size 80 coarsen threshold 460 Card regions per heap region 1 cards per card region 2048
 CPUs: 4 total, 4 available
 Memory: 3862M
 Large Page Support: Disabled
 NUMA Support: Disabled
 Compressed Oops: Enabled (32-bit)
 Heap Region Size: 1M
 Heap Min Capacity: 8M
 Heap Initial Capacity: 62M
 Heap Max Capacity: 768M
 Pre-touch: Disabled
 Parallel Workers: 4
 Concurrent Workers: 1
 Concurrent Refinement Workers: 4
 Periodic GC: Disabled
Heap:
 garbage-first heap   total 63488K, used 42688K [0x00000000d0000000, 0x0000000100000000)
  region size 1024K, 28 young (28672K), 5 survivors (5120K)
 Metaspace       used 16008K, committed 16512K, reserved 278528K
  class space    used 2106K, committed 2368K, reserved 212992K
GC Heap History (10 events):
Event: 0.508 GC heap before
{Heap before GC invocations=0 (full 0):
 garbage-first heap   total 63488K, used 12288K [0x00000000d0000000, 0x0000000100000000)
  region size 1024K, 13 young (13312K), 0 survivors (0K)
 Metaspace       used 813K, committed 960K, reserved 278528K
  class space    used 66K, committed 128K, reserved 212992K
}
Event: 0.513 GC heap after
{Heap after GC invocations=1 (full 0):
 garbage-first heap   total 63488K, used 1280K [0x00000000d0000000, 0x0000000100000000)
  region size 1024K, 2 young (2048K), 2 survivors (2048K)
 Metaspace       used 813K, committed 960K, reserved 278528K
  class space    used 66K, committed 128K, reserved 212992K
}
Event: 1.205 GC heap before
{Heap before GC invocations=1 (full 0):
 garbage-first heap   total 63488K, used 28928K [0x00000000d0000000, 0x0000000100000000)
  region size 1024K, 26 young (26624K), 2 survivors (2048K)
 Metaspace       used 3127K, committed 3328K, reserved 278528K
  class space    used 353K, committed 448K, reserved 212992K
}
Event: 1.214 GC heap after
{Heap after GC invocations=2 (full 0):
 garbage-first heap   total 63488K, used 10973K [0x00000000d0000000, 0x0000000100000000)
  region size 1024K, 4 young (4096K), 4 survivors (4096K)
 Metaspace       used 3127K, committed 3328K, reserved 278528K
  class space    used 353K, committed 448K, reserved 212992K
}
Event: 1.913 GC heap before
{Heap before GC invocations=2 (full 0):
 garbage-first heap   total 63488K, used 44765K [0x00000000d0000000, 0x0000000100000000)
  region size 1024K, 37 young (37888K), 4 survivors (4096K)
 Metaspace       used 4599K, committed 4800K, reserved 278528K
  class space    used 564K, committed 640K, reserved 212992K
}
Event: 1.922 GC heap after
{Heap after GC invocations=3 (full 0):
 garbage-first heap   total 63488K, used 12147K [0x00000000d0000000, 0x0000000100000000)
  region size 1024K, 2 young (2048K), 2 survivors (2048K)
 Metaspace       used 4599K, committed 4800K, reserved 278528K
  class space    used 564K, committed 640K, reserved 212992K
}
Event: 2.927 GC heap before
{Heap before GC invocations=3 (full 0):
 garbage-first heap   total 63488K, used 50035K [0x00000000d0000000, 0x0000000100000000)
  region size 1024K, 37 young (37888K), 2 survivors (2048K)
 Metaspace       used 4843K, committed 5056K, reserved 278528K
  class space    used 594K, committed 704K, reserved 212992K
}
Event: 2.937 GC heap after
{Heap after GC invocations=4 (full 0):
 garbage-first heap   total 63488K, used 17057K [0x00000000d0000000, 0x0000000100000000)
  region size 1024K, 5 young (5120K), 5 survivors (5120K)
 Metaspace       used 4843K, committed 5056K, reserved 278528K
  class space    used 594K, committed 704K, reserved 212992K
}
Event: 5.331 GC heap before
{Heap before GC invocations=4 (full 0):
 garbage-first heap   total 63488K, used 49825K [0x00000000d0000000, 0x0000000100000000)
  region size 1024K, 37 young (37888K), 5 survivors (5120K)
 Metaspace       used 11864K, committed 12160K, reserved 278528K
  class space    used 1546K, committed 1664K, reserved 212992K
}
Event: 5.340 GC heap after
{Heap after GC invocations=5 (full 0):
 garbage-first heap   total 63488K, used 21184K [0x00000000d0000000, 0x0000000100000000)
  region size 1024K, 5 young (5120K), 5 survivors (5120K)
 Metaspace       used 11864K, committed 12160K, reserved 278528K
  class space    used 1546K, committed 1664K, reserved 212992K
}

