# JRE version: OpenJDK Runtime Environment Temurin-21.0.7+6 (21.0.7+6) (build 21.0.7+6-LTS)
# Java VM: OpenJDK 64-Bit Server VM Temurin-21.0.7+6 (21.0.7+6-LTS, mixed mode, sharing, tiered, compressed oops, compressed class ptrs, g1 gc, windows-amd64)
GC Precious Log:
 CardTable entry size: 512
 Card Set container configuration: InlinePtr #cards 5 size 8 Array Of Cards #cards 12 size 40 Howl #buckets 4 coarsen threshold 1843 Howl Bitmap #cards 512 size 80 coarsen threshold 460 Card regions per heap region 1 cards per card region 2048
 CPUs: 4 total, 4 available
 Memory: 3862M
 Large Page Support: Disabled
 NUMA Support: Disabled
 Compressed Oops: Enabled (32-bit)
 Heap Region Size: 1M
 Heap Min Capacity: 8M
 Heap Initial Capacity: 62M
 Heap Max Capacity: 966M
 Pre-touch: Disabled
 Parallel Workers: 4
 Concurrent Workers: 1
 Concurrent Refinement Workers: 4
 Periodic GC: Disabled
Heap:
 garbage-first heap   total 117760K, used 97792K [0x00000000c3a00000, 0x0000000100000000)
  region size 1024K, 23 young (23552K), 4 survivors (4096K)
 Metaspace       used 51340K, committed 51712K, reserved 1114112K
  class space    used 5767K, committed 5952K, reserved 1048576K
GC Heap History (20 events):
Event: 6.362 GC heap before
{Heap before GC invocations=7 (full 0):
 garbage-first heap   total 61440K, used 33196K [0x00000000c3a00000, 0x0000000100000000)
  region size 1024K, 13 young (13312K), 2 survivors (2048K)
 Metaspace       used 35802K, committed 36160K, reserved 1114112K
  class space    used 4308K, committed 4480K, reserved 1048576K
}
Event: 6.368 GC heap after
{Heap after GC invocations=8 (full 0):
 garbage-first heap   total 73728K, used 24098K [0x00000000c3a00000, 0x0000000100000000)
  region size 1024K, 3 young (3072K), 3 survivors (3072K)
 Metaspace       used 35802K, committed 36160K, reserved 1114112K
  class space    used 4308K, committed 4480K, reserved 1048576K
}
Event: 8.014 GC heap before
{Heap before GC invocations=9 (full 0):
 garbage-first heap   total 73728K, used 59938K [0x00000000c3a00000, 0x0000000100000000)
  region size 1024K, 39 young (39936K), 3 survivors (3072K)
 Metaspace       used 41487K, committed 41792K, reserved 1114112K
  class space    used 4894K, committed 5056K, reserved 1048576K
}
Event: 8.039 GC heap after
{Heap after GC invocations=10 (full 0):
 garbage-first heap   total 73728K, used 29204K [0x00000000c3a00000, 0x0000000100000000)
  region size 1024K, 5 young (5120K), 5 survivors (5120K)
 Metaspace       used 41487K, committed 41792K, reserved 1114112K
  class space    used 4894K, committed 5056K, reserved 1048576K
}
Event: 8.533 GC heap before
{Heap before GC invocations=10 (full 0):
 garbage-first heap   total 73728K, used 61972K [0x00000000c3a00000, 0x0000000100000000)
  region size 1024K, 36 young (36864K), 5 survivors (5120K)
 Metaspace       used 42304K, committed 42624K, reserved 1114112K
  class space    used 4961K, committed 5120K, reserved 1048576K
}
Event: 8.566 GC heap after
{Heap after GC invocations=11 (full 0):
 garbage-first heap   total 77824K, used 39936K [0x00000000c3a00000, 0x0000000100000000)
  region size 1024K, 5 young (5120K), 5 survivors (5120K)
 Metaspace       used 42304K, committed 42624K, reserved 1114112K
  class space    used 4961K, committed 5120K, reserved 1048576K
}
Event: 8.839 GC heap before
{Heap before GC invocations=11 (full 0):
 garbage-first heap   total 77824K, used 63488K [0x00000000c3a00000, 0x0000000100000000)
  region size 1024K, 28 young (28672K), 5 survivors (5120K)
 Metaspace       used 42834K, committed 43136K, reserved 1114112K
  class space    used 4993K, committed 5120K, reserved 1048576K
}
Event: 8.849 GC heap after
{Heap after GC invocations=12 (full 0):
 garbage-first heap   total 77824K, used 47104K [0x00000000c3a00000, 0x0000000100000000)
  region size 1024K, 4 young (4096K), 4 survivors (4096K)
 Metaspace       used 42834K, committed 43136K, reserved 1114112K
  class space    used 4993K, committed 5120K, reserved 1048576K
}
Event: 9.013 GC heap before
{Heap before GC invocations=12 (full 0):
 garbage-first heap   total 77824K, used 64512K [0x00000000c3a00000, 0x0000000100000000)
  region size 1024K, 21 young (21504K), 4 survivors (4096K)
 Metaspace       used 43131K, committed 43392K, reserved 1114112K
  class space    used 5007K, committed 5120K, reserved 1048576K
}
Event: 9.021 GC heap after
{Heap after GC invocations=13 (full 0):
 garbage-first heap   total 77824K, used 53248K [0x00000000c3a00000, 0x0000000100000000)
  region size 1024K, 3 young (3072K), 3 survivors (3072K)
 Metaspace       used 43131K, committed 43392K, reserved 1114112K
  class space    used 5007K, committed 5120K, reserved 1048576K
}
Event: 9.439 GC heap before
{Heap before GC invocations=14 (full 0):
 garbage-first heap   total 89088K, used 66560K [0x00000000c3a00000, 0x0000000100000000)
  region size 1024K, 16 young (16384K), 3 survivors (3072K)
 Metaspace       used 45462K, committed 45760K, reserved 1114112K
  class space    used 5263K, committed 5376K, reserved 1048576K
}
Event: 9.452 GC heap after
{Heap after GC invocations=15 (full 0):
 garbage-first heap   total 89088K, used 55808K [0x00000000c3a00000, 0x0000000100000000)
  region size 1024K, 2 young (2048K), 2 survivors (2048K)
 Metaspace       used 45462K, committed 45760K, reserved 1114112K
  class space    used 5263K, committed 5376K, reserved 1048576K
}
Event: 9.927 GC heap before
{Heap before GC invocations=15 (full 0):
 garbage-first heap   total 89088K, used 74240K [0x00000000c3a00000, 0x0000000100000000)
  region size 1024K, 21 young (21504K), 2 survivors (2048K)
 Metaspace       used 46932K, committed 47296K, reserved 1114112K
  class space    used 5418K, committed 5568K, reserved 1048576K
}
Event: 9.938 GC heap after
{Heap after GC invocations=16 (full 0):
 garbage-first heap   total 117760K, used 59805K [0x00000000c3a00000, 0x0000000100000000)
  region size 1024K, 3 young (3072K), 3 survivors (3072K)
 Metaspace       used 46932K, committed 47296K, reserved 1114112K
  class space    used 5418K, committed 5568K, reserved 1048576K
}
Event: 10.935 GC heap before
{Heap before GC invocations=16 (full 0):
 garbage-first heap   total 117760K, used 93597K [0x00000000c3a00000, 0x0000000100000000)
  region size 1024K, 36 young (36864K), 3 survivors (3072K)
 Metaspace       used 49186K, committed 49600K, reserved 1114112K
  class space    used 5654K, committed 5824K, reserved 1048576K
}
Event: 10.960 GC heap after
{Heap after GC invocations=17 (full 0):
 garbage-first heap   total 117760K, used 66560K [0x00000000c3a00000, 0x0000000100000000)
  region size 1024K, 5 young (5120K), 5 survivors (5120K)
 Metaspace       used 49186K, committed 49600K, reserved 1114112K
  class space    used 5654K, committed 5824K, reserved 1048576K
}
Event: 12.303 GC heap before
{Heap before GC invocations=18 (full 0):
 garbage-first heap   total 117760K, used 97280K [0x00000000c3a00000, 0x0000000100000000)
  region size 1024K, 35 young (35840K), 5 survivors (5120K)
 Metaspace       used 50493K, committed 50880K, reserved 1114112K
  class space    used 5740K, committed 5888K, reserved 1048576K
}
Event: 12.344 GC heap after
{Heap after GC invocations=19 (full 0):
 garbage-first heap   total 117760K, used 73641K [0x00000000c3a00000, 0x0000000100000000)
  region size 1024K, 5 young (5120K), 5 survivors (5120K)
 Metaspace       used 50493K, committed 50880K, reserved 1114112K
  class space    used 5740K, committed 5888K, reserved 1048576K
}
Event: 12.913 GC heap before
{Heap before GC invocations=19 (full 0):
 garbage-first heap   total 117760K, used 100265K [0x00000000c3a00000, 0x0000000100000000)
  region size 1024K, 31 young (31744K), 5 survivors (5120K)
 Metaspace       used 50960K, committed 51264K, reserved 1114112K
  class space    used 5759K, committed 5888K, reserved 1048576K
}
Event: 12.949 GC heap after
{Heap after GC invocations=20 (full 0):
 garbage-first heap   total 117760K, used 79360K [0x00000000c3a00000, 0x0000000100000000)
  region size 1024K, 4 young (4096K), 4 survivors (4096K)
 Metaspace       used 50960K, committed 51264K, reserved 1114112K
  class space    used 5759K, committed 5888K, reserved 1048576K
}

