# JRE version: OpenJDK Runtime Environment Temurin-21.0.7+6 (21.0.7+6) (build 21.0.7+6-LTS)
# Java VM: OpenJDK 64-Bit Server VM Temurin-21.0.7+6 (21.0.7+6-LTS, mixed mode, sharing, tiered, compressed oops, compressed class ptrs, g1 gc, windows-amd64)
GC Precious Log:
 CardTable entry size: 512
 Card Set container configuration: InlinePtr #cards 5 size 8 Array Of Cards #cards 12 size 40 Howl #buckets 4 coarsen threshold 1843 Howl Bitmap #cards 512 size 80 coarsen threshold 460 Card regions per heap region 1 cards per card region 2048
 CPUs: 4 total, 4 available
 Memory: 3862M
 Large Page Support: Disabled
 NUMA Support: Disabled
 Compressed Oops: Enabled (32-bit)
 Heap Region Size: 1M
 Heap Min Capacity: 8M
 Heap Initial Capacity: 62M
 Heap Max Capacity: 1G
 Pre-touch: Disabled
 Parallel Workers: 4
 Concurrent Workers: 1
 Concurrent Refinement Workers: 4
 Periodic GC: Disabled
Heap:
 garbage-first heap   total 320512K, used 278091K [0x00000000c0000000, 0x0000000100000000)
  region size 1024K, 115 young (117760K), 3 survivors (3072K)
 Metaspace       used 193105K, committed 195840K, reserved 409600K
  class space    used 24642K, committed 25984K, reserved 212992K
GC Heap History (20 events):
Event: 353.194 GC heap before
{Heap before GC invocations=141 (full 0):
 garbage-first heap   total 320512K, used 298876K [0x00000000c0000000, 0x0000000100000000)
  region size 1024K, 138 young (141312K), 4 survivors (4096K)
 Metaspace       used 193004K, committed 195712K, reserved 409600K
  class space    used 24639K, committed 25984K, reserved 212992K
}
Event: 353.207 GC heap after
{Heap after GC invocations=142 (full 0):
 garbage-first heap   total 320512K, used 157228K [0x00000000c0000000, 0x0000000100000000)
  region size 1024K, 5 young (5120K), 5 survivors (5120K)
 Metaspace       used 193004K, committed 195712K, reserved 409600K
  class space    used 24639K, committed 25984K, reserved 212992K
}
Event: 353.821 GC heap before
{Heap before GC invocations=142 (full 0):
 garbage-first heap   total 320512K, used 243244K [0x00000000c0000000, 0x0000000100000000)
  region size 1024K, 90 young (92160K), 5 survivors (5120K)
 Metaspace       used 193013K, committed 195712K, reserved 409600K
  class space    used 24639K, committed 25984K, reserved 212992K
}
Event: 353.833 GC heap after
{Heap after GC invocations=143 (full 0):
 garbage-first heap   total 320512K, used 161025K [0x00000000c0000000, 0x0000000100000000)
  region size 1024K, 9 young (9216K), 9 survivors (9216K)
 Metaspace       used 193013K, committed 195712K, reserved 409600K
  class space    used 24639K, committed 25984K, reserved 212992K
}
Event: 356.708 GC heap before
{Heap before GC invocations=144 (full 0):
 garbage-first heap   total 320512K, used 297217K [0x00000000c0000000, 0x0000000100000000)
  region size 1024K, 137 young (140288K), 9 survivors (9216K)
 Metaspace       used 193074K, committed 195776K, reserved 409600K
  class space    used 24642K, committed 25984K, reserved 212992K
}
Event: 356.729 GC heap after
{Heap after GC invocations=145 (full 0):
 garbage-first heap   total 320512K, used 160815K [0x00000000c0000000, 0x0000000100000000)
  region size 1024K, 8 young (8192K), 8 survivors (8192K)
 Metaspace       used 193074K, committed 195776K, reserved 409600K
  class space    used 24642K, committed 25984K, reserved 212992K
}
Event: 357.289 GC heap before
{Heap before GC invocations=145 (full 0):
 garbage-first heap   total 320512K, used 293935K [0x00000000c0000000, 0x0000000100000000)
  region size 1024K, 138 young (141312K), 8 survivors (8192K)
 Metaspace       used 193076K, committed 195776K, reserved 409600K
  class space    used 24642K, committed 25984K, reserved 212992K
}
Event: 357.324 GC heap after
{Heap after GC invocations=146 (full 0):
 garbage-first heap   total 320512K, used 161396K [0x00000000c0000000, 0x0000000100000000)
  region size 1024K, 14 young (14336K), 14 survivors (14336K)
 Metaspace       used 193076K, committed 195776K, reserved 409600K
  class space    used 24642K, committed 25984K, reserved 212992K
}
Event: 357.925 GC heap before
{Heap before GC invocations=146 (full 0):
 garbage-first heap   total 320512K, used 287348K [0x00000000c0000000, 0x0000000100000000)
  region size 1024K, 137 young (140288K), 14 survivors (14336K)
 Metaspace       used 193078K, committed 195776K, reserved 409600K
  class space    used 24642K, committed 25984K, reserved 212992K
}
Event: 357.943 GC heap after
{Heap after GC invocations=147 (full 0):
 garbage-first heap   total 320512K, used 160330K [0x00000000c0000000, 0x0000000100000000)
  region size 1024K, 7 young (7168K), 7 survivors (7168K)
 Metaspace       used 193078K, committed 195776K, reserved 409600K
  class space    used 24642K, committed 25984K, reserved 212992K
}
Event: 358.845 GC heap before
{Heap before GC invocations=148 (full 0):
 garbage-first heap   total 320512K, used 294474K [0x00000000c0000000, 0x0000000100000000)
  region size 1024K, 138 young (141312K), 7 survivors (7168K)
 Metaspace       used 193080K, committed 195776K, reserved 409600K
  class space    used 24642K, committed 25984K, reserved 212992K
}
Event: 358.855 GC heap after
{Heap after GC invocations=149 (full 0):
 garbage-first heap   total 320512K, used 160550K [0x00000000c0000000, 0x0000000100000000)
  region size 1024K, 7 young (7168K), 7 survivors (7168K)
 Metaspace       used 193080K, committed 195776K, reserved 409600K
  class space    used 24642K, committed 25984K, reserved 212992K
}
Event: 359.380 GC heap before
{Heap before GC invocations=149 (full 0):
 garbage-first heap   total 320512K, used 294694K [0x00000000c0000000, 0x0000000100000000)
  region size 1024K, 138 young (141312K), 7 survivors (7168K)
 Metaspace       used 193080K, committed 195776K, reserved 409600K
  class space    used 24642K, committed 25984K, reserved 212992K
}
Event: 359.397 GC heap after
{Heap after GC invocations=150 (full 0):
 garbage-first heap   total 320512K, used 155979K [0x00000000c0000000, 0x0000000100000000)
  region size 1024K, 7 young (7168K), 7 survivors (7168K)
 Metaspace       used 193080K, committed 195776K, reserved 409600K
  class space    used 24642K, committed 25984K, reserved 212992K
}
Event: 360.027 GC heap before
{Heap before GC invocations=150 (full 0):
 garbage-first heap   total 320512K, used 295243K [0x00000000c0000000, 0x0000000100000000)
  region size 1024K, 143 young (146432K), 7 survivors (7168K)
 Metaspace       used 193086K, committed 195776K, reserved 409600K
  class space    used 24642K, committed 25984K, reserved 212992K
}
Event: 360.040 GC heap after
{Heap after GC invocations=151 (full 0):
 garbage-first heap   total 320512K, used 155979K [0x00000000c0000000, 0x0000000100000000)
  region size 1024K, 7 young (7168K), 7 survivors (7168K)
 Metaspace       used 193086K, committed 195776K, reserved 409600K
  class space    used 24642K, committed 25984K, reserved 212992K
}
Event: 361.171 GC heap before
{Heap before GC invocations=152 (full 0):
 garbage-first heap   total 320512K, used 296267K [0x00000000c0000000, 0x0000000100000000)
  region size 1024K, 143 young (146432K), 7 survivors (7168K)
 Metaspace       used 193097K, committed 195776K, reserved 409600K
  class space    used 24642K, committed 25984K, reserved 212992K
}
Event: 361.440 GC heap after
{Heap after GC invocations=153 (full 0):
 garbage-first heap   total 320512K, used 171399K [0x00000000c0000000, 0x0000000100000000)
  region size 1024K, 18 young (18432K), 18 survivors (18432K)
 Metaspace       used 193097K, committed 195776K, reserved 409600K
  class space    used 24642K, committed 25984K, reserved 212992K
}
Event: 362.285 GC heap before
{Heap before GC invocations=153 (full 0):
 garbage-first heap   total 320512K, used 284039K [0x00000000c0000000, 0x0000000100000000)
  region size 1024K, 128 young (131072K), 18 survivors (18432K)
 Metaspace       used 193102K, committed 195776K, reserved 409600K
  class space    used 24642K, committed 25984K, reserved 212992K
}
Event: 362.312 GC heap after
{Heap after GC invocations=154 (full 0):
 garbage-first heap   total 320512K, used 164427K [0x00000000c0000000, 0x0000000100000000)
  region size 1024K, 3 young (3072K), 3 survivors (3072K)
 Metaspace       used 193102K, committed 195776K, reserved 409600K
  class space    used 24642K, committed 25984K, reserved 212992K
}

