# JRE version: OpenJDK Runtime Environment Temurin-21.0.7+6 (21.0.7+6) (build 21.0.7+6-LTS)
# Java VM: OpenJDK 64-Bit Server VM Temurin-21.0.7+6 (21.0.7+6-LTS, mixed mode, sharing, tiered, compressed oops, compressed class ptrs, g1 gc, windows-amd64)
GC Precious Log:
 CardTable entry size: 512
 Card Set container configuration: InlinePtr #cards 5 size 8 Array Of Cards #cards 12 size 40 Howl #buckets 4 coarsen threshold 1843 Howl Bitmap #cards 512 size 80 coarsen threshold 460 Card regions per heap region 1 cards per card region 2048
 CPUs: 4 total, 4 available
 Memory: 3862M
 Large Page Support: Disabled
 NUMA Support: Disabled
 Compressed Oops: Enabled (32-bit)
 Heap Region Size: 1M
 Heap Min Capacity: 8M
 Heap Initial Capacity: 62M
 Heap Max Capacity: 512M
 Pre-touch: Disabled
 Parallel Workers: 4
 Concurrent Workers: 1
 Concurrent Refinement Workers: 4
 Periodic GC: Disabled
Heap:
 garbage-first heap   total 225280K, used 127062K [0x00000000e0000000, 0x0000000100000000)
  region size 1024K, 23 young (23552K), 7 survivors (7168K)
 Metaspace       used 103755K, committed 105728K, reserved 245760K
  class space    used 13498K, committed 14464K, reserved 114688K
GC Heap History (20 events):
Event: 48.525 GC heap before
{Heap before GC invocations=40 (full 0):
 garbage-first heap   total 94208K, used 81130K [0x00000000e0000000, 0x0000000100000000)
  region size 1024K, 21 young (21504K), 4 survivors (4096K)
 Metaspace       used 70460K, committed 72384K, reserved 180224K
  class space    used 10078K, committed 11008K, reserved 114688K
}
Event: 48.542 GC heap after
{Heap after GC invocations=41 (full 0):
 garbage-first heap   total 94208K, used 69632K [0x00000000e0000000, 0x0000000100000000)
  region size 1024K, 3 young (3072K), 3 survivors (3072K)
 Metaspace       used 70460K, committed 72384K, reserved 180224K
  class space    used 10078K, committed 11008K, reserved 114688K
}
Event: 48.855 GC heap before
{Heap before GC invocations=42 (full 0):
 garbage-first heap   total 116736K, used 82944K [0x00000000e0000000, 0x0000000100000000)
  region size 1024K, 16 young (16384K), 3 survivors (3072K)
 Metaspace       used 70460K, committed 72384K, reserved 180224K
  class space    used 10078K, committed 11008K, reserved 114688K
}
Event: 48.863 GC heap after
{Heap after GC invocations=43 (full 0):
 garbage-first heap   total 116736K, used 76473K [0x00000000e0000000, 0x0000000100000000)
  region size 1024K, 2 young (2048K), 2 survivors (2048K)
 Metaspace       used 70460K, committed 72384K, reserved 180224K
  class space    used 10078K, committed 11008K, reserved 114688K
}
Event: 49.048 GC heap before
{Heap before GC invocations=43 (full 0):
 garbage-first heap   total 116736K, used 95929K [0x00000000e0000000, 0x0000000100000000)
  region size 1024K, 21 young (21504K), 2 survivors (2048K)
 Metaspace       used 70460K, committed 72384K, reserved 180224K
  class space    used 10078K, committed 11008K, reserved 114688K
}
Event: 49.058 GC heap after
{Heap after GC invocations=44 (full 0):
 garbage-first heap   total 116736K, used 84992K [0x00000000e0000000, 0x0000000100000000)
  region size 1024K, 3 young (3072K), 3 survivors (3072K)
 Metaspace       used 70460K, committed 72384K, reserved 180224K
  class space    used 10078K, committed 11008K, reserved 114688K
}
Event: 49.084 GC heap before
{Heap before GC invocations=44 (full 0):
 garbage-first heap   total 116736K, used 88064K [0x00000000e0000000, 0x0000000100000000)
  region size 1024K, 7 young (7168K), 3 survivors (3072K)
 Metaspace       used 70460K, committed 72384K, reserved 180224K
  class space    used 10078K, committed 11008K, reserved 114688K
}
Event: 49.088 GC heap after
{Heap after GC invocations=45 (full 0):
 garbage-first heap   total 116736K, used 88496K [0x00000000e0000000, 0x0000000100000000)
  region size 1024K, 3 young (3072K), 3 survivors (3072K)
 Metaspace       used 70460K, committed 72384K, reserved 180224K
  class space    used 10078K, committed 11008K, reserved 114688K
}
Event: 49.362 GC heap before
{Heap before GC invocations=46 (full 0):
 garbage-first heap   total 150528K, used 101808K [0x00000000e0000000, 0x0000000100000000)
  region size 1024K, 15 young (15360K), 3 survivors (3072K)
 Metaspace       used 71033K, committed 72896K, reserved 180224K
  class space    used 10145K, committed 11072K, reserved 114688K
}
Event: 49.367 GC heap after
{Heap after GC invocations=47 (full 0):
 garbage-first heap   total 150528K, used 92011K [0x00000000e0000000, 0x0000000100000000)
  region size 1024K, 2 young (2048K), 2 survivors (2048K)
 Metaspace       used 71033K, committed 72896K, reserved 180224K
  class space    used 10145K, committed 11072K, reserved 114688K
}
Event: 50.580 GC heap before
{Heap before GC invocations=47 (full 0):
 garbage-first heap   total 150528K, used 120683K [0x00000000e0000000, 0x0000000100000000)
  region size 1024K, 30 young (30720K), 2 survivors (2048K)
 Metaspace       used 74628K, committed 76544K, reserved 245760K
  class space    used 10499K, committed 11456K, reserved 114688K
}
Event: 50.602 GC heap after
{Heap after GC invocations=48 (full 0):
 garbage-first heap   total 225280K, used 92673K [0x00000000e0000000, 0x0000000100000000)
  region size 1024K, 4 young (4096K), 4 survivors (4096K)
 Metaspace       used 74628K, committed 76544K, reserved 245760K
  class space    used 10499K, committed 11456K, reserved 114688K
}
Event: 53.171 GC heap before
{Heap before GC invocations=48 (full 0):
 garbage-first heap   total 225280K, used 162305K [0x00000000e0000000, 0x0000000100000000)
  region size 1024K, 72 young (73728K), 4 survivors (4096K)
 Metaspace       used 81855K, committed 83776K, reserved 245760K
  class space    used 11204K, committed 12160K, reserved 114688K
}
Event: 53.214 GC heap after
{Heap after GC invocations=49 (full 0):
 garbage-first heap   total 225280K, used 98183K [0x00000000e0000000, 0x0000000100000000)
  region size 1024K, 9 young (9216K), 9 survivors (9216K)
 Metaspace       used 81855K, committed 83776K, reserved 245760K
  class space    used 11204K, committed 12160K, reserved 114688K
}
Event: 57.196 GC heap before
{Heap before GC invocations=50 (full 0):
 garbage-first heap   total 225280K, used 184199K [0x00000000e0000000, 0x0000000100000000)
  region size 1024K, 94 young (96256K), 9 survivors (9216K)
 Metaspace       used 91343K, committed 93312K, reserved 245760K
  class space    used 12150K, committed 13120K, reserved 114688K
}
Event: 57.245 GC heap after
{Heap after GC invocations=51 (full 0):
 garbage-first heap   total 225280K, used 104921K [0x00000000e0000000, 0x0000000100000000)
  region size 1024K, 12 young (12288K), 12 survivors (12288K)
 Metaspace       used 91343K, committed 93312K, reserved 245760K
  class space    used 12150K, committed 13120K, reserved 114688K
}
Event: 62.220 GC heap before
{Heap before GC invocations=51 (full 0):
 garbage-first heap   total 225280K, used 187865K [0x00000000e0000000, 0x0000000100000000)
  region size 1024K, 94 young (96256K), 12 survivors (12288K)
 Metaspace       used 102059K, committed 104000K, reserved 245760K
  class space    used 13323K, committed 14272K, reserved 114688K
}
Event: 62.542 GC heap after
{Heap after GC invocations=52 (full 0):
 garbage-first heap   total 225280K, used 109568K [0x00000000e0000000, 0x0000000100000000)
  region size 1024K, 6 young (6144K), 6 survivors (6144K)
 Metaspace       used 102059K, committed 104000K, reserved 245760K
  class space    used 13323K, committed 14272K, reserved 114688K
}
Event: 64.256 GC heap before
{Heap before GC invocations=52 (full 0):
 garbage-first heap   total 225280K, used 123904K [0x00000000e0000000, 0x0000000100000000)
  region size 1024K, 21 young (21504K), 6 survivors (6144K)
 Metaspace       used 103726K, committed 105728K, reserved 245760K
  class space    used 13498K, committed 14464K, reserved 114688K
}
Event: 64.309 GC heap after
{Heap after GC invocations=53 (full 0):
 garbage-first heap   total 225280K, used 110678K [0x00000000e0000000, 0x0000000100000000)
  region size 1024K, 7 young (7168K), 7 survivors (7168K)
 Metaspace       used 103726K, committed 105728K, reserved 245760K
  class space    used 13498K, committed 14464K, reserved 114688K
}

