# JRE version: OpenJDK Runtime Environment (21.0.9) (build 21.0.9+-14787801-b1163.94)
# Java VM: OpenJDK 64-Bit Server VM (21.0.9+-14787801-b1163.94, mixed mode, tiered, compressed oops, compressed class ptrs, g1 gc, windows-amd64)
GC Precious Log:
 CardTable entry size: 512
 Card Set container configuration: InlinePtr #cards 5 size 8 Array Of Cards #cards 12 size 40 Howl #buckets 4 coarsen threshold 1843 Howl Bitmap #cards 512 size 80 coarsen threshold 460 Card regions per heap region 1 cards per card region 2048
 CPUs: 4 total, 4 available
 Memory: 3862M
 Large Page Support: Disabled
 NUMA Support: Disabled
 Compressed Oops: Enabled (32-bit)
 Heap Region Size: 1M
 Heap Min Capacity: 8M
 Heap Initial Capacity: 62M
 Heap Max Capacity: 966M
 Pre-touch: Disabled
 Parallel Workers: 4
 Concurrent Workers: 1
 Concurrent Refinement Workers: 4
 Periodic GC: Disabled
Heap:
 garbage-first heap   total 110592K, used 81408K [0x00000000c3a00000, 0x0000000100000000)
  region size 1024K, 7 young (7168K), 4 survivors (4096K)
 Metaspace       used 63697K, committed 64000K, reserved 1114112K
  class space    used 7230K, committed 7360K, reserved 1048576K
GC Heap History (20 events):
Event: 32.207 GC heap before
{Heap before GC invocations=18 (full 0):
 garbage-first heap   total 67584K, used 45857K [0x00000000c3a00000, 0x0000000100000000)
  region size 1024K, 10 young (10240K), 2 survivors (2048K)
 Metaspace       used 54173K, committed 54464K, reserved 1114112K
  class space    used 6328K, committed 6464K, reserved 1048576K
}
Event: 32.231 GC heap after
{Heap after GC invocations=19 (full 0):
 garbage-first heap   total 67584K, used 41229K [0x00000000c3a00000, 0x0000000100000000)
  region size 1024K, 2 young (2048K), 2 survivors (2048K)
 Metaspace       used 54173K, committed 54464K, reserved 1114112K
  class space    used 6328K, committed 6464K, reserved 1048576K
}
Event: 32.884 GC heap before
{Heap before GC invocations=20 (full 0):
 garbage-first heap   total 71680K, used 57613K [0x00000000c3a00000, 0x0000000100000000)
  region size 1024K, 17 young (17408K), 2 survivors (2048K)
 Metaspace       used 54184K, committed 54464K, reserved 1114112K
  class space    used 6328K, committed 6464K, reserved 1048576K
}
Event: 32.905 GC heap after
{Heap after GC invocations=21 (full 0):
 garbage-first heap   total 71680K, used 48128K [0x00000000c3a00000, 0x0000000100000000)
  region size 1024K, 3 young (3072K), 3 survivors (3072K)
 Metaspace       used 54184K, committed 54464K, reserved 1114112K
  class space    used 6328K, committed 6464K, reserved 1048576K
}
Event: 33.464 GC heap before
{Heap before GC invocations=21 (full 0):
 garbage-first heap   total 71680K, used 61440K [0x00000000c3a00000, 0x0000000100000000)
  region size 1024K, 16 young (16384K), 3 survivors (3072K)
 Metaspace       used 54368K, committed 54592K, reserved 1114112K
  class space    used 6351K, committed 6464K, reserved 1048576K
}
Event: 33.479 GC heap after
{Heap after GC invocations=22 (full 0):
 garbage-first heap   total 71680K, used 52224K [0x00000000c3a00000, 0x0000000100000000)
  region size 1024K, 2 young (2048K), 2 survivors (2048K)
 Metaspace       used 54368K, committed 54592K, reserved 1114112K
  class space    used 6351K, committed 6464K, reserved 1048576K
}
Event: 34.527 GC heap before
{Heap before GC invocations=22 (full 0):
 garbage-first heap   total 71680K, used 62464K [0x00000000c3a00000, 0x0000000100000000)
  region size 1024K, 12 young (12288K), 2 survivors (2048K)
 Metaspace       used 55451K, committed 55744K, reserved 1114112K
  class space    used 6472K, committed 6592K, reserved 1048576K
}
Event: 34.546 GC heap after
{Heap after GC invocations=23 (full 0):
 garbage-first heap   total 71680K, used 54761K [0x00000000c3a00000, 0x0000000100000000)
  region size 1024K, 2 young (2048K), 2 survivors (2048K)
 Metaspace       used 55451K, committed 55744K, reserved 1114112K
  class space    used 6472K, committed 6592K, reserved 1048576K
}
Event: 35.559 GC heap before
{Heap before GC invocations=24 (full 0):
 garbage-first heap   total 92160K, used 63977K [0x00000000c3a00000, 0x0000000100000000)
  region size 1024K, 11 young (11264K), 2 survivors (2048K)
 Metaspace       used 55902K, committed 56192K, reserved 1114112K
  class space    used 6517K, committed 6656K, reserved 1048576K
}
Event: 35.568 GC heap after
{Heap after GC invocations=25 (full 0):
 garbage-first heap   total 92160K, used 56863K [0x00000000c3a00000, 0x0000000100000000)
  region size 1024K, 2 young (2048K), 2 survivors (2048K)
 Metaspace       used 55902K, committed 56192K, reserved 1114112K
  class space    used 6517K, committed 6656K, reserved 1048576K
}
Event: 37.038 GC heap before
{Heap before GC invocations=25 (full 0):
 garbage-first heap   total 92160K, used 78367K [0x00000000c3a00000, 0x0000000100000000)
  region size 1024K, 23 young (23552K), 2 survivors (2048K)
 Metaspace       used 57091K, committed 57408K, reserved 1114112K
  class space    used 6646K, committed 6784K, reserved 1048576K
}
Event: 37.070 GC heap after
{Heap after GC invocations=26 (full 0):
 garbage-first heap   total 92160K, used 61261K [0x00000000c3a00000, 0x0000000100000000)
  region size 1024K, 3 young (3072K), 3 survivors (3072K)
 Metaspace       used 57091K, committed 57408K, reserved 1114112K
  class space    used 6646K, committed 6784K, reserved 1048576K
}
Event: 38.137 GC heap before
{Heap before GC invocations=26 (full 0):
 garbage-first heap   total 92160K, used 79693K [0x00000000c3a00000, 0x0000000100000000)
  region size 1024K, 21 young (21504K), 3 survivors (3072K)
 Metaspace       used 58027K, committed 58368K, reserved 1114112K
  class space    used 6737K, committed 6848K, reserved 1048576K
}
Event: 38.155 GC heap after
{Heap after GC invocations=27 (full 0):
 garbage-first heap   total 110592K, used 65373K [0x00000000c3a00000, 0x0000000100000000)
  region size 1024K, 3 young (3072K), 3 survivors (3072K)
 Metaspace       used 58027K, committed 58368K, reserved 1114112K
  class space    used 6737K, committed 6848K, reserved 1048576K
}
Event: 41.057 GC heap before
{Heap before GC invocations=28 (full 0):
 garbage-first heap   total 110592K, used 94045K [0x00000000c3a00000, 0x0000000100000000)
  region size 1024K, 31 young (31744K), 3 survivors (3072K)
 Metaspace       used 59384K, committed 59712K, reserved 1114112K
  class space    used 6840K, committed 6976K, reserved 1048576K
}
Event: 41.128 GC heap after
{Heap after GC invocations=29 (full 0):
 garbage-first heap   total 110592K, used 71433K [0x00000000c3a00000, 0x0000000100000000)
  region size 1024K, 4 young (4096K), 4 survivors (4096K)
 Metaspace       used 59384K, committed 59712K, reserved 1114112K
  class space    used 6840K, committed 6976K, reserved 1048576K
}
Event: 43.966 GC heap before
{Heap before GC invocations=29 (full 0):
 garbage-first heap   total 110592K, used 94985K [0x00000000c3a00000, 0x0000000100000000)
  region size 1024K, 27 young (27648K), 4 survivors (4096K)
 Metaspace       used 63035K, committed 63424K, reserved 1114112K
  class space    used 7197K, committed 7360K, reserved 1048576K
}
Event: 44.001 GC heap after
{Heap after GC invocations=30 (full 0):
 garbage-first heap   total 110592K, used 74752K [0x00000000c3a00000, 0x0000000100000000)
  region size 1024K, 3 young (3072K), 3 survivors (3072K)
 Metaspace       used 63035K, committed 63424K, reserved 1114112K
  class space    used 7197K, committed 7360K, reserved 1048576K
}
Event: 45.558 GC heap before
{Heap before GC invocations=30 (full 0):
 garbage-first heap   total 110592K, used 96256K [0x00000000c3a00000, 0x0000000100000000)
  region size 1024K, 25 young (25600K), 3 survivors (3072K)
 Metaspace       used 63678K, committed 64000K, reserved 1114112K
  class space    used 7229K, committed 7360K, reserved 1048576K
}
Event: 45.591 GC heap after
{Heap after GC invocations=31 (full 0):
 garbage-first heap   total 110592K, used 79360K [0x00000000c3a00000, 0x0000000100000000)
  region size 1024K, 4 young (4096K), 4 survivors (4096K)
 Metaspace       used 63678K, committed 64000K, reserved 1114112K
  class space    used 7229K, committed 7360K, reserved 1048576K
}

