# JRE version: OpenJDK Runtime Environment Temurin-21.0.7+6 (21.0.7+6) (build 21.0.7+6-LTS)
# Java VM: OpenJDK 64-Bit Server VM Temurin-21.0.7+6 (21.0.7+6-LTS, mixed mode, sharing, tiered, compressed oops, compressed class ptrs, g1 gc, windows-amd64)
GC Precious Log:
 CardTable entry size: 512
 Card Set container configuration: InlinePtr #cards 5 size 8 Array Of Cards #cards 12 size 40 Howl #buckets 4 coarsen threshold 1843 Howl Bitmap #cards 512 size 80 coarsen threshold 460 Card regions per heap region 1 cards per card region 2048
 CPUs: 4 total, 4 available
 Memory: 3862M
 Large Page Support: Disabled
 NUMA Support: Disabled
 Compressed Oops: Enabled (32-bit)
 Heap Region Size: 1M
 Heap Min Capacity: 8M
 Heap Initial Capacity: 62M
 Heap Max Capacity: 966M
 Pre-touch: Disabled
 Parallel Workers: 4
 Concurrent Workers: 1
 Concurrent Refinement Workers: 4
 Periodic GC: Disabled
Heap:
 garbage-first heap   total 96256K, used 71176K [0x00000000c3a00000, 0x0000000100000000)
  region size 1024K, 12 young (12288K), 3 survivors (3072K)
 Metaspace       used 47538K, committed 47872K, reserved 1114112K
  class space    used 5415K, committed 5568K, reserved 1048576K
GC Heap History (20 events):
Event: 7.689 GC heap before
{Heap before GC invocations=6 (full 0):
 garbage-first heap   total 61440K, used 46841K [0x00000000c3a00000, 0x0000000100000000)
  region size 1024K, 29 young (29696K), 5 survivors (5120K)
 Metaspace       used 33266K, committed 33536K, reserved 1114112K
  class space    used 4036K, committed 4160K, reserved 1048576K
}
Event: 7.700 GC heap after
{Heap after GC invocations=7 (full 0):
 garbage-first heap   total 61440K, used 22948K [0x00000000c3a00000, 0x0000000100000000)
  region size 1024K, 2 young (2048K), 2 survivors (2048K)
 Metaspace       used 33266K, committed 33536K, reserved 1114112K
  class space    used 4036K, committed 4160K, reserved 1048576K
}
Event: 9.201 GC heap before
{Heap before GC invocations=7 (full 0):
 garbage-first heap   total 61440K, used 38308K [0x00000000c3a00000, 0x0000000100000000)
  region size 1024K, 18 young (18432K), 2 survivors (2048K)
 Metaspace       used 35835K, committed 36096K, reserved 1114112K
  class space    used 4264K, committed 4416K, reserved 1048576K
}
Event: 9.212 GC heap after
{Heap after GC invocations=8 (full 0):
 garbage-first heap   total 61440K, used 26013K [0x00000000c3a00000, 0x0000000100000000)
  region size 1024K, 4 young (4096K), 4 survivors (4096K)
 Metaspace       used 35835K, committed 36096K, reserved 1114112K
  class space    used 4264K, committed 4416K, reserved 1048576K
}
Event: 10.771 GC heap before
{Heap before GC invocations=9 (full 0):
 garbage-first heap   total 61440K, used 49565K [0x00000000c3a00000, 0x0000000100000000)
  region size 1024K, 28 young (28672K), 4 survivors (4096K)
 Metaspace       used 40309K, committed 40576K, reserved 1114112K
  class space    used 4734K, committed 4864K, reserved 1048576K
}
Event: 10.785 GC heap after
{Heap after GC invocations=10 (full 0):
 garbage-first heap   total 61440K, used 28977K [0x00000000c3a00000, 0x0000000100000000)
  region size 1024K, 3 young (3072K), 3 survivors (3072K)
 Metaspace       used 40309K, committed 40576K, reserved 1114112K
  class space    used 4734K, committed 4864K, reserved 1048576K
}
Event: 11.587 GC heap before
{Heap before GC invocations=10 (full 0):
 garbage-first heap   total 61440K, used 51505K [0x00000000c3a00000, 0x0000000100000000)
  region size 1024K, 25 young (25600K), 3 survivors (3072K)
 Metaspace       used 41728K, committed 42048K, reserved 1114112K
  class space    used 4859K, committed 4992K, reserved 1048576K
}
Event: 11.602 GC heap after
{Heap after GC invocations=11 (full 0):
 garbage-first heap   total 62464K, used 35328K [0x00000000c3a00000, 0x0000000100000000)
  region size 1024K, 4 young (4096K), 4 survivors (4096K)
 Metaspace       used 41728K, committed 42048K, reserved 1114112K
  class space    used 4859K, committed 4992K, reserved 1048576K
}
Event: 11.706 GC heap before
{Heap before GC invocations=11 (full 0):
 garbage-first heap   total 62464K, used 52736K [0x00000000c3a00000, 0x0000000100000000)
  region size 1024K, 21 young (21504K), 4 survivors (4096K)
 Metaspace       used 41769K, committed 42048K, reserved 1114112K
  class space    used 4859K, committed 4992K, reserved 1048576K
}
Event: 11.721 GC heap after
{Heap after GC invocations=12 (full 0):
 garbage-first heap   total 76800K, used 41984K [0x00000000c3a00000, 0x0000000100000000)
  region size 1024K, 3 young (3072K), 3 survivors (3072K)
 Metaspace       used 41769K, committed 42048K, reserved 1114112K
  class space    used 4859K, committed 4992K, reserved 1048576K
}
Event: 12.565 GC heap before
{Heap before GC invocations=13 (full 0):
 garbage-first heap   total 76800K, used 62464K [0x00000000c3a00000, 0x0000000100000000)
  region size 1024K, 23 young (23552K), 3 survivors (3072K)
 Metaspace       used 42217K, committed 42560K, reserved 1114112K
  class space    used 4888K, committed 5056K, reserved 1048576K
}
Event: 12.585 GC heap after
{Heap after GC invocations=14 (full 0):
 garbage-first heap   total 76800K, used 47616K [0x00000000c3a00000, 0x0000000100000000)
  region size 1024K, 3 young (3072K), 3 survivors (3072K)
 Metaspace       used 42217K, committed 42560K, reserved 1114112K
  class space    used 4888K, committed 5056K, reserved 1048576K
}
Event: 12.816 GC heap before
{Heap before GC invocations=14 (full 0):
 garbage-first heap   total 76800K, used 64000K [0x00000000c3a00000, 0x0000000100000000)
  region size 1024K, 19 young (19456K), 3 survivors (3072K)
 Metaspace       used 42369K, committed 42688K, reserved 1114112K
  class space    used 4891K, committed 5056K, reserved 1048576K
}
Event: 12.828 GC heap after
{Heap after GC invocations=15 (full 0):
 garbage-first heap   total 76800K, used 54272K [0x00000000c3a00000, 0x0000000100000000)
  region size 1024K, 3 young (3072K), 3 survivors (3072K)
 Metaspace       used 42369K, committed 42688K, reserved 1114112K
  class space    used 4891K, committed 5056K, reserved 1048576K
}
Event: 14.115 GC heap before
{Heap before GC invocations=15 (full 0):
 garbage-first heap   total 76800K, used 66560K [0x00000000c3a00000, 0x0000000100000000)
  region size 1024K, 15 young (15360K), 3 survivors (3072K)
 Metaspace       used 43772K, committed 44096K, reserved 1114112K
  class space    used 5044K, committed 5184K, reserved 1048576K
}
Event: 14.126 GC heap after
{Heap after GC invocations=16 (full 0):
 garbage-first heap   total 76800K, used 57344K [0x00000000c3a00000, 0x0000000100000000)
  region size 1024K, 2 young (2048K), 2 survivors (2048K)
 Metaspace       used 43772K, committed 44096K, reserved 1114112K
  class space    used 5044K, committed 5184K, reserved 1048576K
}
Event: 15.230 GC heap before
{Heap before GC invocations=17 (full 0):
 garbage-first heap   total 96256K, used 66560K [0x00000000c3a00000, 0x0000000100000000)
  region size 1024K, 12 young (12288K), 2 survivors (2048K)
 Metaspace       used 46126K, committed 46464K, reserved 1114112K
  class space    used 5289K, committed 5440K, reserved 1048576K
}
Event: 15.247 GC heap after
{Heap after GC invocations=18 (full 0):
 garbage-first heap   total 96256K, used 58797K [0x00000000c3a00000, 0x0000000100000000)
  region size 1024K, 1 young (1024K), 1 survivors (1024K)
 Metaspace       used 46126K, committed 46464K, reserved 1114112K
  class space    used 5289K, committed 5440K, reserved 1048576K
}
Event: 15.970 GC heap before
{Heap before GC invocations=18 (full 0):
 garbage-first heap   total 96256K, used 80301K [0x00000000c3a00000, 0x0000000100000000)
  region size 1024K, 22 young (22528K), 1 survivors (1024K)
 Metaspace       used 47026K, committed 47360K, reserved 1114112K
  class space    used 5375K, committed 5504K, reserved 1048576K
}
Event: 15.994 GC heap after
{Heap after GC invocations=19 (full 0):
 garbage-first heap   total 96256K, used 62984K [0x00000000c3a00000, 0x0000000100000000)
  region size 1024K, 3 young (3072K), 3 survivors (3072K)
 Metaspace       used 47026K, committed 47360K, reserved 1114112K
  class space    used 5375K, committed 5504K, reserved 1048576K
}

