# JRE version: OpenJDK Runtime Environment Temurin-21.0.7+6 (21.0.7+6) (build 21.0.7+6-LTS)
# Java VM: OpenJDK 64-Bit Server VM Temurin-21.0.7+6 (21.0.7+6-LTS, mixed mode, sharing, tiered, compressed oops, compressed class ptrs, g1 gc, windows-amd64)
GC Precious Log:
 CardTable entry size: 512
 Card Set container configuration: InlinePtr #cards 5 size 8 Array Of Cards #cards 12 size 40 Howl #buckets 4 coarsen threshold 1843 Howl Bitmap #cards 512 size 80 coarsen threshold 460 Card regions per heap region 1 cards per card region 2048
 CPUs: 4 total, 4 available
 Memory: 3862M
 Large Page Support: Disabled
 NUMA Support: Disabled
 Compressed Oops: Enabled (32-bit)
 Heap Region Size: 1M
 Heap Min Capacity: 8M
 Heap Initial Capacity: 62M
 Heap Max Capacity: 1G
 Pre-touch: Disabled
 Parallel Workers: 4
 Concurrent Workers: 1
 Concurrent Refinement Workers: 4
 Periodic GC: Disabled
Heap:
 garbage-first heap   total 100352K, used 70110K [0x00000000c0000000, 0x0000000100000000)
  region size 1024K, 2 young (2048K), 2 survivors (2048K)
 Metaspace       used 84524K, committed 86464K, reserved 344064K
  class space    used 11721K, committed 12672K, reserved 212992K
GC Heap History (20 events):
Event: 10.582 GC heap after
{Heap after GC invocations=17 (full 0):
 garbage-first heap   total 76800K, used 37579K [0x00000000c0000000, 0x0000000100000000)
  region size 1024K, 3 young (3072K), 3 survivors (3072K)
 Metaspace       used 47313K, committed 49024K, reserved 278528K
  class space    used 6767K, committed 7616K, reserved 212992K
}
Event: 12.217 GC heap before
{Heap before GC invocations=17 (full 0):
 garbage-first heap   total 76800K, used 68299K [0x00000000c0000000, 0x0000000100000000)
  region size 1024K, 33 young (33792K), 3 survivors (3072K)
 Metaspace       used 56633K, committed 58368K, reserved 278528K
  class space    used 7936K, committed 8832K, reserved 212992K
}
Event: 12.230 GC heap after
{Heap after GC invocations=18 (full 0):
 garbage-first heap   total 76800K, used 40362K [0x00000000c0000000, 0x0000000100000000)
  region size 1024K, 5 young (5120K), 5 survivors (5120K)
 Metaspace       used 56633K, committed 58368K, reserved 278528K
  class space    used 7936K, committed 8832K, reserved 212992K
}
Event: 12.552 GC heap before
{Heap before GC invocations=19 (full 0):
 garbage-first heap   total 76800K, used 65962K [0x00000000c0000000, 0x0000000100000000)
  region size 1024K, 30 young (30720K), 5 survivors (5120K)
 Metaspace       used 57486K, committed 59264K, reserved 278528K
  class space    used 8024K, committed 8896K, reserved 212992K
}
Event: 12.564 GC heap after
{Heap after GC invocations=20 (full 0):
 garbage-first heap   total 76800K, used 45558K [0x00000000c0000000, 0x0000000100000000)
  region size 1024K, 4 young (4096K), 4 survivors (4096K)
 Metaspace       used 57486K, committed 59264K, reserved 278528K
  class space    used 8024K, committed 8896K, reserved 212992K
}
Event: 13.814 GC heap before
{Heap before GC invocations=20 (full 0):
 garbage-first heap   total 76800K, used 67062K [0x00000000c0000000, 0x0000000100000000)
  region size 1024K, 25 young (25600K), 4 survivors (4096K)
 Metaspace       used 60141K, committed 61952K, reserved 278528K
  class space    used 8387K, committed 9280K, reserved 212992K
}
Event: 13.820 GC heap after
{Heap after GC invocations=21 (full 0):
 garbage-first heap   total 96256K, used 46510K [0x00000000c0000000, 0x0000000100000000)
  region size 1024K, 2 young (2048K), 2 survivors (2048K)
 Metaspace       used 60141K, committed 61952K, reserved 278528K
  class space    used 8387K, committed 9280K, reserved 212992K
}
Event: 15.724 GC heap before
{Heap before GC invocations=21 (full 0):
 garbage-first heap   total 96256K, used 82350K [0x00000000c0000000, 0x0000000100000000)
  region size 1024K, 38 young (38912K), 2 survivors (2048K)
 Metaspace       used 64885K, committed 66752K, reserved 278528K
  class space    used 8969K, committed 9920K, reserved 212992K
}
Event: 15.733 GC heap after
{Heap after GC invocations=22 (full 0):
 garbage-first heap   total 96256K, used 47461K [0x00000000c0000000, 0x0000000100000000)
  region size 1024K, 3 young (3072K), 3 survivors (3072K)
 Metaspace       used 64885K, committed 66752K, reserved 278528K
  class space    used 8969K, committed 9920K, reserved 212992K
}
Event: 16.737 GC heap before
{Heap before GC invocations=23 (full 0):
 garbage-first heap   total 96256K, used 85349K [0x00000000c0000000, 0x0000000100000000)
  region size 1024K, 40 young (40960K), 3 survivors (3072K)
 Metaspace       used 71350K, committed 73216K, reserved 278528K
  class space    used 10196K, committed 11136K, reserved 212992K
}
Event: 16.748 GC heap after
{Heap after GC invocations=24 (full 0):
 garbage-first heap   total 96256K, used 48424K [0x00000000c0000000, 0x0000000100000000)
  region size 1024K, 4 young (4096K), 4 survivors (4096K)
 Metaspace       used 71350K, committed 73216K, reserved 278528K
  class space    used 10196K, committed 11136K, reserved 212992K
}
Event: 17.257 GC heap before
{Heap before GC invocations=24 (full 0):
 garbage-first heap   total 96256K, used 85288K [0x00000000c0000000, 0x0000000100000000)
  region size 1024K, 40 young (40960K), 4 survivors (4096K)
 Metaspace       used 76615K, committed 78528K, reserved 344064K
  class space    used 10858K, committed 11776K, reserved 212992K
}
Event: 17.270 GC heap after
{Heap after GC invocations=25 (full 0):
 garbage-first heap   total 96256K, used 49343K [0x00000000c0000000, 0x0000000100000000)
  region size 1024K, 4 young (4096K), 4 survivors (4096K)
 Metaspace       used 76615K, committed 78528K, reserved 344064K
  class space    used 10858K, committed 11776K, reserved 212992K
}
Event: 17.900 GC heap before
{Heap before GC invocations=25 (full 0):
 garbage-first heap   total 96256K, used 85183K [0x00000000c0000000, 0x0000000100000000)
  region size 1024K, 39 young (39936K), 4 survivors (4096K)
 Metaspace       used 79974K, committed 81856K, reserved 344064K
  class space    used 11235K, committed 12160K, reserved 212992K
}
Event: 17.920 GC heap after
{Heap after GC invocations=26 (full 0):
 garbage-first heap   total 97280K, used 57246K [0x00000000c0000000, 0x0000000100000000)
  region size 1024K, 5 young (5120K), 5 survivors (5120K)
 Metaspace       used 79974K, committed 81856K, reserved 344064K
  class space    used 11235K, committed 12160K, reserved 212992K
}
Event: 18.174 GC heap before
{Heap before GC invocations=27 (full 0):
 garbage-first heap   total 97280K, used 84894K [0x00000000c0000000, 0x0000000100000000)
  region size 1024K, 32 young (32768K), 5 survivors (5120K)
 Metaspace       used 80010K, committed 81920K, reserved 344064K
  class space    used 11238K, committed 12160K, reserved 212992K
}
Event: 18.200 GC heap after
{Heap after GC invocations=28 (full 0):
 garbage-first heap   total 100352K, used 66776K [0x00000000c0000000, 0x0000000100000000)
  region size 1024K, 4 young (4096K), 4 survivors (4096K)
 Metaspace       used 80010K, committed 81920K, reserved 344064K
  class space    used 11238K, committed 12160K, reserved 212992K
}
Event: 18.559 GC heap before
{Heap before GC invocations=28 (full 0):
 garbage-first heap   total 100352K, used 86232K [0x00000000c0000000, 0x0000000100000000)
  region size 1024K, 23 young (23552K), 4 survivors (4096K)
 Metaspace       used 81948K, committed 83840K, reserved 344064K
  class space    used 11470K, committed 12416K, reserved 212992K
}
Event: 18.573 GC heap after
{Heap after GC invocations=29 (full 0):
 garbage-first heap   total 100352K, used 68608K [0x00000000c0000000, 0x0000000100000000)
  region size 1024K, 2 young (2048K), 2 survivors (2048K)
 Metaspace       used 81948K, committed 83840K, reserved 344064K
  class space    used 11470K, committed 12416K, reserved 212992K
}
Event: 18.883 GC heap before
{Heap before GC invocations=29 (full 0):
 garbage-first heap   total 100352K, used 87040K [0x00000000c0000000, 0x0000000100000000)
  region size 1024K, 21 young (21504K), 2 survivors (2048K)
 Metaspace       used 84524K, committed 86464K, reserved 344064K
  class space    used 11721K, committed 12672K, reserved 212992K
}

