# JRE version: OpenJDK Runtime Environment Temurin-21.0.7+6 (21.0.7+6) (build 21.0.7+6-LTS)
# Java VM: OpenJDK 64-Bit Server VM Temurin-21.0.7+6 (21.0.7+6-LTS, mixed mode, sharing, tiered, compressed oops, compressed class ptrs, g1 gc, windows-amd64)
GC Precious Log:
 CardTable entry size: 512
 Card Set container configuration: InlinePtr #cards 5 size 8 Array Of Cards #cards 12 size 40 Howl #buckets 4 coarsen threshold 1843 Howl Bitmap #cards 512 size 80 coarsen threshold 460 Card regions per heap region 1 cards per card region 2048
 CPUs: 4 total, 4 available
 Memory: 3862M
 Large Page Support: Disabled
 NUMA Support: Disabled
 Compressed Oops: Enabled (32-bit)
 Heap Region Size: 1M
 Heap Min Capacity: 8M
 Heap Initial Capacity: 62M
 Heap Max Capacity: 1G
 Pre-touch: Disabled
 Parallel Workers: 4
 Concurrent Workers: 1
 Concurrent Refinement Workers: 4
 Periodic GC: Disabled
Heap:
 garbage-first heap   total 107520K, used 64424K [0x00000000c0000000, 0x0000000100000000)
  region size 1024K, 3 young (3072K), 1 survivors (1024K)
 Metaspace       used 58529K, committed 60480K, reserved 278528K
  class space    used 8158K, committed 9152K, reserved 212992K
GC Heap History (20 events):
Event: 14.208 GC heap before
{Heap before GC invocations=19 (full 0):
 garbage-first heap   total 76800K, used 65502K [0x00000000c0000000, 0x0000000100000000)
  region size 1024K, 32 young (32768K), 4 survivors (4096K)
 Metaspace       used 52388K, committed 54272K, reserved 278528K
  class space    used 7554K, committed 8512K, reserved 212992K
}
Event: 14.214 GC heap after
{Heap after GC invocations=20 (full 0):
 garbage-first heap   total 76800K, used 39384K [0x00000000c0000000, 0x0000000100000000)
  region size 1024K, 3 young (3072K), 3 survivors (3072K)
 Metaspace       used 52388K, committed 54272K, reserved 278528K
  class space    used 7554K, committed 8512K, reserved 212992K
}
Event: 16.315 GC heap before
{Heap before GC invocations=21 (full 0):
 garbage-first heap   total 76800K, used 67032K [0x00000000c0000000, 0x0000000100000000)
  region size 1024K, 31 young (31744K), 3 survivors (3072K)
 Metaspace       used 53697K, committed 55552K, reserved 278528K
  class space    used 7668K, committed 8576K, reserved 212992K
}
Event: 16.323 GC heap after
{Heap after GC invocations=22 (full 0):
 garbage-first heap   total 76800K, used 42649K [0x00000000c0000000, 0x0000000100000000)
  region size 1024K, 4 young (4096K), 4 survivors (4096K)
 Metaspace       used 53697K, committed 55552K, reserved 278528K
  class space    used 7668K, committed 8576K, reserved 212992K
}
Event: 19.406 GC heap before
{Heap before GC invocations=22 (full 0):
 garbage-first heap   total 76800K, used 66201K [0x00000000c0000000, 0x0000000100000000)
  region size 1024K, 28 young (28672K), 4 survivors (4096K)
 Metaspace       used 54008K, committed 55872K, reserved 278528K
  class space    used 7669K, committed 8576K, reserved 212992K
}
Event: 19.413 GC heap after
{Heap after GC invocations=23 (full 0):
 garbage-first heap   total 76800K, used 44379K [0x00000000c0000000, 0x0000000100000000)
  region size 1024K, 2 young (2048K), 2 survivors (2048K)
 Metaspace       used 54008K, committed 55872K, reserved 278528K
  class space    used 7669K, committed 8576K, reserved 212992K
}
Event: 22.477 GC heap before
{Heap before GC invocations=23 (full 0):
 garbage-first heap   total 76800K, used 68955K [0x00000000c0000000, 0x0000000100000000)
  region size 1024K, 26 young (26624K), 2 survivors (2048K)
 Metaspace       used 54233K, committed 56064K, reserved 278528K
  class space    used 7669K, committed 8576K, reserved 212992K
}
Event: 22.481 GC heap after
{Heap after GC invocations=24 (full 0):
 garbage-first heap   total 76800K, used 45314K [0x00000000c0000000, 0x0000000100000000)
  region size 1024K, 3 young (3072K), 3 survivors (3072K)
 Metaspace       used 54233K, committed 56064K, reserved 278528K
  class space    used 7669K, committed 8576K, reserved 212992K
}
Event: 25.181 GC heap before
{Heap before GC invocations=25 (full 0):
 garbage-first heap   total 76800K, used 67842K [0x00000000c0000000, 0x0000000100000000)
  region size 1024K, 25 young (25600K), 3 survivors (3072K)
 Metaspace       used 54275K, committed 56128K, reserved 278528K
  class space    used 7669K, committed 8576K, reserved 212992K
}
Event: 25.185 GC heap after
{Heap after GC invocations=26 (full 0):
 garbage-first heap   total 76800K, used 46578K [0x00000000c0000000, 0x0000000100000000)
  region size 1024K, 3 young (3072K), 3 survivors (3072K)
 Metaspace       used 54275K, committed 56128K, reserved 278528K
  class space    used 7669K, committed 8576K, reserved 212992K
}
Event: 26.657 GC heap before
{Heap before GC invocations=26 (full 0):
 garbage-first heap   total 76800K, used 72178K [0x00000000c0000000, 0x0000000100000000)
  region size 1024K, 24 young (24576K), 3 survivors (3072K)
 Metaspace       used 54821K, committed 56640K, reserved 278528K
  class space    used 7758K, committed 8640K, reserved 212992K
}
Event: 26.664 GC heap after
{Heap after GC invocations=27 (full 0):
 garbage-first heap   total 80896K, used 54802K [0x00000000c0000000, 0x0000000100000000)
  region size 1024K, 3 young (3072K), 3 survivors (3072K)
 Metaspace       used 54821K, committed 56640K, reserved 278528K
  class space    used 7758K, committed 8640K, reserved 212992K
}
Event: 26.706 GC heap before
{Heap before GC invocations=27 (full 0):
 garbage-first heap   total 80896K, used 54802K [0x00000000c0000000, 0x0000000100000000)
  region size 1024K, 5 young (5120K), 3 survivors (3072K)
 Metaspace       used 54821K, committed 56640K, reserved 278528K
  class space    used 7758K, committed 8640K, reserved 212992K
}
Event: 26.708 GC heap after
{Heap after GC invocations=28 (full 0):
 garbage-first heap   total 80896K, used 56779K [0x00000000c0000000, 0x0000000100000000)
  region size 1024K, 2 young (2048K), 2 survivors (2048K)
 Metaspace       used 54821K, committed 56640K, reserved 278528K
  class space    used 7758K, committed 8640K, reserved 212992K
}
Event: 27.079 GC heap before
{Heap before GC invocations=29 (full 0):
 garbage-first heap   total 99328K, used 69067K [0x00000000c0000000, 0x0000000100000000)
  region size 1024K, 12 young (12288K), 2 survivors (2048K)
 Metaspace       used 55372K, committed 57216K, reserved 278528K
  class space    used 7812K, committed 8704K, reserved 212992K
}
Event: 27.086 GC heap after
{Heap after GC invocations=30 (full 0):
 garbage-first heap   total 99328K, used 60426K [0x00000000c0000000, 0x0000000100000000)
  region size 1024K, 2 young (2048K), 2 survivors (2048K)
 Metaspace       used 55372K, committed 57216K, reserved 278528K
  class space    used 7812K, committed 8704K, reserved 212992K
}
Event: 27.550 GC heap before
{Heap before GC invocations=30 (full 0):
 garbage-first heap   total 99328K, used 79882K [0x00000000c0000000, 0x0000000100000000)
  region size 1024K, 21 young (21504K), 2 survivors (2048K)
 Metaspace       used 56670K, committed 58560K, reserved 278528K
  class space    used 7980K, committed 8896K, reserved 212992K
}
Event: 27.554 GC heap after
{Heap after GC invocations=31 (full 0):
 garbage-first heap   total 99328K, used 63004K [0x00000000c0000000, 0x0000000100000000)
  region size 1024K, 3 young (3072K), 3 survivors (3072K)
 Metaspace       used 56670K, committed 58560K, reserved 278528K
  class space    used 7980K, committed 8896K, reserved 212992K
}
Event: 28.001 GC heap before
{Heap before GC invocations=31 (full 0):
 garbage-first heap   total 99328K, used 82460K [0x00000000c0000000, 0x0000000100000000)
  region size 1024K, 22 young (22528K), 3 survivors (3072K)
 Metaspace       used 58437K, committed 60416K, reserved 278528K
  class space    used 8145K, committed 9152K, reserved 212992K
}
Event: 28.008 GC heap after
{Heap after GC invocations=32 (full 0):
 garbage-first heap   total 99328K, used 63400K [0x00000000c0000000, 0x0000000100000000)
  region size 1024K, 1 young (1024K), 1 survivors (1024K)
 Metaspace       used 58437K, committed 60416K, reserved 278528K
  class space    used 8145K, committed 9152K, reserved 212992K
}

