# JRE version: OpenJDK Runtime Environment (21.0.9) (build 21.0.9+-14787801-b1163.94)
# Java VM: OpenJDK 64-Bit Server VM (21.0.9+-14787801-b1163.94, mixed mode, tiered, compressed oops, compressed class ptrs, g1 gc, windows-amd64)
GC Precious Log:
 CardTable entry size: 512
 Card Set container configuration: InlinePtr #cards 5 size 8 Array Of Cards #cards 12 size 40 Howl #buckets 4 coarsen threshold 1843 Howl Bitmap #cards 512 size 80 coarsen threshold 460 Card regions per heap region 1 cards per card region 2048
 CPUs: 4 total, 4 available
 Memory: 3862M
 Large Page Support: Disabled
 NUMA Support: Disabled
 Compressed Oops: Enabled (32-bit)
 Heap Region Size: 1M
 Heap Min Capacity: 8M
 Heap Initial Capacity: 62M
 Heap Max Capacity: 2G
 Pre-touch: Disabled
 Parallel Workers: 4
 Concurrent Workers: 1
 Concurrent Refinement Workers: 4
 Periodic GC: Disabled
Heap:
 garbage-first heap   total 106496K, used 84639K [0x0000000080000000, 0x0000000100000000)
  region size 1024K, 27 young (27648K), 6 survivors (6144K)
 Metaspace       used 70770K, committed 72512K, reserved 1114112K
  class space    used 9889K, committed 10688K, reserved 1048576K
GC Heap History (20 events):
Event: 17.690 GC heap before
{Heap before GC invocations=33 (full 0):
 garbage-first heap   total 78848K, used 69120K [0x0000000080000000, 0x0000000100000000)
  region size 1024K, 26 young (26624K), 3 survivors (3072K)
 Metaspace       used 66901K, committed 68608K, reserved 1114112K
  class space    used 9434K, committed 10240K, reserved 1048576K
}
Event: 17.693 GC heap after
{Heap after GC invocations=34 (full 0):
 garbage-first heap   total 78848K, used 45717K [0x0000000080000000, 0x0000000100000000)
  region size 1024K, 3 young (3072K), 3 survivors (3072K)
 Metaspace       used 66901K, committed 68608K, reserved 1114112K
  class space    used 9434K, committed 10240K, reserved 1048576K
}
Event: 18.022 GC heap before
{Heap before GC invocations=34 (full 0):
 garbage-first heap   total 78848K, used 72341K [0x0000000080000000, 0x0000000100000000)
  region size 1024K, 29 young (29696K), 3 survivors (3072K)
 Metaspace       used 66912K, committed 68608K, reserved 1114112K
  class space    used 9434K, committed 10240K, reserved 1048576K
}
Event: 18.027 GC heap after
{Heap after GC invocations=35 (full 0):
 garbage-first heap   total 95232K, used 46092K [0x0000000080000000, 0x0000000100000000)
  region size 1024K, 3 young (3072K), 3 survivors (3072K)
 Metaspace       used 66912K, committed 68608K, reserved 1114112K
  class space    used 9434K, committed 10240K, reserved 1048576K
}
Event: 18.532 GC heap before
{Heap before GC invocations=35 (full 0):
 garbage-first heap   total 95232K, used 87052K [0x0000000080000000, 0x0000000100000000)
  region size 1024K, 44 young (45056K), 3 survivors (3072K)
 Metaspace       used 66979K, committed 68672K, reserved 1114112K
  class space    used 9434K, committed 10240K, reserved 1048576K
}
Event: 18.536 GC heap after
{Heap after GC invocations=36 (full 0):
 garbage-first heap   total 95232K, used 46483K [0x0000000080000000, 0x0000000100000000)
  region size 1024K, 3 young (3072K), 3 survivors (3072K)
 Metaspace       used 66979K, committed 68672K, reserved 1114112K
  class space    used 9434K, committed 10240K, reserved 1048576K
}
Event: 19.142 GC heap before
{Heap before GC invocations=37 (full 0):
 garbage-first heap   total 95232K, used 88467K [0x0000000080000000, 0x0000000100000000)
  region size 1024K, 44 young (45056K), 3 survivors (3072K)
 Metaspace       used 66979K, committed 68672K, reserved 1114112K
  class space    used 9434K, committed 10240K, reserved 1048576K
}
Event: 19.146 GC heap after
{Heap after GC invocations=38 (full 0):
 garbage-first heap   total 95232K, used 47022K [0x0000000080000000, 0x0000000100000000)
  region size 1024K, 4 young (4096K), 4 survivors (4096K)
 Metaspace       used 66979K, committed 68672K, reserved 1114112K
  class space    used 9434K, committed 10240K, reserved 1048576K
}
Event: 19.538 GC heap before
{Heap before GC invocations=38 (full 0):
 garbage-first heap   total 95232K, used 87982K [0x0000000080000000, 0x0000000100000000)
  region size 1024K, 44 young (45056K), 4 survivors (4096K)
 Metaspace       used 66997K, committed 68736K, reserved 1114112K
  class space    used 9434K, committed 10240K, reserved 1048576K
}
Event: 19.543 GC heap after
{Heap after GC invocations=39 (full 0):
 garbage-first heap   total 95232K, used 47043K [0x0000000080000000, 0x0000000100000000)
  region size 1024K, 4 young (4096K), 4 survivors (4096K)
 Metaspace       used 66997K, committed 68736K, reserved 1114112K
  class space    used 9434K, committed 10240K, reserved 1048576K
}
Event: 19.832 GC heap before
{Heap before GC invocations=39 (full 0):
 garbage-first heap   total 95232K, used 86979K [0x0000000080000000, 0x0000000100000000)
  region size 1024K, 44 young (45056K), 4 survivors (4096K)
 Metaspace       used 66999K, committed 68736K, reserved 1114112K
  class space    used 9434K, committed 10240K, reserved 1048576K
}
Event: 19.838 GC heap after
{Heap after GC invocations=40 (full 0):
 garbage-first heap   total 95232K, used 47426K [0x0000000080000000, 0x0000000100000000)
  region size 1024K, 4 young (4096K), 4 survivors (4096K)
 Metaspace       used 66999K, committed 68736K, reserved 1114112K
  class space    used 9434K, committed 10240K, reserved 1048576K
}
Event: 20.534 GC heap before
{Heap before GC invocations=41 (full 0):
 garbage-first heap   total 95232K, used 88386K [0x0000000080000000, 0x0000000100000000)
  region size 1024K, 44 young (45056K), 4 survivors (4096K)
 Metaspace       used 67002K, committed 68736K, reserved 1114112K
  class space    used 9434K, committed 10240K, reserved 1048576K
}
Event: 20.538 GC heap after
{Heap after GC invocations=42 (full 0):
 garbage-first heap   total 95232K, used 48039K [0x0000000080000000, 0x0000000100000000)
  region size 1024K, 4 young (4096K), 4 survivors (4096K)
 Metaspace       used 67002K, committed 68736K, reserved 1114112K
  class space    used 9434K, committed 10240K, reserved 1048576K
}
Event: 20.824 GC heap before
{Heap before GC invocations=42 (full 0):
 garbage-first heap   total 95232K, used 87975K [0x0000000080000000, 0x0000000100000000)
  region size 1024K, 43 young (44032K), 4 survivors (4096K)
 Metaspace       used 67003K, committed 68736K, reserved 1114112K
  class space    used 9434K, committed 10240K, reserved 1048576K
}
Event: 20.831 GC heap after
{Heap after GC invocations=43 (full 0):
 garbage-first heap   total 95232K, used 48194K [0x0000000080000000, 0x0000000100000000)
  region size 1024K, 4 young (4096K), 4 survivors (4096K)
 Metaspace       used 67003K, committed 68736K, reserved 1114112K
  class space    used 9434K, committed 10240K, reserved 1048576K
}
Event: 21.296 GC heap before
{Heap before GC invocations=43 (full 0):
 garbage-first heap   total 95232K, used 65602K [0x0000000080000000, 0x0000000100000000)
  region size 1024K, 22 young (22528K), 4 survivors (4096K)
 Metaspace       used 67125K, committed 68800K, reserved 1114112K
  class space    used 9450K, committed 10240K, reserved 1048576K
}
Event: 21.300 GC heap after
{Heap after GC invocations=44 (full 0):
 garbage-first heap   total 95232K, used 48941K [0x0000000080000000, 0x0000000100000000)
  region size 1024K, 4 young (4096K), 4 survivors (4096K)
 Metaspace       used 67125K, committed 68800K, reserved 1114112K
  class space    used 9450K, committed 10240K, reserved 1048576K
}
Event: 23.620 GC heap before
{Heap before GC invocations=45 (full 0):
 garbage-first heap   total 95232K, used 92973K [0x0000000080000000, 0x0000000100000000)
  region size 1024K, 39 young (39936K), 4 survivors (4096K)
 Metaspace       used 68893K, committed 70592K, reserved 1114112K
  class space    used 9684K, committed 10496K, reserved 1048576K
}
Event: 23.689 GC heap after
{Heap after GC invocations=46 (full 0):
 garbage-first heap   total 106496K, used 65183K [0x0000000080000000, 0x0000000100000000)
  region size 1024K, 6 young (6144K), 6 survivors (6144K)
 Metaspace       used 68893K, committed 70592K, reserved 1114112K
  class space    used 9684K, committed 10496K, reserved 1048576K
}

